<?xml version="1.0" encoding="UTF-8"?>
<coverage generated="1783835644133" clover="3.2.0">
  <project timestamp="1783835644133" name="All files">
    <metrics statements="2062" coveredstatements="1936" conditionals="894" coveredconditionals="701" methods="543" coveredmethods="491" elements="3499" coveredelements="3128" complexity="0" loc="2062" ncloc="2062" packages="7" files="27" classes="27"/>
    <package name="ducks">
      <metrics statements="484" coveredstatements="429" conditionals="164" coveredconditionals="137" methods="141" coveredmethods="115"/>
      <file name="ResultsScreen.logic.ts" path="C:\Users\sudho\Desktop\Budgeting_App\budget-tracker\src\ducks\ResultsScreen.logic.ts">
        <metrics statements="29" coveredstatements="29" conditionals="6" coveredconditionals="5" methods="8" coveredmethods="8"/>
        <line num="7" count="1" type="stmt"/>
        <line num="10" count="1" type="stmt"/>
        <line num="24" count="1" type="stmt"/>
        <line num="25" count="5" type="stmt"/>
        <line num="26" count="5" type="cond" truecount="1" falsecount="0"/>
        <line num="27" count="4" type="stmt"/>
        <line num="28" count="4" type="stmt"/>
        <line num="29" count="4" type="stmt"/>
        <line num="30" count="4" type="stmt"/>
        <line num="31" count="24" type="stmt"/>
        <line num="32" count="24" type="stmt"/>
        <line num="33" count="24" type="stmt"/>
        <line num="34" count="4" type="stmt"/>
        <line num="35" count="4" type="stmt"/>
        <line num="37" count="24" type="stmt"/>
        <line num="42" count="4" type="stmt"/>
        <line num="56" count="1" type="stmt"/>
        <line num="60" count="6" type="stmt"/>
        <line num="63" count="1" type="stmt"/>
        <line num="70" count="1" type="stmt"/>
        <line num="71" count="6" type="cond" truecount="2" falsecount="0"/>
        <line num="72" count="4" type="stmt"/>
        <line num="73" count="12" type="cond" truecount="1" falsecount="0"/>
        <line num="75" count="1" type="stmt"/>
        <line num="81" count="1" type="stmt"/>
        <line num="82" count="9" type="stmt"/>
        <line num="85" count="1" type="stmt"/>
        <line num="96" count="1" type="stmt"/>
        <line num="97" count="4" type="stmt"/>
      </file>
      <file name="appEngine.ts" path="C:\Users\sudho\Desktop\Budgeting_App\budget-tracker\src\ducks\appEngine.ts">
        <metrics statements="49" coveredstatements="0" conditionals="16" coveredconditionals="0" methods="21" coveredmethods="0"/>
        <line num="5" count="0" type="stmt"/>
        <line num="6" count="0" type="stmt"/>
        <line num="7" count="0" type="stmt"/>
        <line num="8" count="0" type="stmt"/>
        <line num="14" count="0" type="stmt"/>
        <line num="15" count="0" type="stmt"/>
        <line num="18" count="0" type="stmt"/>
        <line num="19" count="0" type="stmt"/>
        <line num="27" count="0" type="stmt"/>
        <line num="28" count="0" type="stmt"/>
        <line num="30" count="0" type="stmt"/>
        <line num="31" count="0" type="cond" truecount="0" falsecount="4"/>
        <line num="34" count="0" type="stmt"/>
        <line num="38" count="0" type="stmt"/>
        <line num="39" count="0" type="cond" truecount="0" falsecount="1"/>
        <line num="40" count="0" type="stmt"/>
        <line num="41" count="0" type="stmt"/>
        <line num="44" count="0" type="stmt"/>
        <line num="46" count="0" type="cond" truecount="0" falsecount="2"/>
        <line num="49" count="0" type="stmt"/>
        <line num="57" count="0" type="stmt"/>
        <line num="58" count="0" type="cond" truecount="0" falsecount="1"/>
        <line num="59" count="0" type="stmt"/>
        <line num="60" count="0" type="stmt"/>
        <line num="61" count="0" type="stmt"/>
        <line num="62" count="0" type="stmt"/>
        <line num="66" count="0" type="stmt"/>
        <line num="75" count="0" type="cond" truecount="0" falsecount="1"/>
        <line num="76" count="0" type="stmt"/>
        <line num="77" count="0" type="stmt"/>
        <line num="78" count="0" type="stmt"/>
        <line num="79" count="0" type="stmt"/>
        <line num="82" count="0" type="cond" truecount="0" falsecount="1"/>
        <line num="83" count="0" type="cond" truecount="0" falsecount="2"/>
        <line num="87" count="0" type="cond" truecount="0" falsecount="1"/>
        <line num="89" count="0" type="stmt"/>
        <line num="90" count="0" type="stmt"/>
        <line num="93" count="0" type="stmt"/>
        <line num="102" count="0" type="cond" truecount="0" falsecount="1"/>
        <line num="103" count="0" type="stmt"/>
        <line num="104" count="0" type="stmt"/>
        <line num="105" count="0" type="stmt"/>
        <line num="106" count="0" type="stmt"/>
        <line num="107" count="0" type="stmt"/>
        <line num="110" count="0" type="cond" truecount="0" falsecount="1"/>
        <line num="113" count="0" type="cond" truecount="0" falsecount="1"/>
        <line num="115" count="0" type="stmt"/>
        <line num="116" count="0" type="stmt"/>
        <line num="119" count="0" type="stmt"/>
      </file>
      <file name="copy.ts" path="C:\Users\sudho\Desktop\Budgeting_App\budget-tracker\src\ducks\copy.ts">
        <metrics statements="37" coveredstatements="37" conditionals="11" coveredconditionals="10" methods="6" coveredmethods="6"/>
        <line num="13" count="1" type="stmt"/>
        <line num="19" count="1" type="stmt"/>
        <line num="20" count="4" type="stmt"/>
        <line num="21" count="4" type="stmt"/>
        <line num="22" count="4" type="stmt"/>
        <line num="23" count="4" type="cond" truecount="2" falsecount="0"/>
        <line num="27" count="1" type="stmt"/>
        <line num="28" count="6" type="stmt"/>
        <line num="29" count="6" type="stmt"/>
        <line num="30" count="6" type="stmt"/>
        <line num="31" count="6" type="cond" truecount="1" falsecount="1"/>
        <line num="39" count="1" type="stmt"/>
        <line num="40" count="2" type="stmt"/>
        <line num="44" count="1" type="stmt"/>
        <line num="45" count="2" type="stmt"/>
        <line num="49" count="1" type="stmt"/>
        <line num="61" count="1" type="stmt"/>
        <line num="77" count="1" type="stmt"/>
        <line num="78" count="32" type="stmt"/>
        <line num="79" count="32" type="stmt"/>
        <line num="80" count="32" type="stmt"/>
        <line num="87" count="1" type="stmt"/>
        <line num="88" count="39" type="cond" truecount="1" falsecount="0"/>
        <line num="89" count="19" type="cond" truecount="1" falsecount="0"/>
        <line num="90" count="15" type="stmt"/>
        <line num="91" count="15" type="stmt"/>
        <line num="93" count="4" type="stmt"/>
        <line num="95" count="20" type="cond" truecount="4" falsecount="0"/>
        <line num="97" count="15" type="cond" truecount="1" falsecount="0"/>
        <line num="98" count="14" type="stmt"/>
        <line num="99" count="14" type="stmt"/>
        <line num="101" count="1" type="stmt"/>
        <line num="103" count="2" type="stmt"/>
        <line num="105" count="1" type="stmt"/>
        <line num="107" count="2" type="stmt"/>
        <line num="112" count="1" type="stmt"/>
        <line num="113" count="1" type="stmt"/>
      </file>
      <file name="engine.ts" path="C:\Users\sudho\Desktop\Budgeting_App\budget-tracker\src\ducks\engine.ts">
        <metrics statements="116" coveredstatements="116" conditionals="51" coveredconditionals="51" methods="34" coveredmethods="34"/>
        <line num="14" count="4" type="stmt"/>
        <line num="77" count="4" type="stmt"/>
        <line num="92" count="4" type="stmt"/>
        <line num="94" count="11" type="stmt"/>
        <line num="95" count="11" type="stmt"/>
        <line num="115" count="4" type="stmt"/>
        <line num="116" count="322" type="stmt"/>
        <line num="119" count="124" type="stmt"/>
        <line num="142" count="4" type="stmt"/>
        <line num="151" count="90" type="stmt"/>
        <line num="152" count="90" type="stmt"/>
        <line num="153" count="90" type="stmt"/>
        <line num="154" count="90" type="stmt"/>
        <line num="155" count="95" type="cond" truecount="2" falsecount="0"/>
        <line num="156" count="90" type="cond" truecount="2" falsecount="0"/>
        <line num="167" count="122" type="stmt"/>
        <line num="169" count="122" type="cond" truecount="2" falsecount="0"/>
        <line num="174" count="122" type="stmt"/>
        <line num="195" count="122" type="cond" truecount="2" falsecount="0"/>
        <line num="196" count="122" type="cond" truecount="1" falsecount="0"/>
        <line num="197" count="106" type="stmt"/>
        <line num="198" count="96" type="stmt"/>
        <line num="199" count="96" type="cond" truecount="1" falsecount="0"/>
        <line num="200" count="66" type="stmt"/>
        <line num="201" count="75" type="stmt"/>
        <line num="202" count="75" type="stmt"/>
        <line num="204" count="66" type="stmt"/>
        <line num="206" count="30" type="stmt"/>
        <line num="207" count="30" type="stmt"/>
        <line num="208" count="30" type="stmt"/>
        <line num="210" count="30" type="stmt"/>
        <line num="231" count="122" type="stmt"/>
        <line num="234" count="122" type="cond" truecount="2" falsecount="0"/>
        <line num="235" count="15" type="stmt"/>
        <line num="236" count="15" type="cond" truecount="2" falsecount="0"/>
        <line num="240" count="107" type="stmt"/>
        <line num="242" count="107" type="stmt"/>
        <line num="243" count="107" type="stmt"/>
        <line num="245" count="122" type="stmt"/>
        <line num="256" count="122" type="cond" truecount="2" falsecount="0"/>
        <line num="257" count="122" type="cond" truecount="1" falsecount="0"/>
        <line num="258" count="96" type="stmt"/>
        <line num="259" count="103" type="stmt"/>
        <line num="263" count="122" type="stmt"/>
        <line num="269" count="122" type="stmt"/>
        <line num="270" count="122" type="stmt"/>
        <line num="271" count="122" type="stmt"/>
        <line num="272" count="122" type="stmt"/>
        <line num="279" count="122" type="cond" truecount="4" falsecount="0"/>
        <line num="282" count="4" type="stmt"/>
        <line num="283" count="122" type="stmt"/>
        <line num="307" count="113" type="stmt"/>
        <line num="308" count="113" type="cond" truecount="1" falsecount="0"/>
        <line num="309" count="72" type="cond" truecount="1" falsecount="0"/>
        <line num="310" count="3" type="stmt"/>
        <line num="312" count="41" type="cond" truecount="1" falsecount="0"/>
        <line num="313" count="17" type="stmt"/>
        <line num="332" count="146" type="cond" truecount="1" falsecount="0"/>
        <line num="333" count="134" type="stmt"/>
        <line num="334" count="134" type="cond" truecount="1" falsecount="0"/>
        <line num="335" count="124" type="stmt"/>
        <line num="336" count="124" type="cond" truecount="3" falsecount="0"/>
        <line num="337" count="122" type="stmt"/>
        <line num="354" count="132" type="stmt"/>
        <line num="355" count="132" type="cond" truecount="1" falsecount="0"/>
        <line num="356" count="3" type="stmt"/>
        <line num="361" count="129" type="cond" truecount="1" falsecount="0"/>
        <line num="366" count="4" type="stmt"/>
        <line num="371" count="125" type="cond" truecount="1" falsecount="0"/>
        <line num="372" count="37" type="cond" truecount="2" falsecount="0"/>
        <line num="373" count="37" type="cond" truecount="1" falsecount="0"/>
        <line num="374" count="4" type="stmt"/>
        <line num="405" count="121" type="cond" truecount="3" falsecount="0"/>
        <line num="406" count="79" type="stmt"/>
        <line num="407" count="79" type="stmt"/>
        <line num="409" count="42" type="stmt"/>
        <line num="415" count="95" type="stmt"/>
        <line num="416" count="95" type="stmt"/>
        <line num="427" count="109" type="stmt"/>
        <line num="428" count="109" type="stmt"/>
        <line num="430" count="109" type="stmt"/>
        <line num="434" count="109" type="stmt"/>
        <line num="436" count="101" type="stmt"/>
        <line num="439" count="101" type="stmt"/>
        <line num="440" count="194" type="stmt"/>
        <line num="441" count="146" type="stmt"/>
        <line num="444" count="101" type="stmt"/>
        <line num="445" count="101" type="stmt"/>
        <line num="448" count="101" type="stmt"/>
        <line num="450" count="101" type="stmt"/>
        <line num="452" count="101" type="stmt"/>
        <line num="453" count="122" type="stmt"/>
        <line num="459" count="122" type="cond" truecount="1" falsecount="0"/>
        <line num="461" count="113" type="stmt"/>
        <line num="462" count="113" type="stmt"/>
        <line num="464" count="113" type="cond" truecount="2" falsecount="0"/>
        <line num="465" count="69" type="stmt"/>
        <line num="466" count="44" type="cond" truecount="3" falsecount="0"/>
        <line num="471" count="20" type="stmt"/>
        <line num="473" count="113" type="stmt"/>
        <line num="475" count="113" type="stmt"/>
        <line num="488" count="113" type="stmt"/>
        <line num="489" count="113" type="stmt"/>
        <line num="492" count="101" type="cond" truecount="1" falsecount="0"/>
        <line num="493" count="87" type="stmt"/>
        <line num="494" count="113" type="stmt"/>
        <line num="500" count="99" type="stmt"/>
        <line num="504" count="23" type="stmt"/>
        <line num="505" count="23" type="stmt"/>
        <line num="506" count="23" type="stmt"/>
        <line num="507" count="23" type="stmt"/>
        <line num="512" count="20" type="cond" truecount="1" falsecount="0"/>
        <line num="513" count="7" type="stmt"/>
        <line num="519" count="30" type="stmt"/>
        <line num="523" count="4" type="stmt"/>
        <line num="524" count="90" type="stmt"/>
      </file>
      <file name="payPeriods.ts" path="C:\Users\sudho\Desktop\Budgeting_App\budget-tracker\src\ducks\payPeriods.ts">
        <metrics statements="16" coveredstatements="16" conditionals="7" coveredconditionals="7" methods="5" coveredmethods="5"/>
        <line num="16" count="3" type="stmt"/>
        <line num="43" count="211" type="stmt"/>
        <line num="46" count="95" type="stmt"/>
        <line num="57" count="3" type="stmt"/>
        <line num="58" count="30" type="stmt"/>
        <line num="59" count="30" type="stmt"/>
        <line num="60" count="30" type="stmt"/>
        <line num="61" count="95" type="stmt"/>
        <line num="62" count="95" type="stmt"/>
        <line num="63" count="95" type="stmt"/>
        <line num="64" count="95" type="stmt"/>
        <line num="72" count="30" type="stmt"/>
        <line num="89" count="3" type="stmt"/>
        <line num="90" count="23" type="stmt"/>
        <line num="91" count="23" type="stmt"/>
        <line num="93" count="80" type="cond" truecount="3" falsecount="0"/>
      </file>
      <file name="recap.ts" path="C:\Users\sudho\Desktop\Budgeting_App\budget-tracker\src\ducks\recap.ts">
        <metrics statements="24" coveredstatements="24" conditionals="6" coveredconditionals="6" methods="7" coveredmethods="7"/>
        <line num="20" count="3" type="stmt"/>
        <line num="40" count="3" type="stmt"/>
        <line num="46" count="11" type="stmt"/>
        <line num="47" count="11" type="stmt"/>
        <line num="48" count="11" type="stmt"/>
        <line num="58" count="21" type="stmt"/>
        <line num="59" count="21" type="stmt"/>
        <line num="60" count="21" type="stmt"/>
        <line num="61" count="21" type="stmt"/>
        <line num="70" count="8" type="stmt"/>
        <line num="71" count="8" type="stmt"/>
        <line num="72" count="8" type="cond" truecount="3" falsecount="0"/>
        <line num="73" count="6" type="stmt"/>
        <line num="81" count="5" type="stmt"/>
        <line num="82" count="5" type="cond" truecount="1" falsecount="0"/>
        <line num="83" count="4" type="stmt"/>
        <line num="87" count="3" type="stmt"/>
        <line num="88" count="11" type="stmt"/>
        <line num="92" count="3" type="stmt"/>
        <line num="93" count="11" type="stmt"/>
        <line num="94" count="11" type="stmt"/>
        <line num="97" count="34" type="cond" truecount="2" falsecount="0"/>
        <line num="100" count="6" type="stmt"/>
        <line num="101" count="6" type="stmt"/>
      </file>
      <file name="sprites.ts" path="C:\Users\sudho\Desktop\Budgeting_App\budget-tracker\src\ducks\sprites.ts">
        <metrics statements="56" coveredstatements="56" conditionals="12" coveredconditionals="11" methods="10" coveredmethods="10"/>
        <line num="22" count="1" type="stmt"/>
        <line num="23" count="1" type="stmt"/>
        <line num="33" count="1" type="stmt"/>
        <line num="52" count="1" type="stmt"/>
        <line num="54" count="1" type="stmt"/>
        <line num="57" count="1" type="stmt"/>
        <line num="73" count="1" type="stmt"/>
        <line num="79" count="1" type="stmt"/>
        <line num="82" count="1" type="stmt"/>
        <line num="85" count="1" type="stmt"/>
        <line num="88" count="1" type="stmt"/>
        <line num="106" count="1" type="stmt"/>
        <line num="130" count="2" type="stmt"/>
        <line num="131" count="5" type="stmt"/>
        <line num="132" count="24" type="stmt"/>
        <line num="133" count="2" type="stmt"/>
        <line num="134" count="43" type="cond" truecount="2" falsecount="0"/>
        <line num="135" count="2" type="stmt"/>
        <line num="136" count="28" type="cond" truecount="1" falsecount="0"/>
        <line num="137" count="4" type="stmt"/>
        <line num="138" count="4" type="stmt"/>
        <line num="139" count="64" type="stmt"/>
        <line num="140" count="64" type="cond" truecount="5" falsecount="0"/>
        <line num="142" count="4" type="stmt"/>
        <line num="147" count="1" type="stmt"/>
        <line num="149" count="1" type="stmt"/>
        <line num="157" count="2" type="stmt"/>
        <line num="161" count="1" type="stmt"/>
        <line num="163" count="1" type="stmt"/>
        <line num="179" count="1" type="stmt"/>
        <line num="232" count="3" type="cond" truecount="0" falsecount="1"/>
        <line num="233" count="3" type="stmt"/>
        <line num="234" count="3" type="stmt"/>
        <line num="239" count="12" type="cond" truecount="1" falsecount="0"/>
        <line num="240" count="11" type="stmt"/>
        <line num="241" count="154" type="cond" truecount="1" falsecount="0"/>
        <line num="242" count="56" type="stmt"/>
        <line num="243" count="56" type="stmt"/>
        <line num="250" count="1" type="stmt"/>
        <line num="257" count="1" type="stmt"/>
        <line num="269" count="1" type="stmt"/>
        <line num="279" count="1" type="stmt"/>
        <line num="288" count="1" type="stmt"/>
        <line num="297" count="1" type="stmt"/>
        <line num="308" count="1" type="stmt"/>
        <line num="324" count="1" type="stmt"/>
        <line num="339" count="1" type="stmt"/>
        <line num="340" count="3" type="stmt"/>
        <line num="341" count="3" type="stmt"/>
        <line num="342" count="42" type="stmt"/>
        <line num="343" count="672" type="stmt"/>
        <line num="344" count="672" type="cond" truecount="1" falsecount="0"/>
        <line num="347" count="3" type="stmt"/>
        <line num="348" count="4" type="stmt"/>
        <line num="349" count="26" type="stmt"/>
        <line num="352" count="3" type="stmt"/>
      </file>
      <file name="testReadPort.ts" path="C:\Users\sudho\Desktop\Budgeting_App\budget-tracker\src\ducks\testReadPort.ts">
        <metrics statements="73" coveredstatements="67" conditionals="29" coveredconditionals="23" methods="37" coveredmethods="32"/>
        <line num="14" count="2" type="stmt"/>
        <line num="37" count="2" type="stmt"/>
        <line num="38" count="83" type="stmt"/>
        <line num="39" count="83" type="stmt"/>
        <line num="40" count="83" type="stmt"/>
        <line num="41" count="83" type="stmt"/>
        <line num="42" count="83" type="stmt"/>
        <line num="43" count="83" type="stmt"/>
        <line num="44" count="83" type="stmt"/>
        <line num="52" count="104" type="stmt"/>
        <line num="53" count="104" type="cond" truecount="2" falsecount="0"/>
        <line num="54" count="38" type="cond" truecount="2" falsecount="0"/>
        <line num="56" count="66" type="cond" truecount="2" falsecount="0"/>
        <line num="58" count="104" type="stmt"/>
        <line num="63" count="105" type="stmt"/>
        <line num="64" count="105" type="stmt"/>
        <line num="65" count="105" type="stmt"/>
        <line num="66" count="105" type="stmt"/>
        <line num="75" count="106" type="stmt"/>
        <line num="76" count="106" type="stmt"/>
        <line num="77" count="106" type="stmt"/>
        <line num="78" count="106" type="stmt"/>
        <line num="82" count="112" type="stmt"/>
        <line num="83" count="112" type="stmt"/>
        <line num="84" count="112" type="stmt"/>
        <line num="87" count="113" type="stmt"/>
        <line num="88" count="113" type="stmt"/>
        <line num="89" count="113" type="stmt"/>
        <line num="92" count="106" type="stmt"/>
        <line num="93" count="106" type="stmt"/>
        <line num="94" count="106" type="stmt"/>
        <line num="97" count="0" type="stmt"/>
        <line num="98" count="0" type="stmt"/>
        <line num="102" count="22" type="stmt"/>
        <line num="103" count="22" type="stmt"/>
        <line num="107" count="211" type="stmt"/>
        <line num="108" count="211" type="cond" truecount="0" falsecount="1"/>
        <line num="109" count="211" type="stmt"/>
        <line num="115" count="115" type="stmt"/>
        <line num="116" count="98" type="stmt"/>
        <line num="117" count="271" type="cond" truecount="2" falsecount="0"/>
        <line num="118" count="95" type="stmt"/>
        <line num="119" count="98" type="cond" truecount="4" falsecount="0"/>
        <line num="120" count="98" type="stmt"/>
        <line num="125" count="115" type="cond" truecount="2" falsecount="0"/>
        <line num="128" count="115" type="cond" truecount="2" falsecount="0"/>
        <line num="131" count="115" type="cond" truecount="2" falsecount="0"/>
        <line num="134" count="0" type="stmt"/>
        <line num="136" count="0" type="cond" truecount="0" falsecount="4"/>
        <line num="141" count="99" type="stmt"/>
        <line num="145" count="2" type="stmt"/>
        <line num="146" count="83" type="stmt"/>
        <line num="147" count="83" type="stmt"/>
        <line num="148" count="83" type="stmt"/>
        <line num="149" count="83" type="stmt"/>
        <line num="152" count="83" type="cond" truecount="1" falsecount="0"/>
        <line num="153" count="83" type="cond" truecount="1" falsecount="0"/>
        <line num="154" count="83" type="cond" truecount="1" falsecount="0"/>
        <line num="158" count="111" type="stmt"/>
        <line num="159" count="51" type="stmt"/>
        <line num="160" count="129" type="stmt"/>
        <line num="169" count="84" type="stmt"/>
        <line num="170" count="101" type="stmt"/>
        <line num="171" count="168" type="stmt"/>
        <line num="172" count="84" type="stmt"/>
        <line num="176" count="0" type="stmt"/>
        <line num="177" count="0" type="cond" truecount="0" falsecount="1"/>
        <line num="182" count="66" type="stmt"/>
        <line num="185" count="49" type="stmt"/>
        <line num="188" count="2" type="stmt"/>
        <line num="193" count="2" type="cond" truecount="1" falsecount="0"/>
        <line num="194" count="83" type="stmt"/>
        <line num="195" count="246" type="stmt"/>
      </file>
      <file name="wander.logic.ts" path="C:\Users\sudho\Desktop\Budgeting_App\budget-tracker\src\ducks\wander.logic.ts">
        <metrics statements="84" coveredstatements="84" conditionals="26" coveredconditionals="24" methods="13" coveredmethods="13"/>
        <line num="25" count="1" type="stmt"/>
        <line num="27" count="1" type="stmt"/>
        <line num="29" count="1" type="stmt"/>
        <line num="32" count="1" type="stmt"/>
        <line num="35" count="1" type="stmt"/>
        <line num="36" count="1" type="stmt"/>
        <line num="38" count="1" type="stmt"/>
        <line num="85" count="62203" type="stmt"/>
        <line num="86" count="62203" type="stmt"/>
        <line num="87" count="1266927" type="stmt"/>
        <line num="88" count="1266927" type="stmt"/>
        <line num="90" count="62203" type="stmt"/>
        <line num="95" count="38963" type="stmt"/>
        <line num="99" count="8701" type="stmt"/>
        <line num="100" count="8701" type="stmt"/>
        <line num="101" count="8701" type="cond" truecount="2" falsecount="0"/>
        <line num="107" count="153" type="stmt"/>
        <line num="108" count="153" type="stmt"/>
        <line num="109" count="153" type="cond" truecount="2" falsecount="0"/>
        <line num="110" count="153" type="stmt"/>
        <line num="124" count="127" type="stmt"/>
        <line num="125" count="127" type="stmt"/>
        <line num="126" count="127" type="stmt"/>
        <line num="127" count="127" type="stmt"/>
        <line num="128" count="127" type="stmt"/>
        <line num="145" count="1" type="stmt"/>
        <line num="146" count="11" type="stmt"/>
        <line num="147" count="280" type="stmt"/>
        <line num="148" count="280" type="cond" truecount="2" falsecount="0"/>
        <line num="150" count="11" type="stmt"/>
        <line num="156" count="10500" type="stmt"/>
        <line num="157" count="10500" type="stmt"/>
        <line num="158" count="10500" type="stmt"/>
        <line num="159" count="10500" type="stmt"/>
        <line num="164" count="3500" type="stmt"/>
        <line num="165" count="3500" type="stmt"/>
        <line num="166" count="3500" type="stmt"/>
        <line num="167" count="28000" type="cond" truecount="1" falsecount="0"/>
        <line num="168" count="10500" type="cond" truecount="1" falsecount="0"/>
        <line num="169" count="2240" type="stmt"/>
        <line num="170" count="2240" type="cond" truecount="1" falsecount="0"/>
        <line num="171" count="2058" type="stmt"/>
        <line num="172" count="2058" type="stmt"/>
        <line num="175" count="3500" type="stmt"/>
        <line num="181" count="10500" type="cond" truecount="1" falsecount="0"/>
        <line num="182" count="1799" type="stmt"/>
        <line num="185" count="8701" type="stmt"/>
        <line num="186" count="8701" type="cond" truecount="4" falsecount="0"/>
        <line num="188" count="8701" type="stmt"/>
        <line num="189" count="8701" type="stmt"/>
        <line num="190" count="8701" type="stmt"/>
        <line num="192" count="8701" type="stmt"/>
        <line num="193" count="8701" type="stmt"/>
        <line num="194" count="8701" type="stmt"/>
        <line num="197" count="8701" type="cond" truecount="1" falsecount="1"/>
        <line num="199" count="8701" type="stmt"/>
        <line num="211" count="17500" type="stmt"/>
        <line num="212" count="17500" type="stmt"/>
        <line num="213" count="17500" type="stmt"/>
        <line num="214" count="17500" type="cond" truecount="1" falsecount="0"/>
        <line num="215" count="1407" type="stmt"/>
        <line num="216" count="1407" type="stmt"/>
        <line num="217" count="1407" type="stmt"/>
        <line num="218" count="1407" type="stmt"/>
        <line num="221" count="17500" type="stmt"/>
        <line num="222" count="17500" type="stmt"/>
        <line num="224" count="17500" type="stmt"/>
        <line num="225" count="17500" type="stmt"/>
        <line num="226" count="17500" type="cond" truecount="3" falsecount="0"/>
        <line num="227" count="343" type="stmt"/>
        <line num="228" count="343" type="stmt"/>
        <line num="229" count="343" type="stmt"/>
        <line num="230" count="343" type="stmt"/>
        <line num="231" count="343" type="stmt"/>
        <line num="232" count="343" type="stmt"/>
        <line num="233" count="343" type="stmt"/>
        <line num="236" count="17500" type="cond" truecount="1" falsecount="1"/>
        <line num="238" count="17500" type="stmt"/>
        <line num="247" count="1" type="cond" truecount="1" falsecount="0"/>
        <line num="248" count="4000" type="cond" truecount="1" falsecount="0"/>
        <line num="250" count="3500" type="stmt"/>
        <line num="251" count="3500" type="stmt"/>
        <line num="252" count="28000" type="cond" truecount="2" falsecount="0"/>
        <line num="254" count="3500" type="stmt"/>
      </file>
    </package>
    <package name="import">
      <metrics statements="303" coveredstatements="295" conditionals="164" coveredconditionals="131" methods="51" coveredmethods="48"/>
      <file name="csv.ts" path="C:\Users\sudho\Desktop\Budgeting_App\budget-tracker\src\import\csv.ts">
        <metrics statements="171" coveredstatements="164" conditionals="101" coveredconditionals="83" methods="23" coveredmethods="23"/>
        <line num="15" count="4" type="stmt"/>
        <line num="22" count="4" type="stmt"/>
        <line num="23" count="11" type="stmt"/>
        <line num="24" count="11" type="stmt"/>
        <line num="25" count="11" type="stmt"/>
        <line num="26" count="11" type="stmt"/>
        <line num="27" count="11" type="stmt"/>
        <line num="28" count="11" type="stmt"/>
        <line num="29" count="11" type="stmt"/>
        <line num="30" count="11" type="stmt"/>
        <line num="31" count="383" type="stmt"/>
        <line num="32" count="383" type="cond" truecount="1" falsecount="0"/>
        <line num="33" count="32" type="cond" truecount="1" falsecount="0"/>
        <line num="34" count="5" type="cond" truecount="1" falsecount="0"/>
        <line num="35" count="2" type="stmt"/>
        <line num="36" count="2" type="stmt"/>
        <line num="37" count="2" type="stmt"/>
        <line num="39" count="3" type="stmt"/>
        <line num="40" count="3" type="stmt"/>
        <line num="41" count="3" type="stmt"/>
        <line num="43" count="27" type="stmt"/>
        <line num="44" count="27" type="stmt"/>
        <line num="45" count="27" type="stmt"/>
        <line num="47" count="351" type="cond" truecount="1" falsecount="0"/>
        <line num="48" count="3" type="stmt"/>
        <line num="49" count="3" type="stmt"/>
        <line num="50" count="3" type="stmt"/>
        <line num="51" count="3" type="stmt"/>
        <line num="53" count="348" type="cond" truecount="1" falsecount="0"/>
        <line num="54" count="39" type="stmt"/>
        <line num="55" count="39" type="stmt"/>
        <line num="56" count="39" type="stmt"/>
        <line num="57" count="39" type="stmt"/>
        <line num="58" count="39" type="stmt"/>
        <line num="60" count="309" type="cond" truecount="1" falsecount="0"/>
        <line num="61" count="4" type="stmt"/>
        <line num="62" count="4" type="stmt"/>
        <line num="64" count="305" type="cond" truecount="1" falsecount="0"/>
        <line num="65" count="14" type="stmt"/>
        <line num="66" count="14" type="stmt"/>
        <line num="67" count="14" type="stmt"/>
        <line num="68" count="14" type="stmt"/>
        <line num="69" count="14" type="stmt"/>
        <line num="70" count="14" type="stmt"/>
        <line num="71" count="14" type="stmt"/>
        <line num="73" count="291" type="stmt"/>
        <line num="74" count="291" type="stmt"/>
        <line num="75" count="291" type="stmt"/>
        <line num="78" count="11" type="cond" truecount="4" falsecount="0"/>
        <line num="79" count="9" type="stmt"/>
        <line num="80" count="9" type="stmt"/>
        <line num="83" count="23" type="stmt"/>
        <line num="89" count="4" type="stmt"/>
        <line num="109" count="4" type="stmt"/>
        <line num="110" count="19" type="stmt"/>
        <line num="111" count="10" type="stmt"/>
        <line num="112" count="6" type="cond" truecount="1" falsecount="0"/>
        <line num="115" count="13" type="stmt"/>
        <line num="116" count="4" type="stmt"/>
        <line num="129" count="64" type="stmt"/>
        <line num="133" count="4" type="stmt"/>
        <line num="134" count="5" type="stmt"/>
        <line num="135" count="5" type="stmt"/>
        <line num="136" count="5" type="stmt"/>
        <line num="137" count="5" type="stmt"/>
        <line num="138" count="5" type="stmt"/>
        <line num="140" count="5" type="stmt"/>
        <line num="141" count="5" type="stmt"/>
        <line num="142" count="5" type="stmt"/>
        <line num="144" count="5" type="cond" truecount="4" falsecount="0"/>
        <line num="145" count="2" type="stmt"/>
        <line num="146" count="2" type="stmt"/>
        <line num="147" count="3" type="cond" truecount="1" falsecount="0"/>
        <line num="148" count="3" type="stmt"/>
        <line num="152" count="5" type="stmt"/>
        <line num="167" count="4" type="stmt"/>
        <line num="168" count="1" type="stmt"/>
        <line num="169" count="1" type="stmt"/>
        <line num="170" count="2" type="stmt"/>
        <line num="171" count="1" type="stmt"/>
        <line num="172" count="1" type="stmt"/>
        <line num="173" count="1" type="stmt"/>
        <line num="174" count="6" type="cond" truecount="1" falsecount="1"/>
        <line num="175" count="3" type="cond" truecount="3" falsecount="0"/>
        <line num="177" count="1" type="stmt"/>
        <line num="178" count="3" type="cond" truecount="1" falsecount="0"/>
        <line num="179" count="4" type="cond" truecount="1" falsecount="1"/>
        <line num="180" count="2" type="cond" truecount="3" falsecount="0"/>
        <line num="183" count="1" type="stmt"/>
        <line num="184" count="1" type="stmt"/>
        <line num="185" count="1" type="stmt"/>
        <line num="186" count="3" type="cond" truecount="3" falsecount="0"/>
        <line num="187" count="2" type="cond" truecount="1" falsecount="1"/>
        <line num="188" count="1" type="cond" truecount="1" falsecount="1"/>
        <line num="189" count="1" type="cond" truecount="3" falsecount="0"/>
        <line num="190" count="1" type="stmt"/>
        <line num="191" count="1" type="stmt"/>
        <line num="194" count="1" type="stmt"/>
        <line num="195" count="1" type="stmt"/>
        <line num="209" count="4" type="stmt"/>
        <line num="210" count="36" type="stmt"/>
        <line num="211" count="36" type="cond" truecount="1" falsecount="0"/>
        <line num="213" count="35" type="stmt"/>
        <line num="214" count="35" type="cond" truecount="1" falsecount="0"/>
        <line num="216" count="26" type="stmt"/>
        <line num="217" count="26" type="cond" truecount="1" falsecount="0"/>
        <line num="218" count="7" type="stmt"/>
        <line num="219" count="7" type="cond" truecount="1" falsecount="0"/>
        <line num="220" count="7" type="stmt"/>
        <line num="222" count="19" type="stmt"/>
        <line num="226" count="16" type="cond" truecount="5" falsecount="0"/>
        <line num="227" count="15" type="stmt"/>
        <line num="228" count="15" type="cond" truecount="1" falsecount="0"/>
        <line num="229" count="14" type="stmt"/>
        <line num="238" count="4" type="stmt"/>
        <line num="239" count="28" type="stmt"/>
        <line num="240" count="28" type="cond" truecount="1" falsecount="0"/>
        <line num="241" count="25" type="stmt"/>
        <line num="242" count="25" type="cond" truecount="1" falsecount="0"/>
        <line num="243" count="2" type="stmt"/>
        <line num="244" count="2" type="stmt"/>
        <line num="246" count="25" type="stmt"/>
        <line num="247" count="25" type="cond" truecount="0" falsecount="1"/>
        <line num="248" count="25" type="cond" truecount="1" falsecount="0"/>
        <line num="249" count="7" type="stmt"/>
        <line num="250" count="7" type="stmt"/>
        <line num="252" count="25" type="cond" truecount="0" falsecount="1"/>
        <line num="253" count="25" type="stmt"/>
        <line num="254" count="25" type="stmt"/>
        <line num="255" count="19" type="cond" truecount="2" falsecount="0"/>
        <line num="256" count="19" type="cond" truecount="1" falsecount="1"/>
        <line num="258" count="6" type="stmt"/>
        <line num="290" count="8" type="cond" truecount="3" falsecount="0"/>
        <line num="291" count="2" type="cond" truecount="2" falsecount="2"/>
        <line num="292" count="2" type="cond" truecount="2" falsecount="2"/>
        <line num="294" count="2" type="cond" truecount="3" falsecount="0"/>
        <line num="295" count="1" type="cond" truecount="3" falsecount="0"/>
        <line num="296" count="0" type="stmt"/>
        <line num="298" count="6" type="cond" truecount="1" falsecount="0"/>
        <line num="299" count="6" type="cond" truecount="1" falsecount="1"/>
        <line num="300" count="6" type="cond" truecount="1" falsecount="0"/>
        <line num="302" count="5" type="stmt"/>
        <line num="304" count="0" type="stmt"/>
        <line num="307" count="4" type="stmt"/>
        <line num="308" count="4" type="stmt"/>
        <line num="309" count="4" type="cond" truecount="0" falsecount="1"/>
        <line num="310" count="0" type="stmt"/>
        <line num="325" count="4" type="stmt"/>
        <line num="326" count="4" type="cond" truecount="2" falsecount="0"/>
        <line num="327" count="4" type="cond" truecount="2" falsecount="0"/>
        <line num="331" count="4" type="stmt"/>
        <line num="332" count="4" type="stmt"/>
        <line num="334" count="4" type="stmt"/>
        <line num="335" count="9" type="stmt"/>
        <line num="336" count="9" type="cond" truecount="2" falsecount="1"/>
        <line num="337" count="0" type="stmt"/>
        <line num="338" count="0" type="stmt"/>
        <line num="340" count="9" type="cond" truecount="1" falsecount="1"/>
        <line num="341" count="9" type="cond" truecount="1" falsecount="0"/>
        <line num="342" count="1" type="stmt"/>
        <line num="343" count="1" type="stmt"/>
        <line num="345" count="8" type="stmt"/>
        <line num="346" count="8" type="cond" truecount="1" falsecount="0"/>
        <line num="347" count="1" type="stmt"/>
        <line num="348" count="1" type="stmt"/>
        <line num="350" count="7" type="cond" truecount="1" falsecount="1"/>
        <line num="351" count="7" type="cond" truecount="0" falsecount="1"/>
        <line num="352" count="0" type="stmt"/>
        <line num="353" count="0" type="stmt"/>
        <line num="355" count="7" type="stmt"/>
        <line num="358" count="4" type="stmt"/>
      </file>
      <file name="index.ts" path="C:\Users\sudho\Desktop\Budgeting_App\budget-tracker\src\import\index.ts">
        <metrics statements="4" coveredstatements="4" conditionals="0" coveredconditionals="0" methods="0" coveredmethods="0"/>
        <line num="7" count="3" type="stmt"/>
        <line num="8" count="3" type="stmt"/>
        <line num="9" count="3" type="stmt"/>
        <line num="10" count="3" type="stmt"/>
      </file>
      <file name="matching.ts" path="C:\Users\sudho\Desktop\Budgeting_App\budget-tracker\src\import\matching.ts">
        <metrics statements="34" coveredstatements="33" conditionals="11" coveredconditionals="9" methods="12" coveredmethods="10"/>
        <line num="20" count="6" type="stmt"/>
        <line num="37" count="6" type="stmt"/>
        <line num="38" count="98" type="cond" truecount="1" falsecount="1"/>
        <line num="40" count="98" type="stmt"/>
        <line num="42" count="98" type="stmt"/>
        <line num="44" count="98" type="stmt"/>
        <line num="46" count="98" type="stmt"/>
        <line num="47" count="153" type="stmt"/>
        <line num="49" count="98" type="cond" truecount="3" falsecount="0"/>
        <line num="50" count="4" type="stmt"/>
        <line num="52" count="98" type="stmt"/>
        <line num="56" count="6" type="stmt"/>
        <line num="57" count="0" type="stmt"/>
        <line num="67" count="6" type="stmt"/>
        <line num="92" count="6" type="stmt"/>
        <line num="124" count="59" type="cond" truecount="1" falsecount="1"/>
        <line num="125" count="59" type="stmt"/>
        <line num="126" count="59" type="stmt"/>
        <line num="128" count="59" type="stmt"/>
        <line num="131" count="6" type="stmt"/>
        <line num="132" count="36" type="stmt"/>
        <line num="135" count="36" type="stmt"/>
        <line num="136" count="36" type="cond" truecount="3" falsecount="0"/>
        <line num="137" count="1" type="stmt"/>
        <line num="146" count="50" type="stmt"/>
        <line num="147" count="35" type="stmt"/>
        <line num="148" count="35" type="stmt"/>
        <line num="149" count="59" type="stmt"/>
        <line num="150" count="59" type="stmt"/>
        <line num="151" count="90" type="cond" truecount="1" falsecount="0"/>
        <line num="152" count="21" type="stmt"/>
        <line num="158" count="14" type="stmt"/>
        <line num="161" count="6" type="stmt"/>
        <line num="162" count="6" type="stmt"/>
      </file>
      <file name="session.ts" path="C:\Users\sudho\Desktop\Budgeting_App\budget-tracker\src\import\session.ts">
        <metrics statements="33" coveredstatements="33" conditionals="10" coveredconditionals="10" methods="5" coveredmethods="5"/>
        <line num="18" count="4" type="stmt"/>
        <line num="52" count="4" type="stmt"/>
        <line num="56" count="15" type="stmt"/>
        <line num="57" count="15" type="stmt"/>
        <line num="58" count="15" type="stmt"/>
        <line num="60" count="15" type="stmt"/>
        <line num="61" count="25" type="stmt"/>
        <line num="62" count="25" type="stmt"/>
        <line num="64" count="5" type="cond" truecount="3" falsecount="0"/>
        <line num="68" count="25" type="cond" truecount="1" falsecount="0"/>
        <line num="69" count="4" type="stmt"/>
        <line num="70" count="4" type="stmt"/>
        <line num="72" count="21" type="stmt"/>
        <line num="73" count="21" type="cond" truecount="2" falsecount="0"/>
        <line num="74" count="11" type="stmt"/>
        <line num="77" count="15" type="stmt"/>
        <line num="92" count="4" type="stmt"/>
        <line num="93" count="1" type="stmt"/>
        <line num="94" count="1" type="stmt"/>
        <line num="95" count="1" type="stmt"/>
        <line num="144" count="4" type="stmt"/>
        <line num="148" count="4" type="stmt"/>
        <line num="149" count="4" type="stmt"/>
        <line num="151" count="4" type="stmt"/>
        <line num="152" count="4" type="stmt"/>
        <line num="153" count="7" type="cond" truecount="1" falsecount="0"/>
        <line num="154" count="6" type="stmt"/>
        <line num="161" count="6" type="stmt"/>
        <line num="162" count="6" type="cond" truecount="3" falsecount="0"/>
        <line num="163" count="4" type="stmt"/>
        <line num="166" count="4" type="stmt"/>
        <line num="167" count="3" type="stmt"/>
        <line num="171" count="4" type="stmt"/>
      </file>
      <file name="subscriptions.ts" path="C:\Users\sudho\Desktop\Budgeting_App\budget-tracker\src\import\subscriptions.ts">
        <metrics statements="61" coveredstatements="61" conditionals="42" coveredconditionals="29" methods="11" coveredmethods="10"/>
        <line num="13" count="4" type="stmt"/>
        <line num="15" count="4" type="stmt"/>
        <line num="43" count="12" type="stmt"/>
        <line num="47" count="18" type="stmt"/>
        <line num="52" count="3" type="cond" truecount="0" falsecount="1"/>
        <line num="53" count="3" type="stmt"/>
        <line num="54" count="5" type="stmt"/>
        <line num="55" count="5" type="cond" truecount="3" falsecount="0"/>
        <line num="57" count="2" type="stmt"/>
        <line num="61" count="5" type="stmt"/>
        <line num="62" count="5" type="stmt"/>
        <line num="63" count="5" type="stmt"/>
        <line num="64" count="5" type="stmt"/>
        <line num="65" count="5" type="stmt"/>
        <line num="69" count="2" type="stmt"/>
        <line num="70" count="2" type="stmt"/>
        <line num="71" count="6" type="cond" truecount="0" falsecount="1"/>
        <line num="72" count="6" type="cond" truecount="2" falsecount="0"/>
        <line num="74" count="2" type="stmt"/>
        <line num="75" count="2" type="stmt"/>
        <line num="76" count="2" type="stmt"/>
        <line num="77" count="2" type="cond" truecount="2" falsecount="3"/>
        <line num="78" count="2" type="stmt"/>
        <line num="79" count="2" type="stmt"/>
        <line num="82" count="2" type="stmt"/>
        <line num="85" count="4" type="stmt"/>
        <line num="89" count="7" type="cond" truecount="2" falsecount="0"/>
        <line num="90" count="7" type="cond" truecount="2" falsecount="0"/>
        <line num="93" count="7" type="stmt"/>
        <line num="94" count="7" type="stmt"/>
        <line num="95" count="19" type="cond" truecount="1" falsecount="0"/>
        <line num="96" count="18" type="cond" truecount="1" falsecount="1"/>
        <line num="97" count="18" type="cond" truecount="3" falsecount="0"/>
        <line num="98" count="14" type="stmt"/>
        <line num="99" count="14" type="cond" truecount="2" falsecount="0"/>
        <line num="100" count="5" type="stmt"/>
        <line num="103" count="7" type="stmt"/>
        <line num="104" count="7" type="stmt"/>
        <line num="105" count="5" type="cond" truecount="1" falsecount="0"/>
        <line num="108" count="4" type="stmt"/>
        <line num="109" count="12" type="cond" truecount="2" falsecount="0"/>
        <line num="110" count="4" type="stmt"/>
        <line num="111" count="4" type="stmt"/>
        <line num="112" count="4" type="stmt"/>
        <line num="113" count="6" type="cond" truecount="3" falsecount="1"/>
        <line num="114" count="4" type="stmt"/>
        <line num="115" count="4" type="stmt"/>
        <line num="120" count="12" type="stmt"/>
        <line num="121" count="4" type="cond" truecount="1" falsecount="0"/>
        <line num="123" count="9" type="stmt"/>
        <line num="124" count="3" type="cond" truecount="0" falsecount="1"/>
        <line num="127" count="3" type="stmt"/>
        <line num="128" count="3" type="stmt"/>
        <line num="129" count="9" type="stmt"/>
        <line num="130" count="9" type="stmt"/>
        <line num="131" count="9" type="cond" truecount="2" falsecount="1"/>
        <line num="133" count="3" type="stmt"/>
        <line num="134" count="3" type="cond" truecount="1" falsecount="0"/>
        <line num="136" count="2" type="stmt"/>
        <line num="138" count="6" type="stmt"/>
        <line num="145" count="7" type="cond" truecount="0" falsecount="4"/>
      </file>
    </package>
    <package name="insights">
      <metrics statements="373" coveredstatements="364" conditionals="164" coveredconditionals="125" methods="77" coveredmethods="75"/>
      <file name="dateMath.ts" path="C:\Users\sudho\Desktop\Budgeting_App\budget-tracker\src\insights\dateMath.ts">
        <metrics statements="36" coveredstatements="34" conditionals="5" coveredconditionals="4" methods="8" coveredmethods="8"/>
        <line num="16" count="2" type="stmt"/>
        <line num="18" count="2" type="stmt"/>
        <line num="24" count="2" type="stmt"/>
        <line num="25" count="33" type="stmt"/>
        <line num="26" count="33" type="stmt"/>
        <line num="27" count="33" type="stmt"/>
        <line num="28" count="33" type="stmt"/>
        <line num="29" count="9" type="stmt"/>
        <line num="30" count="9" type="stmt"/>
        <line num="32" count="33" type="stmt"/>
        <line num="33" count="0" type="stmt"/>
        <line num="34" count="0" type="stmt"/>
        <line num="36" count="33" type="stmt"/>
        <line num="40" count="2" type="stmt"/>
        <line num="41" count="4" type="stmt"/>
        <line num="45" count="2" type="stmt"/>
        <line num="46" count="1" type="stmt"/>
        <line num="47" count="1" type="stmt"/>
        <line num="48" count="1" type="cond" truecount="1" falsecount="1"/>
        <line num="54" count="2" type="stmt"/>
        <line num="55" count="16" type="stmt"/>
        <line num="59" count="2" type="stmt"/>
        <line num="60" count="12" type="stmt"/>
        <line num="61" count="12" type="stmt"/>
        <line num="62" count="4" type="stmt"/>
        <line num="63" count="4" type="stmt"/>
        <line num="69" count="2" type="stmt"/>
        <line num="70" count="2" type="stmt"/>
        <line num="71" count="2" type="cond" truecount="1" falsecount="0"/>
        <line num="72" count="2" type="stmt"/>
        <line num="73" count="2" type="stmt"/>
        <line num="74" count="2" type="cond" truecount="2" falsecount="0"/>
        <line num="75" count="8" type="stmt"/>
        <line num="76" count="8" type="stmt"/>
        <line num="77" count="8" type="stmt"/>
        <line num="79" count="2" type="stmt"/>
      </file>
      <file name="engine.ts" path="C:\Users\sudho\Desktop\Budgeting_App\budget-tracker\src\insights\engine.ts">
        <metrics statements="27" coveredstatements="27" conditionals="18" coveredconditionals="14" methods="9" coveredmethods="9"/>
        <line num="12" count="1" type="stmt"/>
        <line num="13" count="1" type="stmt"/>
        <line num="24" count="9" type="stmt"/>
        <line num="28" count="3" type="stmt"/>
        <line num="43" count="12" type="stmt"/>
        <line num="44" count="12" type="stmt"/>
        <line num="45" count="57" type="stmt"/>
        <line num="46" count="57" type="cond" truecount="1" falsecount="0"/>
        <line num="48" count="12" type="stmt"/>
        <line num="49" count="11" type="cond" truecount="1" falsecount="0"/>
        <line num="50" count="2" type="cond" truecount="2" falsecount="0"/>
        <line num="51" count="2" type="cond" truecount="2" falsecount="0"/>
        <line num="52" count="2" type="cond" truecount="2" falsecount="1"/>
        <line num="53" count="1" type="cond" truecount="1" falsecount="3"/>
        <line num="55" count="12" type="stmt"/>
        <line num="60" count="10" type="stmt"/>
        <line num="61" count="10" type="stmt"/>
        <line num="72" count="1" type="stmt"/>
        <line num="73" count="8" type="cond" truecount="2" falsecount="0"/>
        <line num="75" count="8" type="stmt"/>
        <line num="77" count="9" type="stmt"/>
        <line num="78" count="9" type="stmt"/>
        <line num="79" count="9" type="cond" truecount="1" falsecount="0"/>
        <line num="80" count="7" type="stmt"/>
        <line num="84" count="3" type="stmt"/>
        <line num="85" count="3" type="stmt"/>
        <line num="87" count="3" type="stmt"/>
      </file>
      <file name="index.ts" path="C:\Users\sudho\Desktop\Budgeting_App\budget-tracker\src\insights\index.ts">
        <metrics statements="7" coveredstatements="0" conditionals="1" coveredconditionals="0" methods="2" coveredmethods="0"/>
        <line num="8" count="0" type="stmt"/>
        <line num="9" count="0" type="stmt"/>
        <line num="11" count="0" type="stmt"/>
        <line num="13" count="0" type="stmt"/>
        <line num="14" count="0" type="cond" truecount="0" falsecount="1"/>
        <line num="15" count="0" type="stmt"/>
        <line num="17" count="0" type="stmt"/>
      </file>
      <file name="rules.ts" path="C:\Users\sudho\Desktop\Budgeting_App\budget-tracker\src\insights\rules.ts">
        <metrics statements="303" coveredstatements="303" conditionals="140" coveredconditionals="107" methods="58" coveredmethods="58"/>
        <line num="15" count="2" type="stmt"/>
        <line num="17" count="2" type="stmt"/>
        <line num="18" count="2" type="stmt"/>
        <line num="26" count="28" type="stmt"/>
        <line num="29" count="20" type="stmt"/>
        <line num="32" count="44" type="stmt"/>
        <line num="39" count="22" type="cond" truecount="1" falsecount="1"/>
        <line num="42" count="16" type="stmt"/>
        <line num="45" count="9" type="stmt"/>
        <line num="48" count="5" type="stmt"/>
        <line num="56" count="1" type="stmt"/>
        <line num="62" count="2" type="stmt"/>
        <line num="66" count="4" type="stmt"/>
        <line num="67" count="4" type="stmt"/>
        <line num="68" count="4" type="cond" truecount="1" falsecount="0"/>
        <line num="70" count="2" type="stmt"/>
        <line num="71" count="2" type="stmt"/>
        <line num="72" count="2" type="stmt"/>
        <line num="73" count="2" type="cond" truecount="3" falsecount="1"/>
        <line num="74" count="2" type="stmt"/>
        <line num="75" count="2" type="cond" truecount="0" falsecount="1"/>
        <line num="77" count="2" type="stmt"/>
        <line num="78" count="2" type="stmt"/>
        <line num="79" count="2" type="stmt"/>
        <line num="80" count="4" type="stmt"/>
        <line num="81" count="4" type="cond" truecount="1" falsecount="0"/>
        <line num="82" count="3" type="stmt"/>
        <line num="83" count="3" type="stmt"/>
        <line num="84" count="3" type="cond" truecount="3" falsecount="1"/>
        <line num="85" count="3" type="cond" truecount="1" falsecount="0"/>
        <line num="86" count="1" type="stmt"/>
        <line num="87" count="1" type="stmt"/>
        <line num="90" count="2" type="cond" truecount="3" falsecount="0"/>
        <line num="91" count="1" type="cond" truecount="2" falsecount="1"/>
        <line num="93" count="2" type="cond" truecount="1" falsecount="0"/>
        <line num="94" count="1" type="stmt"/>
        <line num="108" count="2" type="stmt"/>
        <line num="112" count="4" type="stmt"/>
        <line num="113" count="4" type="stmt"/>
        <line num="114" count="4" type="stmt"/>
        <line num="115" count="2" type="stmt"/>
        <line num="116" count="2" type="stmt"/>
        <line num="117" count="2" type="stmt"/>
        <line num="118" count="2" type="stmt"/>
        <line num="119" count="8" type="cond" truecount="1" falsecount="0"/>
        <line num="120" count="7" type="stmt"/>
        <line num="121" count="7" type="cond" truecount="3" falsecount="0"/>
        <line num="122" count="6" type="stmt"/>
        <line num="123" count="6" type="stmt"/>
        <line num="124" count="6" type="stmt"/>
        <line num="126" count="2" type="cond" truecount="3" falsecount="1"/>
        <line num="128" count="4" type="cond" truecount="1" falsecount="0"/>
        <line num="129" count="1" type="stmt"/>
        <line num="143" count="2" type="stmt"/>
        <line num="147" count="4" type="stmt"/>
        <line num="148" count="4" type="stmt"/>
        <line num="149" count="4" type="stmt"/>
        <line num="150" count="4" type="cond" truecount="0" falsecount="1"/>
        <line num="151" count="4" type="stmt"/>
        <line num="153" count="4" type="stmt"/>
        <line num="154" count="4" type="stmt"/>
        <line num="157" count="4" type="cond" truecount="1" falsecount="0"/>
        <line num="158" count="2" type="stmt"/>
        <line num="159" count="2" type="cond" truecount="1" falsecount="0"/>
        <line num="161" count="1" type="stmt"/>
        <line num="173" count="2" type="stmt"/>
        <line num="177" count="4" type="stmt"/>
        <line num="178" count="4" type="cond" truecount="1" falsecount="0"/>
        <line num="179" count="1" type="cond" truecount="1" falsecount="1"/>
        <line num="180" count="1" type="cond" truecount="0" falsecount="1"/>
        <line num="181" count="1" type="stmt"/>
        <line num="182" count="1" type="stmt"/>
        <line num="196" count="2" type="stmt"/>
        <line num="200" count="4" type="stmt"/>
        <line num="202" count="1" type="stmt"/>
        <line num="203" count="4" type="cond" truecount="1" falsecount="0"/>
        <line num="204" count="1" type="stmt"/>
        <line num="205" count="1" type="cond" truecount="0" falsecount="1"/>
        <line num="206" count="1" type="stmt"/>
        <line num="218" count="2" type="stmt"/>
        <line num="219" count="16" type="stmt"/>
        <line num="222" count="2" type="stmt"/>
        <line num="226" count="4" type="stmt"/>
        <line num="227" count="4" type="stmt"/>
        <line num="228" count="6" type="stmt"/>
        <line num="229" count="2" type="stmt"/>
        <line num="230" count="2" type="stmt"/>
        <line num="231" count="2" type="stmt"/>
        <line num="232" count="16" type="cond" truecount="3" falsecount="0"/>
        <line num="233" count="1" type="cond" truecount="2" falsecount="1"/>
        <line num="234" count="1" type="stmt"/>
        <line num="239" count="4" type="cond" truecount="1" falsecount="0"/>
        <line num="240" count="1" type="stmt"/>
        <line num="252" count="2" type="stmt"/>
        <line num="256" count="4" type="stmt"/>
        <line num="257" count="4" type="stmt"/>
        <line num="258" count="4" type="cond" truecount="0" falsecount="1"/>
        <line num="259" count="4" type="stmt"/>
        <line num="260" count="2" type="stmt"/>
        <line num="261" count="2" type="cond" truecount="3" falsecount="0"/>
        <line num="262" count="1" type="stmt"/>
        <line num="272" count="3" type="stmt"/>
        <line num="279" count="2" type="stmt"/>
        <line num="283" count="4" type="stmt"/>
        <line num="284" count="4" type="stmt"/>
        <line num="285" count="4" type="stmt"/>
        <line num="286" count="4" type="cond" truecount="0" falsecount="1"/>
        <line num="287" count="4" type="stmt"/>
        <line num="288" count="2" type="stmt"/>
        <line num="289" count="2" type="stmt"/>
        <line num="290" count="2" type="cond" truecount="4" falsecount="0"/>
        <line num="291" count="1" type="stmt"/>
        <line num="301" count="3" type="stmt"/>
        <line num="308" count="2" type="stmt"/>
        <line num="312" count="4" type="stmt"/>
        <line num="317" count="4" type="cond" truecount="1" falsecount="0"/>
        <line num="318" count="1" type="stmt"/>
        <line num="319" count="1" type="stmt"/>
        <line num="320" count="1" type="stmt"/>
        <line num="321" count="1" type="cond" truecount="2" falsecount="0"/>
        <line num="322" count="7" type="cond" truecount="2" falsecount="0"/>
        <line num="323" count="7" type="cond" truecount="0" falsecount="1"/>
        <line num="324" count="7" type="stmt"/>
        <line num="325" count="7" type="stmt"/>
        <line num="327" count="1" type="cond" truecount="0" falsecount="1"/>
        <line num="328" count="1" type="stmt"/>
        <line num="339" count="2" type="stmt"/>
        <line num="343" count="4" type="stmt"/>
        <line num="344" count="4" type="stmt"/>
        <line num="345" count="4" type="stmt"/>
        <line num="346" count="4" type="stmt"/>
        <line num="347" count="4" type="stmt"/>
        <line num="348" count="4" type="stmt"/>
        <line num="349" count="4" type="cond" truecount="3" falsecount="0"/>
        <line num="351" count="4" type="cond" truecount="1" falsecount="0"/>
        <line num="352" count="2" type="stmt"/>
        <line num="353" count="2" type="cond" truecount="1" falsecount="0"/>
        <line num="354" count="1" type="stmt"/>
        <line num="366" count="2" type="stmt"/>
        <line num="370" count="4" type="cond" truecount="1" falsecount="0"/>
        <line num="371" count="2" type="stmt"/>
        <line num="372" count="2" type="stmt"/>
        <line num="373" count="2" type="cond" truecount="0" falsecount="1"/>
        <line num="374" count="2" type="stmt"/>
        <line num="376" count="1" type="stmt"/>
        <line num="378" count="2" type="stmt"/>
        <line num="379" count="2" type="stmt"/>
        <line num="380" count="2" type="stmt"/>
        <line num="381" count="2" type="stmt"/>
        <line num="382" count="2" type="cond" truecount="1" falsecount="0"/>
        <line num="383" count="1" type="stmt"/>
        <line num="384" count="1" type="stmt"/>
        <line num="387" count="2" type="cond" truecount="1" falsecount="0"/>
        <line num="388" count="1" type="stmt"/>
        <line num="400" count="2" type="stmt"/>
        <line num="404" count="4" type="stmt"/>
        <line num="405" count="4" type="stmt"/>
        <line num="406" count="4" type="stmt"/>
        <line num="407" count="2" type="stmt"/>
        <line num="408" count="8" type="cond" truecount="1" falsecount="0"/>
        <line num="409" count="6" type="stmt"/>
        <line num="412" count="4" type="cond" truecount="1" falsecount="0"/>
        <line num="413" count="1" type="stmt"/>
        <line num="425" count="2" type="stmt"/>
        <line num="429" count="4" type="stmt"/>
        <line num="430" count="4" type="stmt"/>
        <line num="431" count="12" type="stmt"/>
        <line num="432" count="6" type="cond" truecount="3" falsecount="0"/>
        <line num="434" count="2" type="stmt"/>
        <line num="435" count="6" type="stmt"/>
        <line num="436" count="2" type="stmt"/>
        <line num="437" count="2" type="cond" truecount="1" falsecount="0"/>
        <line num="438" count="1" type="stmt"/>
        <line num="450" count="2" type="stmt"/>
        <line num="454" count="4" type="stmt"/>
        <line num="455" count="4" type="stmt"/>
        <line num="456" count="4" type="cond" truecount="1" falsecount="0"/>
        <line num="457" count="2" type="stmt"/>
        <line num="458" count="2" type="cond" truecount="0" falsecount="1"/>
        <line num="460" count="2" type="stmt"/>
        <line num="461" count="4" type="stmt"/>
        <line num="462" count="4" type="stmt"/>
        <line num="463" count="4" type="cond" truecount="3" falsecount="0"/>
        <line num="466" count="2" type="cond" truecount="0" falsecount="1"/>
        <line num="468" count="2" type="stmt"/>
        <line num="469" count="2" type="cond" truecount="2" falsecount="0"/>
        <line num="470" count="2" type="cond" truecount="1" falsecount="0"/>
        <line num="471" count="1" type="stmt"/>
        <line num="474" count="1" type="stmt"/>
        <line num="476" count="1" type="stmt"/>
        <line num="477" count="1" type="cond" truecount="3" falsecount="1"/>
        <line num="480" count="1" type="stmt"/>
        <line num="501" count="2" type="stmt"/>
        <line num="505" count="4" type="stmt"/>
        <line num="506" count="4" type="stmt"/>
        <line num="508" count="5" type="cond" truecount="3" falsecount="0"/>
        <line num="510" count="4" type="stmt"/>
        <line num="511" count="4" type="stmt"/>
        <line num="512" count="5" type="stmt"/>
        <line num="513" count="5" type="cond" truecount="0" falsecount="1"/>
        <line num="514" count="5" type="stmt"/>
        <line num="515" count="5" type="stmt"/>
        <line num="516" count="5" type="cond" truecount="2" falsecount="0"/>
        <line num="517" count="3" type="stmt"/>
        <line num="518" count="3" type="stmt"/>
        <line num="519" count="3" type="cond" truecount="0" falsecount="1"/>
        <line num="521" count="2" type="stmt"/>
        <line num="525" count="4" type="stmt"/>
        <line num="526" count="4" type="stmt"/>
        <line num="527" count="2" type="cond" truecount="4" falsecount="1"/>
        <line num="529" count="4" type="cond" truecount="1" falsecount="0"/>
        <line num="530" count="1" type="stmt"/>
        <line num="542" count="2" type="stmt"/>
        <line num="546" count="4" type="stmt"/>
        <line num="547" count="4" type="stmt"/>
        <line num="548" count="4" type="stmt"/>
        <line num="549" count="4" type="cond" truecount="1" falsecount="0"/>
        <line num="551" count="2" type="stmt"/>
        <line num="552" count="2" type="stmt"/>
        <line num="553" count="2" type="cond" truecount="2" falsecount="1"/>
        <line num="561" count="2" type="stmt"/>
        <line num="562" count="2" type="stmt"/>
        <line num="563" count="4" type="cond" truecount="1" falsecount="1"/>
        <line num="564" count="4" type="cond" truecount="1" falsecount="1"/>
        <line num="565" count="4" type="stmt"/>
        <line num="566" count="4" type="stmt"/>
        <line num="567" count="4" type="stmt"/>
        <line num="568" count="4" type="cond" truecount="4" falsecount="0"/>
        <line num="569" count="1" type="stmt"/>
        <line num="572" count="2" type="cond" truecount="1" falsecount="0"/>
        <line num="573" count="1" type="stmt"/>
        <line num="587" count="2" type="stmt"/>
        <line num="591" count="4" type="stmt"/>
        <line num="592" count="4" type="stmt"/>
        <line num="593" count="4" type="cond" truecount="1" falsecount="0"/>
        <line num="595" count="1" type="stmt"/>
        <line num="596" count="1" type="stmt"/>
        <line num="597" count="1" type="stmt"/>
        <line num="598" count="1" type="stmt"/>
        <line num="599" count="1" type="cond" truecount="0" falsecount="1"/>
        <line num="600" count="1" type="stmt"/>
        <line num="601" count="1" type="cond" truecount="0" falsecount="1"/>
        <line num="603" count="1" type="stmt"/>
        <line num="615" count="2" type="stmt"/>
        <line num="619" count="4" type="stmt"/>
        <line num="620" count="4" type="stmt"/>
        <line num="621" count="4" type="stmt"/>
        <line num="622" count="2" type="stmt"/>
        <line num="623" count="2" type="stmt"/>
        <line num="624" count="2" type="stmt"/>
        <line num="625" count="8" type="cond" truecount="1" falsecount="0"/>
        <line num="626" count="7" type="stmt"/>
        <line num="627" count="7" type="cond" truecount="1" falsecount="0"/>
        <line num="628" count="6" type="stmt"/>
        <line num="629" count="6" type="stmt"/>
        <line num="631" count="2" type="cond" truecount="3" falsecount="1"/>
        <line num="633" count="4" type="cond" truecount="1" falsecount="0"/>
        <line num="634" count="1" type="stmt"/>
        <line num="647" count="2" type="stmt"/>
        <line num="651" count="4" type="stmt"/>
        <line num="652" count="4" type="stmt"/>
        <line num="653" count="4" type="stmt"/>
        <line num="654" count="4" type="cond" truecount="1" falsecount="0"/>
        <line num="655" count="1" type="stmt"/>
        <line num="656" count="2" type="stmt"/>
        <line num="658" count="1" type="stmt"/>
        <line num="659" count="3" type="cond" truecount="2" falsecount="0"/>
        <line num="661" count="1" type="stmt"/>
        <line num="662" count="1" type="stmt"/>
        <line num="674" count="2" type="stmt"/>
        <line num="678" count="4" type="stmt"/>
        <line num="679" count="4" type="stmt"/>
        <line num="680" count="4" type="cond" truecount="0" falsecount="1"/>
        <line num="682" count="4" type="stmt"/>
        <line num="683" count="4" type="stmt"/>
        <line num="684" count="4" type="stmt"/>
        <line num="685" count="2" type="stmt"/>
        <line num="686" count="2" type="stmt"/>
        <line num="687" count="2" type="stmt"/>
        <line num="689" count="4" type="cond" truecount="1" falsecount="0"/>
        <line num="690" count="2" type="cond" truecount="1" falsecount="0"/>
        <line num="692" count="1" type="stmt"/>
        <line num="705" count="2" type="stmt"/>
        <line num="730" count="2" type="stmt"/>
        <line num="731" count="2" type="stmt"/>
        <line num="732" count="2" type="stmt"/>
        <line num="733" count="2" type="stmt"/>
        <line num="734" count="2" type="stmt"/>
        <line num="735" count="2" type="stmt"/>
        <line num="736" count="2" type="stmt"/>
        <line num="737" count="2" type="stmt"/>
        <line num="738" count="2" type="stmt"/>
        <line num="739" count="2" type="stmt"/>
        <line num="740" count="2" type="stmt"/>
        <line num="741" count="2" type="stmt"/>
        <line num="742" count="2" type="stmt"/>
        <line num="743" count="2" type="stmt"/>
        <line num="744" count="2" type="stmt"/>
        <line num="745" count="2" type="stmt"/>
        <line num="746" count="2" type="stmt"/>
        <line num="747" count="2" type="stmt"/>
        <line num="748" count="2" type="stmt"/>
        <line num="749" count="2" type="stmt"/>
      </file>
    </package>
    <package name="insights.__tests__">
      <metrics statements="30" coveredstatements="30" conditionals="10" coveredconditionals="7" methods="10" coveredmethods="10"/>
      <file name="harness.ts" path="C:\Users\sudho\Desktop\Budgeting_App\budget-tracker\src\insights\__tests__\harness.ts">
        <metrics statements="30" coveredstatements="30" conditionals="10" coveredconditionals="7" methods="10" coveredmethods="10"/>
        <line num="7" count="2" type="stmt"/>
        <line num="8" count="2" type="stmt"/>
        <line num="9" count="2" type="stmt"/>
        <line num="14" count="268" type="stmt"/>
        <line num="16" count="2" type="cond" truecount="0" falsecount="1"/>
        <line num="17" count="41" type="stmt"/>
        <line num="18" count="41" type="stmt"/>
        <line num="19" count="41" type="stmt"/>
        <line num="20" count="41" type="stmt"/>
        <line num="23" count="2" type="stmt"/>
        <line num="29" count="41" type="stmt"/>
        <line num="36" count="41" type="stmt"/>
        <line num="39" count="2" type="stmt"/>
        <line num="44" count="20" type="stmt"/>
        <line num="50" count="20" type="stmt"/>
        <line num="53" count="2" type="stmt"/>
        <line num="58" count="4" type="stmt"/>
        <line num="65" count="4" type="stmt"/>
        <line num="68" count="2" type="cond" truecount="1" falsecount="0"/>
        <line num="69" count="11" type="stmt"/>
        <line num="70" count="11" type="stmt"/>
        <line num="73" count="2" type="stmt"/>
        <line num="80" count="57" type="stmt"/>
        <line num="83" count="2" type="stmt"/>
        <line num="89" count="3" type="stmt"/>
        <line num="95" count="3" type="stmt"/>
        <line num="98" count="2" type="stmt"/>
        <line num="99" count="3" type="cond" truecount="1" falsecount="1"/>
        <line num="102" count="2" type="stmt"/>
        <line num="108" count="2" type="stmt"/>
      </file>
    </package>
    <package name="ledger">
      <metrics statements="99" coveredstatements="99" conditionals="42" coveredconditionals="33" methods="19" coveredmethods="18"/>
      <file name="envelopeLedger.ts" path="C:\Users\sudho\Desktop\Budgeting_App\budget-tracker\src\ledger\envelopeLedger.ts">
        <metrics statements="60" coveredstatements="60" conditionals="36" coveredconditionals="27" methods="12" coveredmethods="12"/>
        <line num="35" count="3" type="stmt"/>
        <line num="36" count="3" type="stmt"/>
        <line num="37" count="3" type="stmt"/>
        <line num="85" count="2" type="stmt"/>
        <line num="86" count="2" type="cond" truecount="1" falsecount="0"/>
        <line num="87" count="2" type="stmt"/>
        <line num="88" count="2" type="stmt"/>
        <line num="89" count="8" type="stmt"/>
        <line num="90" count="8" type="stmt"/>
        <line num="92" count="2" type="stmt"/>
        <line num="98" count="3" type="stmt"/>
        <line num="120" count="66" type="stmt"/>
        <line num="121" count="66" type="stmt"/>
        <line num="122" count="170" type="cond" truecount="1" falsecount="0"/>
        <line num="123" count="89" type="cond" truecount="1" falsecount="0"/>
        <line num="124" count="30" type="stmt"/>
        <line num="125" count="30" type="cond" truecount="0" falsecount="1"/>
        <line num="126" count="30" type="stmt"/>
        <line num="134" count="66" type="stmt"/>
        <line num="143" count="66" type="stmt"/>
        <line num="144" count="66" type="stmt"/>
        <line num="145" count="66" type="stmt"/>
        <line num="146" count="60" type="cond" truecount="3" falsecount="0"/>
        <line num="147" count="27" type="stmt"/>
        <line num="155" count="66" type="stmt"/>
        <line num="158" count="3" type="stmt"/>
        <line num="167" count="66" type="stmt"/>
        <line num="169" count="23" type="cond" truecount="7" falsecount="0"/>
        <line num="179" count="3" type="stmt"/>
        <line num="183" count="66" type="stmt"/>
        <line num="184" count="93" type="stmt"/>
        <line num="185" count="66" type="cond" truecount="1" falsecount="1"/>
        <line num="186" count="66" type="stmt"/>
        <line num="193" count="66" type="cond" truecount="2" falsecount="0"/>
        <line num="194" count="2" type="stmt"/>
        <line num="195" count="2" type="stmt"/>
        <line num="196" count="2" type="cond" truecount="1" falsecount="1"/>
        <line num="201" count="2" type="stmt"/>
        <line num="202" count="2" type="cond" truecount="1" falsecount="1"/>
        <line num="203" count="2" type="cond" truecount="1" falsecount="1"/>
        <line num="205" count="2" type="stmt"/>
        <line num="206" count="2" type="cond" truecount="1" falsecount="1"/>
        <line num="207" count="2" type="cond" truecount="1" falsecount="1"/>
        <line num="208" count="2" type="stmt"/>
        <line num="210" count="2" type="stmt"/>
        <line num="211" count="2" type="stmt"/>
        <line num="212" count="2" type="stmt"/>
        <line num="214" count="64" type="stmt"/>
        <line num="215" count="64" type="stmt"/>
        <line num="218" count="64" type="stmt"/>
        <line num="219" count="64" type="stmt"/>
        <line num="220" count="64" type="stmt"/>
        <line num="222" count="87" type="stmt"/>
        <line num="223" count="64" type="stmt"/>
        <line num="224" count="64" type="stmt"/>
        <line num="227" count="66" type="stmt"/>
        <line num="228" count="66" type="stmt"/>
        <line num="229" count="57" type="stmt"/>
        <line num="230" count="57" type="stmt"/>
        <line num="239" count="66" type="stmt"/>
      </file>
      <file name="index.ts" path="C:\Users\sudho\Desktop\Budgeting_App\budget-tracker\src\ledger\index.ts">
        <metrics statements="5" coveredstatements="5" conditionals="0" coveredconditionals="0" methods="3" coveredmethods="2"/>
        <line num="6" count="1" type="stmt"/>
        <line num="7" count="28" type="stmt"/>
        <line num="12" count="1" type="stmt"/>
        <line num="13" count="55" type="stmt"/>
        <line num="18" count="1" type="stmt"/>
      </file>
      <file name="insightBacking.ts" path="C:\Users\sudho\Desktop\Budgeting_App\budget-tracker\src\ledger\insightBacking.ts">
        <metrics statements="6" coveredstatements="6" conditionals="1" coveredconditionals="1" methods="1" coveredmethods="1"/>
        <line num="15" count="2" type="stmt"/>
        <line num="16" count="2" type="stmt"/>
        <line num="35" count="2" type="stmt"/>
        <line num="39" count="2" type="cond" truecount="1" falsecount="0"/>
        <line num="40" count="1" type="stmt"/>
        <line num="46" count="1" type="stmt"/>
      </file>
      <file name="safeToSpend.ts" path="C:\Users\sudho\Desktop\Budgeting_App\budget-tracker\src\ledger\safeToSpend.ts">
        <metrics statements="28" coveredstatements="28" conditionals="5" coveredconditionals="5" methods="3" coveredmethods="3"/>
        <line num="41" count="3" type="stmt"/>
        <line num="42" count="3" type="stmt"/>
        <line num="80" count="3" type="stmt"/>
        <line num="81" count="42" type="stmt"/>
        <line num="82" count="77" type="stmt"/>
        <line num="84" count="42" type="stmt"/>
        <line num="94" count="42" type="stmt"/>
        <line num="95" count="72" type="stmt"/>
        <line num="96" count="72" type="stmt"/>
        <line num="97" count="72" type="stmt"/>
        <line num="98" count="72" type="stmt"/>
        <line num="99" count="72" type="stmt"/>
        <line num="100" count="72" type="stmt"/>
        <line num="101" count="72" type="stmt"/>
        <line num="102" count="72" type="stmt"/>
        <line num="106" count="42" type="stmt"/>
        <line num="116" count="294" type="stmt"/>
        <line num="119" count="42" type="stmt"/>
        <line num="120" count="42" type="stmt"/>
        <line num="121" count="91" type="stmt"/>
        <line num="130" count="42" type="stmt"/>
        <line num="131" count="42" type="stmt"/>
        <line num="132" count="42" type="cond" truecount="1" falsecount="0"/>
        <line num="133" count="2" type="stmt"/>
        <line num="142" count="42" type="stmt"/>
        <line num="143" count="42" type="stmt"/>
        <line num="144" count="93" type="stmt"/>
        <line num="150" count="42" type="stmt"/>
      </file>
    </package>
    <package name="projections">
      <metrics statements="132" coveredstatements="121" conditionals="25" coveredconditionals="23" methods="37" coveredmethods="26"/>
      <file name="index.ts" path="C:\Users\sudho\Desktop\Budgeting_App\budget-tracker\src\projections\index.ts">
        <metrics statements="8" coveredstatements="0" conditionals="0" coveredconditionals="0" methods="8" coveredmethods="0"/>
        <line num="6" count="0" type="stmt"/>
        <line num="7" count="0" type="stmt"/>
        <line num="8" count="0" type="stmt"/>
        <line num="9" count="0" type="stmt"/>
        <line num="10" count="0" type="stmt"/>
        <line num="11" count="0" type="stmt"/>
        <line num="12" count="0" type="stmt"/>
        <line num="13" count="0" type="stmt"/>
      </file>
      <file name="median.ts" path="C:\Users\sudho\Desktop\Budgeting_App\budget-tracker\src\projections\median.ts">
        <metrics statements="15" coveredstatements="15" conditionals="3" coveredconditionals="3" methods="3" coveredmethods="3"/>
        <line num="31" count="2" type="stmt"/>
        <line num="32" count="17" type="cond" truecount="1" falsecount="0"/>
        <line num="33" count="32" type="stmt"/>
        <line num="34" count="16" type="stmt"/>
        <line num="35" count="16" type="cond" truecount="2" falsecount="0"/>
        <line num="36" count="16" type="stmt"/>
        <line num="46" count="2" type="stmt"/>
        <line num="47" count="11" type="stmt"/>
        <line num="48" count="11" type="stmt"/>
        <line num="49" count="11" type="stmt"/>
        <line num="51" count="30" type="stmt"/>
        <line num="52" count="30" type="stmt"/>
        <line num="53" count="30" type="stmt"/>
        <line num="54" count="30" type="stmt"/>
        <line num="56" count="11" type="stmt"/>
      </file>
      <file name="project.ts" path="C:\Users\sudho\Desktop\Budgeting_App\budget-tracker\src\projections\project.ts">
        <metrics statements="109" coveredstatements="106" conditionals="22" coveredconditionals="20" methods="26" coveredmethods="23"/>
        <line num="16" count="1" type="stmt"/>
        <line num="17" count="1" type="stmt"/>
        <line num="19" count="1" type="stmt"/>
        <line num="25" count="42" type="stmt"/>
        <line num="26" count="42" type="stmt"/>
        <line num="29" count="42" type="stmt"/>
        <line num="30" count="42" type="stmt"/>
        <line num="31" count="42" type="stmt"/>
        <line num="32" count="42" type="stmt"/>
        <line num="35" count="38" type="stmt"/>
        <line num="36" count="38" type="stmt"/>
[...]
        <line num="968" count="153" type="stmt"/>
        <line num="970" count="153" type="stmt"/>
        <line num="974" count="1" type="stmt"/>
        <line num="975" count="1" type="stmt"/>
        <line num="976" count="1" type="stmt"/>
        <line num="978" count="0" type="cond" truecount="0" falsecount="2"/>
        <line num="979" count="0" type="stmt"/>
        <line num="981" count="1" type="stmt"/>
        <line num="984" count="0" type="stmt"/>
        <line num="991" count="155" type="stmt"/>
        <line num="992" count="155" type="stmt"/>
        <line num="993" count="155" type="stmt"/>
        <line num="994" count="155" type="stmt"/>
        <line num="1002" count="155" type="stmt"/>
        <line num="1003" count="155" type="stmt"/>
        <line num="1007" count="2" type="stmt"/>
        <line num="1008" count="2" type="stmt"/>
        <line num="1014" count="2" type="stmt"/>
        <line num="1018" count="137" type="stmt"/>
        <line num="1019" count="137" type="stmt"/>
        <line num="1020" count="137" type="stmt"/>
        <line num="1021" count="137" type="stmt"/>
        <line num="1022" count="137" type="stmt"/>
        <line num="1033" count="137" type="stmt"/>
        <line num="1034" count="137" type="stmt"/>
        <line num="1045" count="0" type="stmt"/>
        <line num="1046" count="0" type="stmt"/>
        <line num="1048" count="0" type="stmt"/>
        <line num="1052" count="30" type="stmt"/>
        <line num="1053" count="30" type="stmt"/>
        <line num="1054" count="30" type="stmt"/>
        <line num="1055" count="30" type="stmt"/>
        <line num="1056" count="30" type="stmt"/>
        <line num="1057" count="30" type="stmt"/>
        <line num="1068" count="30" type="stmt"/>
        <line num="1069" count="32" type="stmt"/>
        <line num="1078" count="30" type="stmt"/>
        <line num="1079" count="30" type="stmt"/>
        <line num="1083" count="145" type="stmt"/>
        <line num="1084" count="145" type="stmt"/>
        <line num="1085" count="145" type="stmt"/>
        <line num="1086" count="145" type="cond" truecount="2" falsecount="0"/>
        <line num="1087" count="144" type="stmt"/>
        <line num="1088" count="144" type="stmt"/>
        <line num="1101" count="144" type="stmt"/>
        <line num="1102" count="144" type="stmt"/>
        <line num="1106" count="4" type="stmt"/>
        <line num="1107" count="4" type="stmt"/>
        <line num="1117" count="4" type="stmt"/>
        <line num="1126" count="4" type="stmt"/>
        <line num="1127" count="4" type="cond" truecount="0" falsecount="1"/>
        <line num="1128" count="0" type="stmt"/>
        <line num="1130" count="4" type="stmt"/>
        <line num="1131" count="3" type="stmt"/>
        <line num="1132" count="3" type="stmt"/>
        <line num="1133" count="3" type="stmt"/>
        <line num="1134" count="1" type="stmt"/>
        <line num="1136" count="3" type="cond" truecount="2" falsecount="0"/>
        <line num="1137" count="3" type="stmt"/>
        <line num="1138" count="3" type="stmt"/>
        <line num="1139" count="3" type="cond" truecount="2" falsecount="0"/>
        <line num="1140" count="1" type="stmt"/>
        <line num="1145" count="2" type="stmt"/>
        <line num="1156" count="3" type="stmt"/>
        <line num="1157" count="3" type="stmt"/>
        <line num="1166" count="11" type="stmt"/>
        <line num="1167" count="11" type="cond" truecount="4" falsecount="0"/>
        <line num="1168" count="1" type="stmt"/>
        <line num="1170" count="10" type="cond" truecount="3" falsecount="0"/>
        <line num="1171" count="1" type="stmt"/>
        <line num="1173" count="9" type="stmt"/>
        <line num="1174" count="9" type="stmt"/>
        <line num="1175" count="9" type="stmt"/>
        <line num="1176" count="9" type="stmt"/>
        <line num="1177" count="9" type="stmt"/>
        <line num="1191" count="9" type="stmt"/>
        <line num="1192" count="9" type="stmt"/>
        <line num="1204" count="2" type="cond" truecount="0" falsecount="1"/>
        <line num="1205" count="0" type="stmt"/>
        <line num="1207" count="2" type="cond" truecount="0" falsecount="1"/>
        <line num="1208" count="2" type="cond" truecount="0" falsecount="1"/>
        <line num="1212" count="0" type="stmt"/>
        <line num="1214" count="2" type="cond" truecount="0" falsecount="1"/>
        <line num="1218" count="0" type="stmt"/>
        <line num="1222" count="2" type="stmt"/>
        <line num="1223" count="2" type="stmt"/>
        <line num="1224" count="2" type="cond" truecount="0" falsecount="1"/>
        <line num="1225" count="2" type="cond" truecount="0" falsecount="1"/>
        <line num="1226" count="2" type="cond" truecount="0" falsecount="1"/>
        <line num="1227" count="2" type="cond" truecount="0" falsecount="1"/>
        <line num="1228" count="2" type="cond" truecount="1" falsecount="0"/>
        <line num="1229" count="2" type="cond" truecount="0" falsecount="1"/>
        <line num="1230" count="2" type="stmt"/>
        <line num="1236" count="2" type="stmt"/>
        <line num="1245" count="10" type="stmt"/>
        <line num="1246" count="10" type="cond" truecount="1" falsecount="0"/>
        <line num="1247" count="9" type="cond" truecount="3" falsecount="0"/>
        <line num="1248" count="1" type="stmt"/>
        <line num="1250" count="8" type="cond" truecount="2" falsecount="0"/>
        <line num="1251" count="8" type="cond" truecount="1" falsecount="0"/>
        <line num="1252" count="7" type="stmt"/>
        <line num="1253" count="7" type="stmt"/>
        <line num="1254" count="7" type="stmt"/>
        <line num="1255" count="7" type="stmt"/>
        <line num="1256" count="7" type="stmt"/>
        <line num="1270" count="7" type="stmt"/>
        <line num="1271" count="7" type="stmt"/>
        <line num="1283" count="2" type="cond" truecount="1" falsecount="0"/>
        <line num="1284" count="1" type="stmt"/>
        <line num="1286" count="1" type="cond" truecount="1" falsecount="2"/>
        <line num="1287" count="0" type="stmt"/>
        <line num="1289" count="1" type="cond" truecount="0" falsecount="1"/>
        <line num="1293" count="0" type="stmt"/>
        <line num="1297" count="1" type="cond" truecount="0" falsecount="1"/>
        <line num="1298" count="0" type="stmt"/>
        <line num="1300" count="1" type="stmt"/>
        <line num="1301" count="1" type="stmt"/>
        <line num="1302" count="1" type="cond" truecount="0" falsecount="1"/>
        <line num="1303" count="1" type="cond" truecount="0" falsecount="1"/>
        <line num="1304" count="1" type="cond" truecount="0" falsecount="1"/>
        <line num="1305" count="1" type="cond" truecount="1" falsecount="0"/>
        <line num="1306" count="1" type="cond" truecount="0" falsecount="1"/>
        <line num="1307" count="1" type="cond" truecount="0" falsecount="1"/>
        <line num="1308" count="1" type="stmt"/>
        <line num="1310" count="1" type="stmt"/>
        <line num="1315" count="116" type="stmt"/>
        <line num="1316" count="116" type="stmt"/>
        <line num="1317" count="116" type="stmt"/>
        <line num="1318" count="116" type="stmt"/>
        <line num="1319" count="116" type="stmt"/>
        <line num="1320" count="116" type="stmt"/>
        <line num="1335" count="116" type="stmt"/>
        <line num="1336" count="116" type="stmt"/>
        <line num="1340" count="30" type="stmt"/>
        <line num="1341" count="30" type="stmt"/>
        <line num="1342" count="30" type="cond" truecount="0" falsecount="1"/>
        <line num="1343" count="30" type="cond" truecount="2" falsecount="0"/>
        <line num="1344" count="30" type="stmt"/>
        <line num="1345" count="30" type="stmt"/>
        <line num="1347" count="30" type="cond" truecount="1" falsecount="1"/>
        <line num="1348" count="30" type="cond" truecount="1" falsecount="1"/>
        <line num="1349" count="38" type="stmt"/>
        <line num="1351" count="0" type="stmt"/>
        <line num="1352" count="0" type="cond" truecount="0" falsecount="1"/>
        <line num="1354" count="30" type="stmt"/>
        <line num="1355" count="30" type="stmt"/>
        <line num="1356" count="30" type="cond" truecount="1" falsecount="1"/>
        <line num="1358" count="38" type="stmt"/>
        <line num="1359" count="30" type="stmt"/>
        <line num="1360" count="38" type="stmt"/>
        <line num="1376" count="0" type="stmt"/>
        <line num="1392" count="30" type="stmt"/>
        <line num="1393" count="30" type="stmt"/>
        <line num="1397" count="0" type="cond" truecount="0" falsecount="1"/>
        <line num="1398" count="0" type="stmt"/>
        <line num="1399" count="0" type="stmt"/>
        <line num="1400" count="0" type="cond" truecount="0" falsecount="1"/>
        <line num="1401" count="0" type="cond" truecount="0" falsecount="1"/>
        <line num="1402" count="0" type="cond" truecount="0" falsecount="1"/>
        <line num="1403" count="0" type="cond" truecount="0" falsecount="1"/>
        <line num="1404" count="0" type="stmt"/>
        <line num="1406" count="0" type="stmt"/>
        <line num="1410" count="7" type="stmt"/>
        <line num="1411" count="7" type="stmt"/>
        <line num="1412" count="7" type="stmt"/>
        <line num="1418" count="7" type="stmt"/>
        <line num="1420" count="7" type="stmt"/>
        <line num="1421" count="7" type="stmt"/>
        <line num="1422" count="7" type="cond" truecount="1" falsecount="0"/>
        <line num="1424" count="5" type="stmt"/>
        <line num="1425" count="5" type="stmt"/>
        <line num="1431" count="5" type="stmt"/>
        <line num="1432" count="5" type="stmt"/>
        <line num="1433" count="5" type="cond" truecount="2" falsecount="0"/>
        <line num="1435" count="7" type="stmt"/>
        <line num="1439" count="15" type="cond" truecount="0" falsecount="1"/>
        <line num="1440" count="0" type="stmt"/>
        <line num="1442" count="15" type="stmt"/>
        <line num="1443" count="15" type="stmt"/>
        <line num="1444" count="14" type="stmt"/>
        <line num="1445" count="14" type="stmt"/>
        <line num="1446" count="14" type="stmt"/>
        <line num="1447" count="14" type="stmt"/>
        <line num="1448" count="14" type="stmt"/>
        <line num="1449" count="14" type="stmt"/>
        <line num="1463" count="14" type="stmt"/>
        <line num="1478" count="11" type="stmt"/>
        <line num="1479" count="11" type="stmt"/>
        <line num="1484" count="18" type="stmt"/>
        <line num="1485" count="18" type="cond" truecount="0" falsecount="1"/>
        <line num="1486" count="18" type="stmt"/>
        <line num="1487" count="18" type="stmt"/>
        <line num="1488" count="18" type="stmt"/>
        <line num="1489" count="18" type="stmt"/>
        <line num="1490" count="18" type="stmt"/>
        <line num="1491" count="18" type="stmt"/>
        <line num="1492" count="18" type="stmt"/>
        <line num="1494" count="18" type="stmt"/>
        <line num="1507" count="18" type="stmt"/>
        <line num="1520" count="18" type="stmt"/>
        <line num="1524" count="8" type="stmt"/>
        <line num="1525" count="8" type="cond" truecount="0" falsecount="1"/>
        <line num="1526" count="8" type="stmt"/>
        <line num="1527" count="8" type="stmt"/>
        <line num="1528" count="8" type="stmt"/>
        <line num="1534" count="9" type="cond" truecount="3" falsecount="1"/>
        <line num="1535" count="0" type="stmt"/>
        <line num="1536" count="8" type="stmt"/>
        <line num="1537" count="8" type="stmt"/>
        <line num="1538" count="8" type="stmt"/>
        <line num="1550" count="8" type="cond" truecount="1" falsecount="0"/>
        <line num="1551" count="8" type="stmt"/>
        <line num="1552" count="8" type="stmt"/>
        <line num="1556" count="8" type="stmt"/>
        <line num="1557" count="16" type="stmt"/>
        <line num="1574" count="8" type="stmt"/>
        <line num="1587" count="54" type="cond" truecount="3" falsecount="0"/>
        <line num="1588" count="3" type="stmt"/>
        <line num="1590" count="51" type="stmt"/>
        <line num="1591" count="49" type="stmt"/>
        <line num="1592" count="49" type="cond" truecount="1" falsecount="0"/>
        <line num="1593" count="1" type="stmt"/>
        <line num="1595" count="48" type="cond" truecount="1" falsecount="1"/>
        <line num="1606" count="48" type="cond" truecount="2" falsecount="0"/>
        <line num="1607" count="14" type="stmt"/>
        <line num="1608" count="14" type="stmt"/>
        <line num="1609" count="14" type="stmt"/>
        <line num="1610" count="14" type="stmt"/>
        <line num="1612" count="34" type="stmt"/>
        <line num="1613" count="34" type="stmt"/>
        <line num="1614" count="34" type="stmt"/>
        <line num="1617" count="48" type="stmt"/>
        <line num="1618" count="48" type="stmt"/>
        <line num="1619" count="48" type="stmt"/>
        <line num="1620" count="48" type="stmt"/>
        <line num="1621" count="48" type="stmt"/>
        <line num="1622" count="48" type="stmt"/>
        <line num="1634" count="48" type="stmt"/>
        <line num="1647" count="47" type="stmt"/>
        <line num="1654" count="32" type="stmt"/>
        <line num="1655" count="31" type="cond" truecount="1" falsecount="1"/>
        <line num="1656" count="31" type="cond" truecount="1" falsecount="0"/>
        <line num="1657" count="2" type="stmt"/>
        <line num="1661" count="29" type="stmt"/>
        <line num="1665" count="11" type="stmt"/>
        <line num="1666" count="171" type="stmt"/>
        <line num="1667" count="4" type="stmt"/>
        <line num="1669" count="85" type="stmt"/>
        <line num="1670" count="85" type="cond" truecount="1" falsecount="0"/>
        <line num="1671" count="84" type="stmt"/>
        <line num="1674" count="6" type="stmt"/>
        <line num="1675" count="7" type="stmt"/>
        <line num="1679" count="2" type="stmt"/>
        <line num="1685" count="9" type="stmt"/>
        <line num="1686" count="7" type="cond" truecount="0" falsecount="1"/>
        <line num="1687" count="7" type="cond" truecount="2" falsecount="0"/>
        <line num="1689" count="7" type="cond" truecount="2" falsecount="0"/>
        <line num="1690" count="5" type="stmt"/>
        <line num="1692" count="2" type="stmt"/>
        <line num="1694" count="4" type="stmt"/>
        <line num="1695" count="4" type="stmt"/>
        <line num="1698" count="7" type="stmt"/>
        <line num="1702" count="102" type="stmt"/>
        <line num="1703" count="212" type="stmt"/>
        <line num="1704" count="85" type="cond" truecount="4" falsecount="0"/>
        <line num="1708" count="16" type="stmt"/>
        <line num="1709" count="16" type="stmt"/>
        <line num="1710" count="17" type="cond" truecount="0" falsecount="1"/>
        <line num="1711" count="17" type="cond" truecount="1" falsecount="0"/>
        <line num="1712" count="11" type="cond" truecount="2" falsecount="0"/>
        <line num="1714" count="16" type="stmt"/>
        <line num="1718" count="11" type="stmt"/>
        <line num="1719" count="11" type="stmt"/>
        <line num="1720" count="54" type="stmt"/>
        <line num="1722" count="11" type="stmt"/>
        <line num="1725" count="358" type="stmt"/>
        <line num="1734" count="11" type="stmt"/>
        <line num="1735" count="11" type="cond" truecount="1" falsecount="0"/>
        <line num="1736" count="10" type="cond" truecount="1" falsecount="1"/>
        <line num="1739" count="10" type="cond" truecount="2" falsecount="0"/>
        <line num="1740" count="6" type="stmt"/>
        <line num="1741" count="6" type="stmt"/>
        <line num="1742" count="6" type="cond" truecount="1" falsecount="1"/>
        <line num="1744" count="4" type="stmt"/>
        <line num="1745" count="4" type="stmt"/>
        <line num="1747" count="10" type="stmt"/>
        <line num="1748" count="10" type="stmt"/>
        <line num="1749" count="10" type="stmt"/>
        <line num="1756" count="92" type="stmt"/>
        <line num="1758" count="167" type="stmt"/>
        <line num="1759" count="150" type="stmt"/>
        <line num="1761" count="92" type="stmt"/>
        <line num="1765" count="35" type="cond" truecount="1" falsecount="1"/>
        <line num="1768" count="44" type="stmt"/>
        <line num="1778" count="2" type="cond" truecount="1" falsecount="1"/>
        <line num="1779" count="2" type="stmt"/>
        <line num="1783" count="4" type="cond" truecount="0" falsecount="1"/>
        <line num="1784" count="0" type="stmt"/>
        <line num="1786" count="3" type="stmt"/>
        <line num="1787" count="3" type="stmt"/>
        <line num="1788" count="3" type="cond" truecount="1" falsecount="0"/>
        <line num="1789" count="3" type="cond" truecount="1" falsecount="0"/>
        <line num="1790" count="3" type="cond" truecount="1" falsecount="0"/>
        <line num="1791" count="3" type="cond" truecount="1" falsecount="0"/>
        <line num="1792" count="3" type="cond" truecount="0" falsecount="1"/>
        <line num="1793" count="3" type="stmt"/>
        <line num="1795" count="3" type="stmt"/>
        <line num="1798" count="11" type="cond" truecount="0" falsecount="1"/>
        <line num="1799" count="0" type="stmt"/>
        <line num="1801" count="9" type="stmt"/>
        <line num="1802" count="9" type="stmt"/>
        <line num="1803" count="9" type="cond" truecount="1" falsecount="0"/>
        <line num="1804" count="9" type="cond" truecount="1" falsecount="0"/>
        <line num="1805" count="9" type="cond" truecount="3" falsecount="0"/>
        <line num="1807" count="9" type="cond" truecount="1" falsecount="0"/>
        <line num="1808" count="8" type="cond" truecount="0" falsecount="1"/>
        <line num="1809" count="8" type="stmt"/>
        <line num="1811" count="8" type="stmt"/>
        <line num="1814" count="1" type="stmt"/>
        <line num="1815" count="1" type="cond" truecount="0" falsecount="1"/>
        <line num="1816" count="1" type="cond" truecount="1" falsecount="0"/>
        <line num="1817" count="2" type="stmt"/>
        <line num="1819" count="1" type="stmt"/>
        <line num="1820" count="1" type="stmt"/>
        <line num="1821" count="1" type="stmt"/>
        <line num="1822" count="1" type="cond" truecount="1" falsecount="0"/>
        <line num="1823" count="1" type="cond" truecount="1" falsecount="0"/>
        <line num="1824" count="1" type="cond" truecount="1" falsecount="0"/>
        <line num="1825" count="1" type="stmt"/>
        <line num="1826" count="1" type="stmt"/>
        <line num="1827" count="1" type="cond" truecount="2" falsecount="0"/>
        <line num="1828" count="1" type="cond" truecount="2" falsecount="0"/>
        <line num="1830" count="1" type="cond" truecount="1" falsecount="0"/>
        <line num="1831" count="1" type="stmt"/>
        <line num="1833" count="1" type="cond" truecount="1" falsecount="0"/>
        <line num="1834" count="1" type="stmt"/>
        <line num="1835" count="1" type="stmt"/>
        <line num="1836" count="1" type="stmt"/>
        <line num="1837" count="2" type="stmt"/>
        <line num="1849" count="1" type="stmt"/>
        <line num="1852" count="0" type="stmt"/>
        <line num="1853" count="0" type="cond" truecount="0" falsecount="1"/>
        <line num="1854" count="0" type="stmt"/>
        <line num="1855" count="0" type="stmt"/>
        <line num="1861" count="0" type="stmt"/>
        <line num="1865" count="0" type="cond" truecount="0" falsecount="1"/>
        <line num="1866" count="0" type="stmt"/>
        <line num="1881" count="111" type="stmt"/>
        <line num="1895" count="101" type="stmt"/>
      </file>
    </package>
  </project>
</coverage>
