{"C:\\Users\\sudho\\Desktop\\Budgeting_App\\budget-tracker\\src\\ducks\\ResultsScreen.logic.ts": {"path":"C:\\Users\\sudho\\Desktop\\Budgeting_App\\budget-tracker\\src\\ducks\\ResultsScreen.logic.ts","statementMap":{"0":{"start":{"line":24,"column":0},"end":{"line":24,"column":16}},"1":{"start":{"line":56,"column":0},"end":{"line":56,"column":16}},"2":{"start":{"line":70,"column":0},"end":{"line":70,"column":16}},"3":{"start":{"line":81,"column":0},"end":{"line":81,"column":16}},"4":{"start":{"line":96,"column":0},"end":{"line":96,"column":16}},"5":{"start":{"line":7,"column":0},"end":{"line":7,"column":50}},"6":{"start":{"line":10,"column":23},"end":{"line":10,"column":83}},"7":{"start":{"line":25,"column":12},"end":{"line":25,"column":46}},"8":{"start":{"line":26,"column":2},"end":{"line":26,"column":54}},"9":{"start":{"line":26,"column":10},"end":{"line":26,"column":54}},"10":{"start":{"line":27,"column":18},"end":{"line":27,"column":36}},"11":{"start":{"line":28,"column":22},"end":{"line":28,"column":40}},"12":{"start":{"line":29,"column":28},"end":{"line":29,"column":30}},"13":{"start":{"line":30,"column":2},"end":{"line":41,"column":3}},"14":{"start":{"line":30,"column":15},"end":{"line":30,"column":16}},"15":{"start":{"line":31,"column":13},"end":{"line":31,"column":28}},"16":{"start":{"line":32,"column":13},"end":{"line":32,"column":20}},"17":{"start":{"line":33,"column":4},"end":{"line":36,"column":5}},"18":{"start":{"line":34,"column":6},"end":{"line":34,"column":15}},"19":{"start":{"line":35,"column":6},"end":{"line":35,"column":14}},"20":{"start":{"line":37,"column":4},"end":{"line":40,"column":7}},"21":{"start":{"line":42,"column":2},"end":{"line":42,"column":13}},"22":{"start":{"line":60,"column":2},"end":{"line":60,"column":95}},"23":{"start":{"line":60,"column":45},"end":{"line":60,"column":92}},"24":{"start":{"line":63,"column":28},"end":{"line":63,"column":81}},"25":{"start":{"line":71,"column":14},"end":{"line":71,"column":73}},"26":{"start":{"line":71,"column":48},"end":{"line":71,"column":65}},"27":{"start":{"line":72,"column":2},"end":{"line":74,"column":3}},"28":{"start":{"line":73,"column":4},"end":{"line":73,"column":38}},"29":{"start":{"line":73,"column":22},"end":{"line":73,"column":38}},"30":{"start":{"line":75,"column":2},"end":{"line":75,"column":23}},"31":{"start":{"line":82,"column":2},"end":{"line":82,"column":45}},"32":{"start":{"line":82,"column":31},"end":{"line":82,"column":36}},"33":{"start":{"line":85,"column":60},"end":{"line":90,"column":2}},"34":{"start":{"line":97,"column":2},"end":{"line":97,"column":70}}},"fnMap":{"0":{"name":"lastSixMonths","decl":{"start":{"line":24,"column":16},"end":{"line":24,"column":29}},"loc":{"start":{"line":24,"column":48},"end":{"line":43,"column":1}}},"1":{"name":"buildSpendTrend","decl":{"start":{"line":56,"column":16},"end":{"line":56,"column":31}},"loc":{"start":{"line":58,"column":41},"end":{"line":61,"column":1}}},"2":{"name":"(anonymous_2)","decl":{"start":{"line":60,"column":37},"end":{"line":60,"column":38}},"loc":{"start":{"line":60,"column":45},"end":{"line":60,"column":92}}},"3":{"name":"trendBlockValue","decl":{"start":{"line":70,"column":16},"end":{"line":70,"column":31}},"loc":{"start":{"line":70,"column":56},"end":{"line":76,"column":1}}},"4":{"name":"(anonymous_4)","decl":{"start":{"line":71,"column":35},"end":{"line":71,"column":36}},"loc":{"start":{"line":71,"column":48},"end":{"line":71,"column":65}}},"5":{"name":"goalsMetCount","decl":{"start":{"line":81,"column":16},"end":{"line":81,"column":29}},"loc":{"start":{"line":81,"column":66},"end":{"line":83,"column":1}}},"6":{"name":"(anonymous_6)","decl":{"start":{"line":82,"column":24},"end":{"line":82,"column":25}},"loc":{"start":{"line":82,"column":31},"end":{"line":82,"column":36}}},"7":{"name":"recapHeaderLine","decl":{"start":{"line":96,"column":16},"end":{"line":96,"column":31}},"loc":{"start":{"line":96,"column":71},"end":{"line":98,"column":1}}}},"branchMap":{"0":{"loc":{"start":{"line":26,"column":2},"end":{"line":26,"column":54}},"type":"if","locations":[{"start":{"line":26,"column":2},"end":{"line":26,"column":54}}]},"1":{"loc":{"start":{"line":39,"column":13},"end":{"line":39,"column":42}},"type":"binary-expr","locations":[{"start":{"line":39,"column":13},"end":{"line":39,"column":35}},{"start":{"line":39,"column":39},"end":{"line":39,"column":42}}]},"2":{"loc":{"start":{"line":71,"column":48},"end":{"line":71,"column":65}},"type":"cond-expr","locations":[{"start":{"line":71,"column":58},"end":{"line":71,"column":59}},{"start":{"line":71,"column":62},"end":{"line":71,"column":65}}]},"3":{"loc":{"start":{"line":73,"column":4},"end":{"line":73,"column":38}},"type":"if","locations":[{"start":{"line":73,"column":4},"end":{"line":73,"column":38}}]}},"s":{"0":1,"1":1,"2":1,"3":1,"4":1,"5":1,"6":1,"7":5,"8":5,"9":1,"10":4,"11":4,"12":4,"13":4,"14":4,"15":24,"16":24,"17":24,"18":4,"19":4,"20":24,"21":4,"22":1,"23":6,"24":1,"25":4,"26":6,"27":4,"28":12,"29":3,"30":1,"31":3,"32":9,"33":1,"34":4},"f":{"0":5,"1":1,"2":6,"3":4,"4":6,"5":3,"6":9,"7":4},"b":{"0":[1],"1":[24,0],"2":[3,3],"3":[3]}}
,"C:\\Users\\sudho\\Desktop\\Budgeting_App\\budget-tracker\\src\\ducks\\appEngine.ts": {"path":"C:\\Users\\sudho\\Desktop\\Budgeting_App\\budget-tracker\\src\\ducks\\appEngine.ts","statementMap":{"0":{"start":{"line":38,"column":0},"end":{"line":38,"column":16}},"1":{"start":{"line":57,"column":0},"end":{"line":57,"column":16}},"2":{"start":{"line":75,"column":0},"end":{"line":75,"column":16}},"3":{"start":{"line":102,"column":0},"end":{"line":102,"column":16}},"4":{"start":{"line":5,"column":0},"end":{"line":5,"column":44}},"5":{"start":{"line":6,"column":0},"end":{"line":6,"column":69}},"6":{"start":{"line":7,"column":0},"end":{"line":7,"column":60}},"7":{"start":{"line":8,"column":0},"end":{"line":8,"column":null}},"8":{"start":{"line":14,"column":0},"end":{"line":14,"column":42}},"9":{"start":{"line":15,"column":0},"end":{"line":15,"column":40}},"10":{"start":{"line":18,"column":36},"end":{"line":18,"column":40}},"11":{"start":{"line":19,"column":47},"end":{"line":19,"column":51}},"12":{"start":{"line":27,"column":25},"end":{"line":27,"column":43}},"13":{"start":{"line":28,"column":42},"end":{"line":36,"column":2}},"14":{"start":{"line":30,"column":16},"end":{"line":30,"column":72}},"15":{"start":{"line":31,"column":4},"end":{"line":31,"column":59}},"16":{"start":{"line":34,"column":4},"end":{"line":34,"column":71}},"17":{"start":{"line":39,"column":2},"end":{"line":48,"column":3}},"18":{"start":{"line":40,"column":14},"end":{"line":40,"column":45}},"19":{"start":{"line":40,"column":20},"end":{"line":40,"column":45}},"20":{"start":{"line":41,"column":4},"end":{"line":47,"column":7}},"21":{"start":{"line":44,"column":30},"end":{"line":44,"column":52}},"22":{"start":{"line":46,"column":28},"end":{"line":46,"column":85}},"23":{"start":{"line":46,"column":61},"end":{"line":46,"column":72}},"24":{"start":{"line":49,"column":2},"end":{"line":49,"column":16}},"25":{"start":{"line":58,"column":2},"end":{"line":65,"column":3}},"26":{"start":{"line":59,"column":14},"end":{"line":59,"column":45}},"27":{"start":{"line":59,"column":20},"end":{"line":59,"column":45}},"28":{"start":{"line":60,"column":4},"end":{"line":64,"column":7}},"29":{"start":{"line":61,"column":29},"end":{"line":61,"column":50}},"30":{"start":{"line":62,"column":30},"end":{"line":62,"column":52}},"31":{"start":{"line":66,"column":2},"end":{"line":66,"column":21}},"32":{"start":{"line":76,"column":28},"end":{"line":76,"column":61}},"33":{"start":{"line":77,"column":2},"end":{"line":92,"column":19}},"34":{"start":{"line":78,"column":16},"end":{"line":78,"column":20}},"35":{"start":{"line":79,"column":4},"end":{"line":88,"column":9}},"36":{"start":{"line":82,"column":8},"end":{"line":84,"column":9}},"37":{"start":{"line":83,"column":10},"end":{"line":83,"column":95}},"38":{"start":{"line":87,"column":8},"end":{"line":87,"column":61}},"39":{"start":{"line":87,"column":19},"end":{"line":87,"column":61}},"40":{"start":{"line":89,"column":4},"end":{"line":91,"column":6}},"41":{"start":{"line":90,"column":6},"end":{"line":90,"column":20}},"42":{"start":{"line":93,"column":2},"end":{"line":93,"column":15}},"43":{"start":{"line":103,"column":32},"end":{"line":103,"column":75}},"44":{"start":{"line":104,"column":2},"end":{"line":118,"column":19}},"45":{"start":{"line":105,"column":16},"end":{"line":105,"column":20}},"46":{"start":{"line":106,"column":18},"end":{"line":106,"column":55}},"47":{"start":{"line":107,"column":4},"end":{"line":114,"column":9}},"48":{"start":{"line":110,"column":8},"end":{"line":110,"column":38}},"49":{"start":{"line":110,"column":19},"end":{"line":110,"column":38}},"50":{"start":{"line":113,"column":8},"end":{"line":113,"column":34}},"51":{"start":{"line":113,"column":19},"end":{"line":113,"column":34}},"52":{"start":{"line":115,"column":4},"end":{"line":117,"column":6}},"53":{"start":{"line":116,"column":6},"end":{"line":116,"column":20}},"54":{"start":{"line":119,"column":2},"end":{"line":119,"column":17}}},"fnMap":{"0":{"name":"(anonymous_1)","decl":{"start":{"line":29,"column":2},"end":{"line":29,"column":7}},"loc":{"start":{"line":29,"column":37},"end":{"line":32,"column":3}}},"1":{"name":"(anonymous_2)","decl":{"start":{"line":33,"column":2},"end":{"line":33,"column":7}},"loc":{"start":{"line":33,"column":47},"end":{"line":35,"column":3}}},"2":{"name":"getDuckEngine","decl":{"start":{"line":38,"column":16},"end":{"line":38,"column":29}},"loc":{"start":{"line":38,"column":29},"end":{"line":50,"column":1}}},"3":{"name":"(anonymous_4)","decl":{"start":{"line":40,"column":14},"end":{"line":40,"column":17}},"loc":{"start":{"line":40,"column":20},"end":{"line":40,"column":45}}},"4":{"name":"(anonymous_5)","decl":{"start":{"line":44,"column":24},"end":{"line":44,"column":27}},"loc":{"start":{"line":44,"column":30},"end":{"line":44,"column":52}}},"5":{"name":"(anonymous_6)","decl":{"start":{"line":46,"column":20},"end":{"line":46,"column":21}},"loc":{"start":{"line":46,"column":28},"end":{"line":46,"column":85}}},"6":{"name":"(anonymous_7)","decl":{"start":{"line":46,"column":54},"end":{"line":46,"column":55}},"loc":{"start":{"line":46,"column":61},"end":{"line":46,"column":72}}},"7":{"name":"getPayPeriodRecapEngine","decl":{"start":{"line":57,"column":16},"end":{"line":57,"column":39}},"loc":{"start":{"line":57,"column":39},"end":{"line":67,"column":1}}},"8":{"name":"(anonymous_9)","decl":{"start":{"line":59,"column":14},"end":{"line":59,"column":17}},"loc":{"start":{"line":59,"column":20},"end":{"line":59,"column":45}}},"9":{"name":"(anonymous_10)","decl":{"start":{"line":61,"column":18},"end":{"line":61,"column":19}},"loc":{"start":{"line":61,"column":29},"end":{"line":61,"column":50}}},"10":{"name":"(anonymous_11)","decl":{"start":{"line":62,"column":24},"end":{"line":62,"column":27}},"loc":{"start":{"line":62,"column":30},"end":{"line":62,"column":52}}},"11":{"name":"useFlock","decl":{"start":{"line":75,"column":16},"end":{"line":75,"column":24}},"loc":{"start":{"line":75,"column":39},"end":{"line":94,"column":1}}},"12":{"name":"(anonymous_13)","decl":{"start":{"line":77,"column":12},"end":{"line":77,"column":15}},"loc":{"start":{"line":77,"column":17},"end":{"line":92,"column":3}}},"13":{"name":"(anonymous_14)","decl":{"start":{"line":81,"column":12},"end":{"line":81,"column":13}},"loc":{"start":{"line":81,"column":18},"end":{"line":85,"column":7}}},"14":{"name":"(anonymous_15)","decl":{"start":{"line":86,"column":13},"end":{"line":86,"column":16}},"loc":{"start":{"line":86,"column":18},"end":{"line":88,"column":7}}},"15":{"name":"(anonymous_16)","decl":{"start":{"line":89,"column":11},"end":{"line":89,"column":14}},"loc":{"start":{"line":89,"column":16},"end":{"line":91,"column":5}}},"16":{"name":"usePendingRecaps","decl":{"start":{"line":102,"column":16},"end":{"line":102,"column":32}},"loc":{"start":{"line":102,"column":47},"end":{"line":120,"column":1}}},"17":{"name":"(anonymous_18)","decl":{"start":{"line":104,"column":12},"end":{"line":104,"column":15}},"loc":{"start":{"line":104,"column":17},"end":{"line":118,"column":3}}},"18":{"name":"(anonymous_19)","decl":{"start":{"line":109,"column":12},"end":{"line":109,"column":13}},"loc":{"start":{"line":109,"column":23},"end":{"line":111,"column":7}}},"19":{"name":"(anonymous_20)","decl":{"start":{"line":112,"column":13},"end":{"line":112,"column":16}},"loc":{"start":{"line":112,"column":18},"end":{"line":114,"column":7}}},"20":{"name":"(anonymous_21)","decl":{"start":{"line":115,"column":11},"end":{"line":115,"column":14}},"loc":{"start":{"line":115,"column":16},"end":{"line":117,"column":5}}}},"branchMap":{"0":{"loc":{"start":{"line":31,"column":11},"end":{"line":31,"column":58}},"type":"cond-expr","locations":[{"start":{"line":31,"column":36},"end":{"line":31,"column":51}},{"start":{"line":31,"column":54},"end":{"line":31,"column":58}}]},"1":{"loc":{"start":{"line":31,"column":11},"end":{"line":31,"column":32}},"type":"binary-expr","locations":[{"start":{"line":31,"column":11},"end":{"line":31,"column":14}},{"start":{"line":31,"column":18},"end":{"line":31,"column":32}}]},"2":{"loc":{"start":{"line":39,"column":2},"end":{"line":48,"column":3}},"type":"if","locations":[{"start":{"line":39,"column":2},"end":{"line":48,"column":3}}]},"3":{"loc":{"start":{"line":46,"column":28},"end":{"line":46,"column":85}},"type":"binary-expr","locations":[{"start":{"line":46,"column":28},"end":{"line":46,"column":79}},{"start":{"line":46,"column":83},"end":{"line":46,"column":85}}]},"4":{"loc":{"start":{"line":58,"column":2},"end":{"line":65,"column":3}},"type":"if","locations":[{"start":{"line":58,"column":2},"end":{"line":65,"column":3}}]},"5":{"loc":{"start":{"line":75,"column":25},"end":{"line":75,"column":39}},"type":"default-arg","locations":[{"start":{"line":75,"column":38},"end":{"line":75,"column":39}}]},"6":{"loc":{"start":{"line":82,"column":8},"end":{"line":84,"column":9}},"type":"if","locations":[{"start":{"line":82,"column":8},"end":{"line":84,"column":9}}]},"7":{"loc":{"start":{"line":83,"column":53},"end":{"line":83,"column":91}},"type":"binary-expr","locations":[{"start":{"line":83,"column":53},"end":{"line":83,"column":86}},{"start":{"line":83,"column":90},"end":{"line":83,"column":91}}]},"8":{"loc":{"start":{"line":87,"column":8},"end":{"line":87,"column":61}},"type":"if","locations":[{"start":{"line":87,"column":8},"end":{"line":87,"column":61}}]},"9":{"loc":{"start":{"line":102,"column":33},"end":{"line":102,"column":47}},"type":"default-arg","locations":[{"start":{"line":102,"column":46},"end":{"line":102,"column":47}}]},"10":{"loc":{"start":{"line":110,"column":8},"end":{"line":110,"column":38}},"type":"if","locations":[{"start":{"line":110,"column":8},"end":{"line":110,"column":38}}]},"11":{"loc":{"start":{"line":113,"column":8},"end":{"line":113,"column":34}},"type":"if","locations":[{"start":{"line":113,"column":8},"end":{"line":113,"column":34}}]}},"s":{"0":0,"1":0,"2":0,"3":0,"4":0,"5":0,"6":0,"7":0,"8":0,"9":0,"10":0,"11":0,"12":0,"13":0,"14":0,"15":0,"16":0,"17":0,"18":0,"19":0,"20":0,"21":0,"22":0,"23":0,"24":0,"25":0,"26":0,"27":0,"28":0,"29":0,"30":0,"31":0,"32":0,"33":0,"34":0,"35":0,"36":0,"37":0,"38":0,"39":0,"40":0,"41":0,"42":0,"43":0,"44":0,"45":0,"46":0,"47":0,"48":0,"49":0,"50":0,"51":0,"52":0,"53":0,"54":0},"f":{"0":0,"1":0,"2":0,"3":0,"4":0,"5":0,"6":0,"7":0,"8":0,"9":0,"10":0,"11":0,"12":0,"13":0,"14":0,"15":0,"16":0,"17":0,"18":0,"19":0,"20":0},"b":{"0":[0,0],"1":[0,0],"2":[0],"3":[0,0],"4":[0],"5":[0],"6":[0],"7":[0,0],"8":[0],"9":[0],"10":[0],"11":[0]}}
,"C:\\Users\\sudho\\Desktop\\Budgeting_App\\budget-tracker\\src\\ducks\\copy.ts": {"path":"C:\\Users\\sudho\\Desktop\\Budgeting_App\\budget-tracker\\src\\ducks\\copy.ts","statementMap":{"0":{"start":{"line":19,"column":0},"end":{"line":19,"column":16}},"1":{"start":{"line":27,"column":0},"end":{"line":27,"column":16}},"2":{"start":{"line":39,"column":0},"end":{"line":39,"column":16}},"3":{"start":{"line":44,"column":0},"end":{"line":44,"column":16}},"4":{"start":{"line":77,"column":0},"end":{"line":77,"column":16}},"5":{"start":{"line":87,"column":0},"end":{"line":87,"column":16}},"6":{"start":{"line":13,"column":15},"end":{"line":16,"column":2}},"7":{"start":{"line":20,"column":17},"end":{"line":20,"column":33}},"8":{"start":{"line":21,"column":14},"end":{"line":21,"column":33}},"9":{"start":{"line":22,"column":15},"end":{"line":22,"column":26}},"10":{"start":{"line":23,"column":2},"end":{"line":23,"column":39}},"11":{"start":{"line":28,"column":16},"end":{"line":28,"column":32}},"12":{"start":{"line":29,"column":14},"end":{"line":29,"column":33}},"13":{"start":{"line":30,"column":15},"end":{"line":30,"column":26}},"14":{"start":{"line":31,"column":2},"end":{"line":31,"column":55}},"15":{"start":{"line":40,"column":2},"end":{"line":40,"column":54}},"16":{"start":{"line":45,"column":2},"end":{"line":45,"column":65}},"17":{"start":{"line":49,"column":30},"end":{"line":58,"column":2}},"18":{"start":{"line":61,"column":27},"end":{"line":70,"column":2}},"19":{"start":{"line":78,"column":16},"end":{"line":78,"column":32}},"20":{"start":{"line":79,"column":19},"end":{"line":79,"column":34}},"21":{"start":{"line":80,"column":2},"end":{"line":80,"column":42}},"22":{"start":{"line":88,"column":2},"end":{"line":94,"column":3}},"23":{"start":{"line":89,"column":4},"end":{"line":92,"column":5}},"24":{"start":{"line":90,"column":18},"end":{"line":90,"column":68}},"25":{"start":{"line":91,"column":6},"end":{"line":91,"column":37}},"26":{"start":{"line":93,"column":4},"end":{"line":93,"column":74}},"27":{"start":{"line":95,"column":2},"end":{"line":108,"column":3}},"28":{"start":{"line":97,"column":6},"end":{"line":100,"column":7}},"29":{"start":{"line":98,"column":20},"end":{"line":98,"column":73}},"30":{"start":{"line":99,"column":8},"end":{"line":99,"column":42}},"31":{"start":{"line":101,"column":6},"end":{"line":101,"column":70}},"32":{"start":{"line":103,"column":6},"end":{"line":103,"column":77}},"33":{"start":{"line":105,"column":6},"end":{"line":105,"column":101}},"34":{"start":{"line":107,"column":6},"end":{"line":107,"column":88}},"35":{"start":{"line":112,"column":13},"end":{"line":112,"column":61}},"36":{"start":{"line":113,"column":13},"end":{"line":113,"column":62}}},"fnMap":{"0":{"name":"monthLabel","decl":{"start":{"line":19,"column":16},"end":{"line":19,"column":26}},"loc":{"start":{"line":19,"column":42},"end":{"line":24,"column":1}}},"1":{"name":"monthDuckLabel","decl":{"start":{"line":27,"column":16},"end":{"line":27,"column":30}},"loc":{"start":{"line":27,"column":46},"end":{"line":32,"column":1}}},"2":{"name":"earnDuckWarning","decl":{"start":{"line":39,"column":16},"end":{"line":39,"column":31}},"loc":{"start":{"line":39,"column":47},"end":{"line":41,"column":1}}},"3":{"name":"earnDuckPrompt","decl":{"start":{"line":44,"column":16},"end":{"line":44,"column":30}},"loc":{"start":{"line":44,"column":46},"end":{"line":46,"column":1}}},"4":{"name":"celebrationVariantIndex","decl":{"start":{"line":77,"column":16},"end":{"line":77,"column":39}},"loc":{"start":{"line":77,"column":84},"end":{"line":81,"column":1}}},"5":{"name":"outcomeCopy","decl":{"start":{"line":87,"column":16},"end":{"line":87,"column":27}},"loc":{"start":{"line":87,"column":97},"end":{"line":109,"column":1}}}},"branchMap":{"0":{"loc":{"start":{"line":23,"column":9},"end":{"line":23,"column":38}},"type":"cond-expr","locations":[{"start":{"line":23,"column":16},"end":{"line":23,"column":30}},{"start":{"line":23,"column":33},"end":{"line":23,"column":38}}]},"1":{"loc":{"start":{"line":31,"column":9},"end":{"line":31,"column":54}},"type":"cond-expr","locations":[{"start":{"line":31,"column":16},"end":{"line":31,"column":32}},{"start":{"line":31,"column":35},"end":{"line":31,"column":54}}]},"2":{"loc":{"start":{"line":88,"column":2},"end":{"line":94,"column":3}},"type":"if","locations":[{"start":{"line":88,"column":2},"end":{"line":94,"column":3}}]},"3":{"loc":{"start":{"line":89,"column":4},"end":{"line":92,"column":5}},"type":"if","locations":[{"start":{"line":89,"column":4},"end":{"line":92,"column":5}}]},"4":{"loc":{"start":{"line":95,"column":2},"end":{"line":108,"column":3}},"type":"switch","locations":[{"start":{"line":96,"column":4},"end":{"line":101,"column":70}},{"start":{"line":102,"column":4},"end":{"line":103,"column":77}},{"start":{"line":104,"column":4},"end":{"line":105,"column":101}},{"start":{"line":106,"column":4},"end":{"line":107,"column":88}}]},"5":{"loc":{"start":{"line":97,"column":6},"end":{"line":100,"column":7}},"type":"if","locations":[{"start":{"line":97,"column":6},"end":{"line":100,"column":7}}]}},"s":{"0":1,"1":1,"2":1,"3":1,"4":1,"5":1,"6":1,"7":4,"8":4,"9":4,"10":4,"11":6,"12":6,"13":6,"14":6,"15":2,"16":2,"17":1,"18":1,"19":32,"20":32,"21":32,"22":39,"23":19,"24":15,"25":15,"26":4,"27":20,"28":15,"29":14,"30":14,"31":1,"32":2,"33":1,"34":2,"35":1,"36":1},"f":{"0":4,"1":6,"2":2,"3":2,"4":32,"5":39},"b":{"0":[3,1],"1":[6,0],"2":[19],"3":[15],"4":[15,2,1,2],"5":[14]}}
,"C:\\Users\\sudho\\Desktop\\Budgeting_App\\budget-tracker\\src\\ducks\\engine.ts": {"path":"C:\\Users\\sudho\\Desktop\\Budgeting_App\\budget-tracker\\src\\ducks\\engine.ts","statementMap":{"0":{"start":{"line":115,"column":0},"end":{"line":115,"column":16}},"1":{"start":{"line":523,"column":0},"end":{"line":523,"column":16}},"2":{"start":{"line":14,"column":0},"end":{"line":14,"column":43}},"3":{"start":{"line":77,"column":13},"end":{"line":82,"column":2}},"4":{"start":{"line":94,"column":4},"end":{"line":94,"column":19}},"5":{"start":{"line":95,"column":4},"end":{"line":95,"column":33}},"6":{"start":{"line":92,"column":0},"end":{"line":92,"column":13}},"7":{"start":{"line":116,"column":2},"end":{"line":116,"column":26}},"8":{"start":{"line":119,"column":2},"end":{"line":119,"column":27}},"9":{"start":{"line":151,"column":4},"end":{"line":151,"column":26}},"10":{"start":{"line":152,"column":4},"end":{"line":152,"column":28}},"11":{"start":{"line":153,"column":4},"end":{"line":153,"column":50}},"12":{"start":{"line":154,"column":4},"end":{"line":154,"column":38}},"13":{"start":{"line":155,"column":4},"end":{"line":155,"column":53}},"14":{"start":{"line":155,"column":49},"end":{"line":155,"column":51}},"15":{"start":{"line":156,"column":4},"end":{"line":156,"column":69}},"16":{"start":{"line":167,"column":16},"end":{"line":167,"column":46}},"17":{"start":{"line":169,"column":6},"end":{"line":173,"column":61}},"18":{"start":{"line":174,"column":4},"end":{"line":174,"column":27}},"19":{"start":{"line":195,"column":22},"end":{"line":195,"column":71}},"20":{"start":{"line":195,"column":41},"end":{"line":195,"column":70}},"21":{"start":{"line":196,"column":4},"end":{"line":196,"column":86}},"22":{"start":{"line":196,"column":32},"end":{"line":196,"column":86}},"23":{"start":{"line":197,"column":22},"end":{"line":197,"column":76}},"24":{"start":{"line":197,"column":46},"end":{"line":197,"column":75}},"25":{"start":{"line":198,"column":16},"end":{"line":198,"column":38}},"26":{"start":{"line":199,"column":4},"end":{"line":205,"column":5}},"27":{"start":{"line":200,"column":20},"end":{"line":203,"column":8}},"28":{"start":{"line":201,"column":24},"end":{"line":201,"column":65}},"29":{"start":{"line":202,"column":8},"end":{"line":202,"column":75}},"30":{"start":{"line":204,"column":6},"end":{"line":204,"column":48}},"31":{"start":{"line":206,"column":18},"end":{"line":209,"column":6}},"32":{"start":{"line":207,"column":21},"end":{"line":207,"column":62}},"33":{"start":{"line":208,"column":6},"end":{"line":208,"column":71}},"34":{"start":{"line":210,"column":4},"end":{"line":210,"column":46}},"35":{"start":{"line":231,"column":19},"end":{"line":231,"column":51}},"36":{"start":{"line":234,"column":4},"end":{"line":244,"column":5}},"37":{"start":{"line":235,"column":6},"end":{"line":235,"column":26}},"38":{"start":{"line":236,"column":6},"end":{"line":238,"column":80}},"39":{"start":{"line":240,"column":6},"end":{"line":240,"column":69}},"40":{"start":{"line":242,"column":18},"end":{"line":242,"column":78}},"41":{"start":{"line":243,"column":6},"end":{"line":243,"column":61}},"42":{"start":{"line":245,"column":4},"end":{"line":245,"column":27}},"43":{"start":{"line":256,"column":22},"end":{"line":256,"column":71}},"44":{"start":{"line":256,"column":41},"end":{"line":256,"column":70}},"45":{"start":{"line":257,"column":4},"end":{"line":257,"column":45}},"46":{"start":{"line":257,"column":32},"end":{"line":257,"column":45}},"47":{"start":{"line":258,"column":17},"end":{"line":258,"column":57}},"48":{"start":{"line":259,"column":4},"end":{"line":259,"column":92}},"49":{"start":{"line":259,"column":35},"end":{"line":259,"column":90}},"50":{"start":{"line":263,"column":43},"end":{"line":268,"column":6}},"51":{"start":{"line":269,"column":27},"end":{"line":269,"column":53}},"52":{"start":{"line":270,"column":32},"end":{"line":270,"column":62}},"53":{"start":{"line":271,"column":28},"end":{"line":271,"column":65}},"54":{"start":{"line":272,"column":22},"end":{"line":274,"column":33}},"55":{"start":{"line":279,"column":6},"end":{"line":282,"column":38}},"56":{"start":{"line":282,"column":24},"end":{"line":282,"column":37}},"57":{"start":{"line":283,"column":4},"end":{"line":290,"column":6}},"58":{"start":{"line":307,"column":42},"end":{"line":307,"column":53}},"59":{"start":{"line":308,"column":4},"end":{"line":311,"column":5}},"60":{"start":{"line":309,"column":6},"end":{"line":309,"column":78}},"61":{"start":{"line":309,"column":27},"end":{"line":309,"column":78}},"62":{"start":{"line":310,"column":6},"end":{"line":310,"column":102}},"63":{"start":{"line":312,"column":4},"end":{"line":312,"column":88}},"64":{"start":{"line":312,"column":24},"end":{"line":312,"column":88}},"65":{"start":{"line":313,"column":4},"end":{"line":313,"column":44}},"66":{"start":{"line":332,"column":4},"end":{"line":332,"column":44}},"67":{"start":{"line":332,"column":31},"end":{"line":332,"column":44}},"68":{"start":{"line":333,"column":23},"end":{"line":333,"column":49}},"69":{"start":{"line":334,"column":4},"end":{"line":334,"column":41}},"70":{"start":{"line":334,"column":28},"end":{"line":334,"column":41}},"71":{"start":{"line":335,"column":27},"end":{"line":335,"column":60}},"72":{"start":{"line":336,"column":4},"end":{"line":336,"column":62}},"73":{"start":{"line":336,"column":49},"end":{"line":336,"column":62}},"74":{"start":{"line":337,"column":4},"end":{"line":337,"column":16}},"75":{"start":{"line":354,"column":42},"end":{"line":354,"column":53}},"76":{"start":{"line":355,"column":4},"end":{"line":360,"column":5}},"77":{"start":{"line":356,"column":6},"end":{"line":359,"column":8}},"78":{"start":{"line":361,"column":4},"end":{"line":370,"column":5}},"79":{"start":{"line":366,"column":6},"end":{"line":369,"column":8}},"80":{"start":{"line":371,"column":4},"end":{"line":381,"column":5}},"81":{"start":{"line":372,"column":21},"end":{"line":372,"column":85}},"82":{"start":{"line":372,"column":57},"end":{"line":372,"column":83}},"83":{"start":{"line":373,"column":6},"end":{"line":380,"column":7}},"84":{"start":{"line":374,"column":8},"end":{"line":379,"column":10}},"85":{"start":{"line":405,"column":4},"end":{"line":408,"column":5}},"86":{"start":{"line":406,"column":6},"end":{"line":406,"column":97}},"87":{"start":{"line":407,"column":6},"end":{"line":407,"column":18}},"88":{"start":{"line":409,"column":4},"end":{"line":409,"column":17}},"89":{"start":{"line":415,"column":21},"end":{"line":415,"column":66}},"90":{"start":{"line":416,"column":4},"end":{"line":416,"column":45}},"91":{"start":{"line":416,"column":31},"end":{"line":416,"column":43}},"92":{"start":{"line":427,"column":20},"end":{"line":427,"column":43}},"93":{"start":{"line":428,"column":25},"end":{"line":428,"column":37}},"94":{"start":{"line":430,"column":34},"end":{"line":433,"column":6}},"95":{"start":{"line":434,"column":4},"end":{"line":434,"column":48}},"96":{"start":{"line":436,"column":26},"end":{"line":436,"column":72}},"97":{"start":{"line":436,"column":63},"end":{"line":436,"column":70}},"98":{"start":{"line":439,"column":23},"end":{"line":442,"column":13}},"99":{"start":{"line":440,"column":21},"end":{"line":440,"column":42}},"100":{"start":{"line":441,"column":21},"end":{"line":441,"column":68}},"101":{"start":{"line":444,"column":26},"end":{"line":444,"column":60}},"102":{"start":{"line":444,"column":50},"end":{"line":444,"column":58}},"103":{"start":{"line":445,"column":15},"end":{"line":445,"column":34}},"104":{"start":{"line":448,"column":16},"end":{"line":448,"column":74}},"105":{"start":{"line":450,"column":75},"end":{"line":450,"column":77}},"106":{"start":{"line":452,"column":4},"end":{"line":490,"column":5}},"107":{"start":{"line":453,"column":20},"end":{"line":453,"column":51}},"108":{"start":{"line":459,"column":6},"end":{"line":459,"column":32}},"109":{"start":{"line":459,"column":23},"end":{"line":459,"column":32}},"110":{"start":{"line":461,"column":21},"end":{"line":461,"column":33}},"111":{"start":{"line":462,"column":18},"end":{"line":462,"column":67}},"112":{"start":{"line":464,"column":6},"end":{"line":472,"column":7}},"113":{"start":{"line":465,"column":8},"end":{"line":465,"column":78}},"114":{"start":{"line":466,"column":13},"end":{"line":472,"column":7}},"115":{"start":{"line":471,"column":8},"end":{"line":471,"column":20}},"116":{"start":{"line":473,"column":6},"end":{"line":473,"column":22}},"117":{"start":{"line":475,"column":41},"end":{"line":487,"column":8}},"118":{"start":{"line":488,"column":6},"end":{"line":488,"column":56}},"119":{"start":{"line":489,"column":6},"end":{"line":489,"column":19}},"120":{"start":{"line":492,"column":4},"end":{"line":498,"column":5}},"121":{"start":{"line":493,"column":6},"end":{"line":497,"column":9}},"122":{"start":{"line":494,"column":42},"end":{"line":494,"column":54}},"123":{"start":{"line":500,"column":4},"end":{"line":500,"column":18}},"124":{"start":{"line":504,"column":20},"end":{"line":504,"column":43}},"125":{"start":{"line":505,"column":18},"end":{"line":505,"column":56}},"126":{"start":{"line":506,"column":4},"end":{"line":506,"column":48}},"127":{"start":{"line":507,"column":18},"end":{"line":507,"column":52}},"128":{"start":{"line":507,"column":42},"end":{"line":507,"column":50}},"129":{"start":{"line":512,"column":4},"end":{"line":518,"column":5}},"130":{"start":{"line":513,"column":6},"end":{"line":517,"column":9}},"131":{"start":{"line":519,"column":4},"end":{"line":519,"column":87}},"132":{"start":{"line":519,"column":38},"end":{"line":519,"column":46}},"133":{"start":{"line":142,"column":0},"end":{"line":142,"column":13}},"134":{"start":{"line":524,"column":2},"end":{"line":524,"column":34}}},"fnMap":{"0":{"name":"(anonymous_0)","decl":{"start":{"line":93,"column":2},"end":{"line":93,"column":14}},"loc":{"start":{"line":93,"column":29},"end":{"line":96,"column":3}}},"1":{"name":"monthOf","decl":{"start":{"line":115,"column":16},"end":{"line":115,"column":23}},"loc":{"start":{"line":115,"column":37},"end":{"line":117,"column":1}}},"2":{"name":"dayOf","decl":{"start":{"line":118,"column":9},"end":{"line":118,"column":14}},"loc":{"start":{"line":118,"column":28},"end":{"line":120,"column":1}}},"3":{"name":"(anonymous_3)","decl":{"start":{"line":150,"column":2},"end":{"line":150,"column":14}},"loc":{"start":{"line":150,"column":34},"end":{"line":157,"column":3}}},"4":{"name":"(anonymous_4)","decl":{"start":{"line":155,"column":41},"end":{"line":155,"column":42}},"loc":{"start":{"line":155,"column":49},"end":{"line":155,"column":51}}},"5":{"name":"(anonymous_5)","decl":{"start":{"line":166,"column":10},"end":{"line":166,"column":24}},"loc":{"start":{"line":166,"column":67},"end":{"line":175,"column":3}}},"6":{"name":"(anonymous_6)","decl":{"start":{"line":192,"column":10},"end":{"line":192,"column":29}},"loc":{"start":{"line":193,"column":99},"end":{"line":211,"column":3}}},"7":{"name":"(anonymous_7)","decl":{"start":{"line":195,"column":34},"end":{"line":195,"column":35}},"loc":{"start":{"line":195,"column":41},"end":{"line":195,"column":70}}},"8":{"name":"(anonymous_8)","decl":{"start":{"line":197,"column":39},"end":{"line":197,"column":40}},"loc":{"start":{"line":197,"column":46},"end":{"line":197,"column":75}}},"9":{"name":"(anonymous_9)","decl":{"start":{"line":200,"column":34},"end":{"line":200,"column":35}},"loc":{"start":{"line":200,"column":40},"end":{"line":203,"column":7}}},"10":{"name":"(anonymous_10)","decl":{"start":{"line":206,"column":32},"end":{"line":206,"column":33}},"loc":{"start":{"line":206,"column":38},"end":{"line":209,"column":5}}},"11":{"name":"(anonymous_11)","decl":{"start":{"line":230,"column":10},"end":{"line":230,"column":25}},"loc":{"start":{"line":230,"column":55},"end":{"line":246,"column":3}}},"12":{"name":"(anonymous_12)","decl":{"start":{"line":253,"column":10},"end":{"line":253,"column":22}},"loc":{"start":{"line":254,"column":79},"end":{"line":260,"column":3}}},"13":{"name":"(anonymous_13)","decl":{"start":{"line":256,"column":34},"end":{"line":256,"column":35}},"loc":{"start":{"line":256,"column":41},"end":{"line":256,"column":70}}},"14":{"name":"(anonymous_14)","decl":{"start":{"line":259,"column":27},"end":{"line":259,"column":28}},"loc":{"start":{"line":259,"column":35},"end":{"line":259,"column":90}}},"15":{"name":"(anonymous_15)","decl":{"start":{"line":262,"column":10},"end":{"line":262,"column":15}},"loc":{"start":{"line":262,"column":45},"end":{"line":291,"column":3}}},"16":{"name":"(anonymous_16)","decl":{"start":{"line":282,"column":17},"end":{"line":282,"column":18}},"loc":{"start":{"line":282,"column":24},"end":{"line":282,"column":37}}},"17":{"name":"(anonymous_17)","decl":{"start":{"line":302,"column":10},"end":{"line":302,"column":24}},"loc":{"start":{"line":305,"column":16},"end":{"line":314,"column":3}}},"18":{"name":"(anonymous_18)","decl":{"start":{"line":331,"column":10},"end":{"line":331,"column":26}},"loc":{"start":{"line":331,"column":84},"end":{"line":338,"column":3}}},"19":{"name":"(anonymous_19)","decl":{"start":{"line":350,"column":10},"end":{"line":350,"column":29}},"loc":{"start":{"line":352,"column":82},"end":{"line":382,"column":3}}},"20":{"name":"(anonymous_20)","decl":{"start":{"line":372,"column":46},"end":{"line":372,"column":47}},"loc":{"start":{"line":372,"column":57},"end":{"line":372,"column":83}}},"21":{"name":"(anonymous_21)","decl":{"start":{"line":400,"column":10},"end":{"line":400,"column":28}},"loc":{"start":{"line":403,"column":20},"end":{"line":410,"column":3}}},"22":{"name":"(anonymous_22)","decl":{"start":{"line":414,"column":2},"end":{"line":414,"column":7}},"loc":{"start":{"line":414,"column":42},"end":{"line":417,"column":3}}},"23":{"name":"(anonymous_23)","decl":{"start":{"line":416,"column":24},"end":{"line":416,"column":25}},"loc":{"start":{"line":416,"column":31},"end":{"line":416,"column":43}}},"24":{"name":"(anonymous_24)","decl":{"start":{"line":424,"column":2},"end":{"line":424,"column":7}},"loc":{"start":{"line":425,"column":16},"end":{"line":501,"column":3}}},"25":{"name":"(anonymous_25)","decl":{"start":{"line":436,"column":56},"end":{"line":436,"column":57}},"loc":{"start":{"line":436,"column":63},"end":{"line":436,"column":70}}},"26":{"name":"(anonymous_26)","decl":{"start":{"line":440,"column":14},"end":{"line":440,"column":15}},"loc":{"start":{"line":440,"column":21},"end":{"line":440,"column":42}}},"27":{"name":"(anonymous_27)","decl":{"start":{"line":441,"column":14},"end":{"line":441,"column":15}},"loc":{"start":{"line":441,"column":21},"end":{"line":441,"column":68}}},"28":{"name":"(anonymous_28)","decl":{"start":{"line":444,"column":42},"end":{"line":444,"column":43}},"loc":{"start":{"line":444,"column":50},"end":{"line":444,"column":58}}},"29":{"name":"(anonymous_29)","decl":{"start":{"line":494,"column":35},"end":{"line":494,"column":36}},"loc":{"start":{"line":494,"column":42},"end":{"line":494,"column":54}}},"30":{"name":"(anonymous_30)","decl":{"start":{"line":503,"column":2},"end":{"line":503,"column":7}},"loc":{"start":{"line":503,"column":16},"end":{"line":520,"column":3}}},"31":{"name":"(anonymous_31)","decl":{"start":{"line":507,"column":34},"end":{"line":507,"column":35}},"loc":{"start":{"line":507,"column":42},"end":{"line":507,"column":50}}},"32":{"name":"(anonymous_32)","decl":{"start":{"line":519,"column":30},"end":{"line":519,"column":31}},"loc":{"start":{"line":519,"column":38},"end":{"line":519,"column":46}}},"33":{"name":"createDuckEngine","decl":{"start":{"line":523,"column":16},"end":{"line":523,"column":32}},"loc":{"start":{"line":523,"column":53},"end":{"line":525,"column":1}}}},"branchMap":{"0":{"loc":{"start":{"line":155,"column":19},"end":{"line":155,"column":52}},"type":"binary-expr","locations":[{"start":{"line":155,"column":19},"end":{"line":155,"column":36}},{"start":{"line":155,"column":41},"end":{"line":155,"column":51}}]},"1":{"loc":{"start":{"line":156,"column":48},"end":{"line":156,"column":65}},"type":"binary-expr","locations":[{"start":{"line":156,"column":48},"end":{"line":156,"column":59}},{"start":{"line":156,"column":63},"end":{"line":156,"column":65}}]},"2":{"loc":{"start":{"line":169,"column":6},"end":{"line":173,"column":61}},"type":"cond-expr","locations":[{"start":{"line":170,"column":10},"end":{"line":170,"column":30}},{"start":{"line":171,"column":10},"end":{"line":173,"column":61}}]},"3":{"loc":{"start":{"line":171,"column":10},"end":{"line":173,"column":61}},"type":"cond-expr","locations":[{"start":{"line":172,"column":12},"end":{"line":172,"column":47}},{"start":{"line":173,"column":12},"end":{"line":173,"column":61}}]},"4":{"loc":{"start":{"line":195,"column":41},"end":{"line":195,"column":70}},"type":"binary-expr","locations":[{"start":{"line":195,"column":41},"end":{"line":195,"column":49}},{"start":{"line":195,"column":53},"end":{"line":195,"column":70}}]},"5":{"loc":{"start":{"line":196,"column":4},"end":{"line":196,"column":86}},"type":"if","locations":[{"start":{"line":196,"column":4},"end":{"line":196,"column":86}}]},"6":{"loc":{"start":{"line":199,"column":4},"end":{"line":205,"column":5}},"type":"if","locations":[{"start":{"line":199,"column":4},"end":{"line":205,"column":5}}]},"7":{"loc":{"start":{"line":234,"column":4},"end":{"line":244,"column":5}},"type":"if","locations":[{"start":{"line":234,"column":4},"end":{"line":244,"column":5}},{"start":{"line":239,"column":11},"end":{"line":244,"column":5}}]},"8":{"loc":{"start":{"line":236,"column":15},"end":{"line":238,"column":79}},"type":"cond-expr","locations":[{"start":{"line":237,"column":10},"end":{"line":237,"column":32}},{"start":{"line":238,"column":10},"end":{"line":238,"column":79}}]},"9":{"loc":{"start":{"line":256,"column":41},"end":{"line":256,"column":70}},"type":"binary-expr","locations":[{"start":{"line":256,"column":41},"end":{"line":256,"column":49}},{"start":{"line":256,"column":53},"end":{"line":256,"column":70}}]},"10":{"loc":{"start":{"line":257,"column":4},"end":{"line":257,"column":45}},"type":"if","locations":[{"start":{"line":257,"column":4},"end":{"line":257,"column":45}}]},"11":{"loc":{"start":{"line":279,"column":6},"end":{"line":282,"column":38}},"type":"binary-expr","locations":[{"start":{"line":279,"column":6},"end":{"line":279,"column":18}},{"start":{"line":280,"column":6},"end":{"line":280,"column":19}},{"start":{"line":281,"column":6},"end":{"line":281,"column":26}},{"start":{"line":282,"column":6},"end":{"line":282,"column":38}}]},"12":{"loc":{"start":{"line":308,"column":4},"end":{"line":311,"column":5}},"type":"if","locations":[{"start":{"line":308,"column":4},"end":{"line":311,"column":5}}]},"13":{"loc":{"start":{"line":309,"column":6},"end":{"line":309,"column":78}},"type":"if","locations":[{"start":{"line":309,"column":6},"end":{"line":309,"column":78}}]},"14":{"loc":{"start":{"line":312,"column":4},"end":{"line":312,"column":88}},"type":"if","locations":[{"start":{"line":312,"column":4},"end":{"line":312,"column":88}}]},"15":{"loc":{"start":{"line":332,"column":4},"end":{"line":332,"column":44}},"type":"if","locations":[{"start":{"line":332,"column":4},"end":{"line":332,"column":44}}]},"16":{"loc":{"start":{"line":334,"column":4},"end":{"line":334,"column":41}},"type":"if","locations":[{"start":{"line":334,"column":4},"end":{"line":334,"column":41}}]},"17":{"loc":{"start":{"line":336,"column":4},"end":{"line":336,"column":62}},"type":"if","locations":[{"start":{"line":336,"column":4},"end":{"line":336,"column":62}}]},"18":{"loc":{"start":{"line":336,"column":8},"end":{"line":336,"column":47}},"type":"binary-expr","locations":[{"start":{"line":336,"column":8},"end":{"line":336,"column":28}},{"start":{"line":336,"column":32},"end":{"line":336,"column":47}}]},"19":{"loc":{"start":{"line":355,"column":4},"end":{"line":360,"column":5}},"type":"if","locations":[{"start":{"line":355,"column":4},"end":{"line":360,"column":5}}]},"20":{"loc":{"start":{"line":361,"column":4},"end":{"line":370,"column":5}},"type":"if","locations":[{"start":{"line":361,"column":4},"end":{"line":370,"column":5}}]},"21":{"loc":{"start":{"line":362,"column":6},"end":{"line":364,"column":44}},"type":"binary-expr","locations":[{"start":{"line":362,"column":6},"end":{"line":362,"column":44}},{"start":{"line":363,"column":6},"end":{"line":363,"column":29}},{"start":{"line":364,"column":6},"end":{"line":364,"column":44}}]},"22":{"loc":{"start":{"line":371,"column":4},"end":{"line":381,"column":5}},"type":"if","locations":[{"start":{"line":371,"column":4},"end":{"line":381,"column":5}}]},"23":{"loc":{"start":{"line":372,"column":57},"end":{"line":372,"column":83}},"type":"cond-expr","locations":[{"start":{"line":372,"column":78},"end":{"line":372,"column":79}},{"start":{"line":372,"column":82},"end":{"line":372,"column":83}}]},"24":{"loc":{"start":{"line":373,"column":6},"end":{"line":380,"column":7}},"type":"if","locations":[{"start":{"line":373,"column":6},"end":{"line":380,"column":7}}]},"25":{"loc":{"start":{"line":405,"column":4},"end":{"line":408,"column":5}},"type":"if","locations":[{"start":{"line":405,"column":4},"end":{"line":408,"column":5}}]},"26":{"loc":{"start":{"line":405,"column":8},"end":{"line":405,"column":54}},"type":"binary-expr","locations":[{"start":{"line":405,"column":8},"end":{"line":405,"column":32}},{"start":{"line":405,"column":36},"end":{"line":405,"column":54}}]},"27":{"loc":{"start":{"line":459,"column":6},"end":{"line":459,"column":32}},"type":"if","locations":[{"start":{"line":459,"column":6},"end":{"line":459,"column":32}}]},"28":{"loc":{"start":{"line":464,"column":6},"end":{"line":472,"column":7}},"type":"if","locations":[{"start":{"line":464,"column":6},"end":{"line":472,"column":7}},{"start":{"line":466,"column":13},"end":{"line":472,"column":7}}]},"29":{"loc":{"start":{"line":466,"column":13},"end":{"line":472,"column":7}},"type":"if","locations":[{"start":{"line":466,"column":13},"end":{"line":472,"column":7}}]},"30":{"loc":{"start":{"line":466,"column":17},"end":{"line":466,"column":59}},"type":"binary-expr","locations":[{"start":{"line":466,"column":17},"end":{"line":466,"column":39}},{"start":{"line":466,"column":43},"end":{"line":466,"column":59}}]},"31":{"loc":{"start":{"line":492,"column":4},"end":{"line":498,"column":5}},"type":"if","locations":[{"start":{"line":492,"column":4},"end":{"line":498,"column":5}}]},"32":{"loc":{"start":{"line":512,"column":4},"end":{"line":518,"column":5}},"type":"if","locations":[{"start":{"line":512,"column":4},"end":{"line":518,"column":5}}]}},"s":{"0":4,"1":4,"2":4,"3":4,"4":11,"5":11,"6":4,"7":322,"8":124,"9":90,"10":90,"11":90,"12":90,"13":90,"14":95,"15":90,"16":122,"17":122,"18":122,"19":122,"20":114,"21":122,"22":26,"23":96,"24":106,"25":96,"26":96,"27":66,"28":75,"29":75,"30":66,"31":30,"32":30,"33":30,"34":30,"35":122,"36":122,"37":15,"38":15,"39":107,"40":107,"41":107,"42":122,"43":122,"44":114,"45":122,"46":26,"47":96,"48":96,"49":103,"50":122,"51":122,"52":122,"53":122,"54":122,"55":122,"56":4,"57":122,"58":113,"59":113,"60":72,"61":69,"62":3,"63":41,"64":24,"65":17,"66":146,"67":12,"68":134,"69":134,"70":10,"71":124,"72":124,"73":2,"74":122,"75":132,"76":132,"77":3,"78":129,"79":4,"80":125,"81":37,"82":35,"83":37,"84":4,"85":121,"86":79,"87":79,"88":42,"89":95,"90":85,"91":95,"92":109,"93":109,"94":109,"95":109,"96":101,"97":52,"98":101,"99":194,"100":146,"101":101,"102":79,"103":101,"104":101,"105":101,"106":101,"107":122,"108":122,"109":9,"110":113,"111":113,"112":113,"113":69,"114":44,"115":20,"116":113,"117":113,"118":113,"119":113,"120":101,"121":87,"122":113,"123":99,"124":23,"125":23,"126":23,"127":20,"128":23,"129":20,"130":7,"131":20,"132":30,"133":4,"134":90},"f":{"0":11,"1":322,"2":124,"3":90,"4":95,"5":122,"6":122,"7":114,"8":106,"9":75,"10":30,"11":122,"12":122,"13":114,"14":103,"15":122,"16":4,"17":113,"18":146,"19":132,"20":35,"21":121,"22":95,"23":95,"24":109,"25":52,"26":194,"27":146,"28":79,"29":113,"30":23,"31":23,"32":30,"33":90},"b":{"0":[90,83],"1":[90,89],"2":[35,87],"3":[61,26],"4":[114,107],"5":[26],"6":[66],"7":[15,107],"8":[12,3],"9":[114,107],"10":[26],"11":[122,15,12,11],"12":[72],"13":[69],"14":[24],"15":[12],"16":[10],"17":[2],"18":[124,72],"19":[3],"20":[4],"21":[129,129,127],"22":[37],"23":[1,34],"24":[4],"25":[79],"26":[121,88],"27":[9],"28":[69,44],"29":[20],"30":[44,24],"31":[87],"32":[7]}}
,"C:\\Users\\sudho\\Desktop\\Budgeting_App\\budget-tracker\\src\\ducks\\payPeriods.ts": {"path":"C:\\Users\\sudho\\Desktop\\Budgeting_App\\budget-tracker\\src\\ducks\\payPeriods.ts","statementMap":{"0":{"start":{"line":57,"column":0},"end":{"line":57,"column":16}},"1":{"start":{"line":89,"column":0},"end":{"line":89,"column":16}},"2":{"start":{"line":16,"column":0},"end":{"line":16,"column":59}},"3":{"start":{"line":43,"column":2},"end":{"line":43,"column":26}},"4":{"start":{"line":46,"column":2},"end":{"line":46,"column":44}},"5":{"start":{"line":58,"column":17},"end":{"line":58,"column":52}},"6":{"start":{"line":59,"column":27},"end":{"line":59,"column":29}},"7":{"start":{"line":60,"column":2},"end":{"line":71,"column":3}},"8":{"start":{"line":60,"column":15},"end":{"line":60,"column":16}},"9":{"start":{"line":61,"column":18},"end":{"line":61,"column":31}},"10":{"start":{"line":62,"column":21},"end":{"line":62,"column":30}},"11":{"start":{"line":63,"column":20},"end":{"line":63,"column":56}},"12":{"start":{"line":64,"column":4},"end":{"line":70,"column":7}},"13":{"start":{"line":72,"column":2},"end":{"line":72,"column":13}},"14":{"start":{"line":90,"column":36},"end":{"line":90,"column":41}},"15":{"start":{"line":91,"column":2},"end":{"line":95,"column":4}},"16":{"start":{"line":93,"column":6},"end":{"line":94,"column":66}}},"fnMap":{"0":{"name":"monthOf","decl":{"start":{"line":42,"column":9},"end":{"line":42,"column":16}},"loc":{"start":{"line":42,"column":30},"end":{"line":44,"column":1}}},"1":{"name":"addDays","decl":{"start":{"line":45,"column":9},"end":{"line":45,"column":16}},"loc":{"start":{"line":45,"column":41},"end":{"line":47,"column":1}}},"2":{"name":"payPeriodsFromPaydays","decl":{"start":{"line":57,"column":16},"end":{"line":57,"column":37}},"loc":{"start":{"line":57,"column":65},"end":{"line":73,"column":1}}},"3":{"name":"pendingRecaps","decl":{"start":{"line":89,"column":16},"end":{"line":89,"column":29}},"loc":{"start":{"line":89,"column":54},"end":{"line":96,"column":1}}},"4":{"name":"(anonymous_4)","decl":{"start":{"line":92,"column":4},"end":{"line":92,"column":5}},"loc":{"start":{"line":93,"column":6},"end":{"line":94,"column":66}}}},"branchMap":{"0":{"loc":{"start":{"line":68,"column":12},"end":{"line":68,"column":48}},"type":"cond-expr","locations":[{"start":{"line":68,"column":22},"end":{"line":68,"column":33}},{"start":{"line":68,"column":36},"end":{"line":68,"column":48}}]},"1":{"loc":{"start":{"line":69,"column":20},"end":{"line":69,"column":51}},"type":"cond-expr","locations":[{"start":{"line":69,"column":30},"end":{"line":69,"column":44}},{"start":{"line":69,"column":47},"end":{"line":69,"column":51}}]},"2":{"loc":{"start":{"line":93,"column":6},"end":{"line":94,"column":66}},"type":"binary-expr","locations":[{"start":{"line":93,"column":6},"end":{"line":93,"column":23}},{"start":{"line":94,"column":7},"end":{"line":94,"column":32}},{"start":{"line":94,"column":36},"end":{"line":94,"column":65}}]}},"s":{"0":3,"1":3,"2":3,"3":211,"4":95,"5":30,"6":30,"7":30,"8":30,"9":95,"10":95,"11":95,"12":95,"13":30,"14":23,"15":23,"16":80},"f":{"0":211,"1":95,"2":30,"3":23,"4":80},"b":{"0":[21,74],"1":[21,74],"2":[80,79,38]}}
,"C:\\Users\\sudho\\Desktop\\Budgeting_App\\budget-tracker\\src\\ducks\\recap.ts": {"path":"C:\\Users\\sudho\\Desktop\\Budgeting_App\\budget-tracker\\src\\ducks\\recap.ts","statementMap":{"0":{"start":{"line":87,"column":0},"end":{"line":87,"column":16}},"1":{"start":{"line":20,"column":0},"end":{"line":20,"column":61}},"2":{"start":{"line":46,"column":4},"end":{"line":46,"column":38}},"3":{"start":{"line":47,"column":4},"end":{"line":47,"column":50}},"4":{"start":{"line":48,"column":4},"end":{"line":48,"column":24}},"5":{"start":{"line":58,"column":20},"end":{"line":58,"column":43}},"6":{"start":{"line":59,"column":20},"end":{"line":59,"column":73}},"7":{"start":{"line":60,"column":29},"end":{"line":60,"column":75}},"8":{"start":{"line":61,"column":4},"end":{"line":61,"column":61}},"9":{"start":{"line":70,"column":20},"end":{"line":70,"column":43}},"10":{"start":{"line":71,"column":20},"end":{"line":71,"column":66}},"11":{"start":{"line":72,"column":4},"end":{"line":72,"column":56}},"12":{"start":{"line":72,"column":49},"end":{"line":72,"column":56}},"13":{"start":{"line":73,"column":4},"end":{"line":73,"column":61}},"14":{"start":{"line":81,"column":20},"end":{"line":81,"column":52}},"15":{"start":{"line":82,"column":4},"end":{"line":82,"column":37}},"16":{"start":{"line":82,"column":30},"end":{"line":82,"column":37}},"17":{"start":{"line":83,"column":4},"end":{"line":83,"column":65}},"18":{"start":{"line":40,"column":0},"end":{"line":40,"column":13}},"19":{"start":{"line":88,"column":2},"end":{"line":88,"column":40}},"20":{"start":{"line":93,"column":22},"end":{"line":93,"column":48}},"21":{"start":{"line":94,"column":11},"end":{"line":94,"column":12}},"22":{"start":{"line":97,"column":4},"end":{"line":97,"column":49}},"23":{"start":{"line":100,"column":4},"end":{"line":100,"column":21}},"24":{"start":{"line":101,"column":4},"end":{"line":101,"column":44}},"25":{"start":{"line":92,"column":0},"end":{"line":92,"column":13}}},"fnMap":{"0":{"name":"(anonymous_0)","decl":{"start":{"line":45,"column":2},"end":{"line":45,"column":14}},"loc":{"start":{"line":45,"column":38},"end":{"line":49,"column":3}}},"1":{"name":"(anonymous_1)","decl":{"start":{"line":57,"column":2},"end":{"line":57,"column":7}},"loc":{"start":{"line":57,"column":37},"end":{"line":62,"column":3}}},"2":{"name":"(anonymous_2)","decl":{"start":{"line":69,"column":2},"end":{"line":69,"column":7}},"loc":{"start":{"line":69,"column":37},"end":{"line":74,"column":3}}},"3":{"name":"(anonymous_3)","decl":{"start":{"line":80,"column":2},"end":{"line":80,"column":7}},"loc":{"start":{"line":80,"column":39},"end":{"line":84,"column":3}}},"4":{"name":"createPayPeriodRecapEngine","decl":{"start":{"line":87,"column":16},"end":{"line":87,"column":42}},"loc":{"start":{"line":87,"column":67},"end":{"line":89,"column":1}}},"5":{"name":"(anonymous_5)","decl":{"start":{"line":96,"column":2},"end":{"line":96,"column":7}},"loc":{"start":{"line":96,"column":45},"end":{"line":98,"column":3}}},"6":{"name":"(anonymous_6)","decl":{"start":{"line":99,"column":2},"end":{"line":99,"column":7}},"loc":{"start":{"line":99,"column":64},"end":{"line":102,"column":3}}}},"branchMap":{"0":{"loc":{"start":{"line":72,"column":4},"end":{"line":72,"column":56}},"type":"if","locations":[{"start":{"line":72,"column":4},"end":{"line":72,"column":56}}]},"1":{"loc":{"start":{"line":72,"column":8},"end":{"line":72,"column":47}},"type":"binary-expr","locations":[{"start":{"line":72,"column":8},"end":{"line":72,"column":24}},{"start":{"line":72,"column":28},"end":{"line":72,"column":47}}]},"2":{"loc":{"start":{"line":82,"column":4},"end":{"line":82,"column":37}},"type":"if","locations":[{"start":{"line":82,"column":4},"end":{"line":82,"column":37}}]},"3":{"loc":{"start":{"line":97,"column":11},"end":{"line":97,"column":48}},"type":"binary-expr","locations":[{"start":{"line":97,"column":11},"end":{"line":97,"column":40}},{"start":{"line":97,"column":44},"end":{"line":97,"column":48}}]}},"s":{"0":3,"1":3,"2":11,"3":11,"4":11,"5":21,"6":21,"7":21,"8":21,"9":8,"10":8,"11":8,"12":2,"13":6,"14":5,"15":5,"16":1,"17":4,"18":3,"19":11,"20":11,"21":11,"22":34,"23":6,"24":6,"25":3},"f":{"0":11,"1":21,"2":8,"3":5,"4":11,"5":34,"6":6},"b":{"0":[2],"1":[8,2],"2":[1],"3":[34,20]}}
,"C:\\Users\\sudho\\Desktop\\Budgeting_App\\budget-tracker\\src\\ducks\\sprites.ts": {"path":"C:\\Users\\sudho\\Desktop\\Budgeting_App\\budget-tracker\\src\\ducks\\sprites.ts","statementMap":{"0":{"start":{"line":339,"column":0},"end":{"line":339,"column":16}},"1":{"start":{"line":22,"column":13},"end":{"line":22,"column":27}},"2":{"start":{"line":23,"column":13},"end":{"line":23,"column":27}},"3":{"start":{"line":33,"column":13},"end":{"line":50,"column":2}},"4":{"start":{"line":52,"column":13},"end":{"line":52,"column":25}},"5":{"start":{"line":54,"column":14},"end":{"line":54,"column":36}},"6":{"start":{"line":57,"column":32},"end":{"line":70,"column":2}},"7":{"start":{"line":73,"column":13},"end":{"line":76,"column":3}},"8":{"start":{"line":79,"column":13},"end":{"line":79,"column":81}},"9":{"start":{"line":82,"column":13},"end":{"line":82,"column":84}},"10":{"start":{"line":85,"column":13},"end":{"line":85,"column":85}},"11":{"start":{"line":88,"column":13},"end":{"line":103,"column":2}},"12":{"start":{"line":106,"column":13},"end":{"line":121,"column":2}},"13":{"start":{"line":130,"column":25},"end":{"line":130,"column":27}},"14":{"start":{"line":131,"column":2},"end":{"line":131,"column":50}},"15":{"start":{"line":131,"column":15},"end":{"line":131,"column":16}},"16":{"start":{"line":131,"column":33},"end":{"line":131,"column":50}},"17":{"start":{"line":132,"column":2},"end":{"line":132,"column":37}},"18":{"start":{"line":132,"column":24},"end":{"line":132,"column":37}},"19":{"start":{"line":133,"column":2},"end":{"line":133,"column":50}},"20":{"start":{"line":133,"column":33},"end":{"line":133,"column":50}},"21":{"start":{"line":134,"column":16},"end":{"line":134,"column":64}},"22":{"start":{"line":134,"column":32},"end":{"line":134,"column":63}},"23":{"start":{"line":135,"column":2},"end":{"line":143,"column":5}},"24":{"start":{"line":136,"column":4},"end":{"line":136,"column":37}},"25":{"start":{"line":136,"column":26},"end":{"line":136,"column":37}},"26":{"start":{"line":137,"column":12},"end":{"line":137,"column":14}},"27":{"start":{"line":138,"column":4},"end":{"line":141,"column":5}},"28":{"start":{"line":138,"column":17},"end":{"line":138,"column":18}},"29":{"start":{"line":139,"column":17},"end":{"line":139,"column":23}},"30":{"start":{"line":140,"column":6},"end":{"line":140,"column":82}},"31":{"start":{"line":142,"column":4},"end":{"line":142,"column":13}},"32":{"start":{"line":147,"column":13},"end":{"line":147,"column":51}},"33":{"start":{"line":149,"column":13},"end":{"line":149,"column":51}},"34":{"start":{"line":157,"column":2},"end":{"line":157,"column":60}},"35":{"start":{"line":161,"column":13},"end":{"line":161,"column":63}},"36":{"start":{"line":163,"column":13},"end":{"line":163,"column":63}},"37":{"start":{"line":179,"column":13},"end":{"line":212,"column":2}},"38":{"start":{"line":232,"column":2},"end":{"line":232,"column":35}},"39":{"start":{"line":232,"column":15},"end":{"line":232,"column":35}},"40":{"start":{"line":233,"column":14},"end":{"line":233,"column":90}},"41":{"start":{"line":233,"column":47},"end":{"line":233,"column":52}},"42":{"start":{"line":234,"column":2},"end":{"line":234,"column":32}},"43":{"start":{"line":239,"column":2},"end":{"line":239,"column":36}},"44":{"start":{"line":239,"column":16},"end":{"line":239,"column":36}},"45":{"start":{"line":240,"column":2},"end":{"line":244,"column":5}},"46":{"start":{"line":241,"column":4},"end":{"line":241,"column":67}},"47":{"start":{"line":241,"column":16},"end":{"line":241,"column":67}},"48":{"start":{"line":242,"column":16},"end":{"line":242,"column":30}},"49":{"start":{"line":243,"column":4},"end":{"line":243,"column":56}},"50":{"start":{"line":250,"column":13},"end":{"line":250,"column":71}},"51":{"start":{"line":257,"column":13},"end":{"line":262,"column":2}},"52":{"start":{"line":269,"column":13},"end":{"line":276,"column":2}},"53":{"start":{"line":279,"column":13},"end":{"line":285,"column":2}},"54":{"start":{"line":288,"column":13},"end":{"line":291,"column":2}},"55":{"start":{"line":297,"column":13},"end":{"line":300,"column":2}},"56":{"start":{"line":308,"column":13},"end":{"line":313,"column":2}},"57":{"start":{"line":324,"column":13},"end":{"line":332,"column":2}},"58":{"start":{"line":340,"column":14},"end":{"line":340,"column":37}},"59":{"start":{"line":341,"column":2},"end":{"line":346,"column":5}},"60":{"start":{"line":342,"column":4},"end":{"line":345,"column":5}},"61":{"start":{"line":342,"column":17},"end":{"line":342,"column":18}},"62":{"start":{"line":343,"column":17},"end":{"line":343,"column":23}},"63":{"start":{"line":344,"column":6},"end":{"line":344,"column":59}},"64":{"start":{"line":344,"column":24},"end":{"line":344,"column":59}},"65":{"start":{"line":347,"column":2},"end":{"line":351,"column":3}},"66":{"start":{"line":347,"column":18},"end":{"line":347,"column":32}},"67":{"start":{"line":348,"column":4},"end":{"line":350,"column":5}},"68":{"start":{"line":349,"column":6},"end":{"line":349,"column":43}},"69":{"start":{"line":352,"column":2},"end":{"line":352,"column":34}}},"fnMap":{"0":{"name":"swim","decl":{"start":{"line":129,"column":9},"end":{"line":129,"column":13}},"loc":{"start":{"line":129,"column":41},"end":{"line":144,"column":1}}},"1":{"name":"(anonymous_1)","decl":{"start":{"line":134,"column":16},"end":{"line":134,"column":17}},"loc":{"start":{"line":134,"column":32},"end":{"line":134,"column":63}}},"2":{"name":"(anonymous_2)","decl":{"start":{"line":135,"column":37},"end":{"line":135,"column":38}},"loc":{"start":{"line":135,"column":48},"end":{"line":143,"column":3}}},"3":{"name":"stripWaterRows","decl":{"start":{"line":156,"column":9},"end":{"line":156,"column":23}},"loc":{"start":{"line":156,"column":47},"end":{"line":158,"column":1}}},"4":{"name":"shiftDown","decl":{"start":{"line":231,"column":9},"end":{"line":231,"column":18}},"loc":{"start":{"line":231,"column":54},"end":{"line":235,"column":1}}},"5":{"name":"(anonymous_5)","decl":{"start":{"line":233,"column":41},"end":{"line":233,"column":44}},"loc":{"start":{"line":233,"column":47},"end":{"line":233,"column":52}}},"6":{"name":"shiftRight","decl":{"start":{"line":238,"column":9},"end":{"line":238,"column":19}},"loc":{"start":{"line":238,"column":55},"end":{"line":245,"column":1}}},"7":{"name":"(anonymous_7)","decl":{"start":{"line":240,"column":18},"end":{"line":240,"column":19}},"loc":{"start":{"line":240,"column":26},"end":{"line":244,"column":3}}},"8":{"name":"resolveCells","decl":{"start":{"line":339,"column":16},"end":{"line":339,"column":28}},"loc":{"start":{"line":339,"column":82},"end":{"line":353,"column":1}}},"9":{"name":"(anonymous_9)","decl":{"start":{"line":341,"column":15},"end":{"line":341,"column":16}},"loc":{"start":{"line":341,"column":26},"end":{"line":346,"column":3}}}},"branchMap":{"0":{"loc":{"start":{"line":134,"column":32},"end":{"line":134,"column":63}},"type":"cond-expr","locations":[{"start":{"line":134,"column":54},"end":{"line":134,"column":57}},{"start":{"line":134,"column":60},"end":{"line":134,"column":63}}]},"1":{"loc":{"start":{"line":136,"column":4},"end":{"line":136,"column":37}},"type":"if","locations":[{"start":{"line":136,"column":4},"end":{"line":136,"column":37}}]},"2":{"loc":{"start":{"line":140,"column":11},"end":{"line":140,"column":81}},"type":"cond-expr","locations":[{"start":{"line":140,"column":68},"end":{"line":140,"column":76}},{"start":{"line":140,"column":79},"end":{"line":140,"column":81}}]},"3":{"loc":{"start":{"line":140,"column":11},"end":{"line":140,"column":65}},"type":"binary-expr","locations":[{"start":{"line":140,"column":11},"end":{"line":140,"column":29}},{"start":{"line":140,"column":33},"end":{"line":140,"column":45}},{"start":{"line":140,"column":49},"end":{"line":140,"column":65}}]},"4":{"loc":{"start":{"line":232,"column":2},"end":{"line":232,"column":35}},"type":"if","locations":[{"start":{"line":232,"column":2},"end":{"line":232,"column":35}}]},"5":{"loc":{"start":{"line":239,"column":2},"end":{"line":239,"column":36}},"type":"if","locations":[{"start":{"line":239,"column":2},"end":{"line":239,"column":36}}]},"6":{"loc":{"start":{"line":241,"column":4},"end":{"line":241,"column":67}},"type":"if","locations":[{"start":{"line":241,"column":4},"end":{"line":241,"column":67}}]},"7":{"loc":{"start":{"line":344,"column":6},"end":{"line":344,"column":59}},"type":"if","locations":[{"start":{"line":344,"column":6},"end":{"line":344,"column":59}}]}},"s":{"0":1,"1":1,"2":1,"3":1,"4":1,"5":1,"6":1,"7":1,"8":1,"9":1,"10":1,"11":1,"12":1,"13":2,"14":2,"15":2,"16":5,"17":2,"18":24,"19":2,"20":0,"21":2,"22":43,"23":2,"24":28,"25":24,"26":4,"27":4,"28":4,"29":64,"30":64,"31":4,"32":1,"33":1,"34":2,"35":1,"36":1,"37":1,"38":3,"39":0,"40":3,"41":3,"42":3,"43":12,"44":1,"45":11,"46":154,"47":98,"48":56,"49":56,"50":1,"51":1,"52":1,"53":1,"54":1,"55":1,"56":1,"57":1,"58":3,"59":3,"60":42,"61":42,"62":672,"63":672,"64":294,"65":3,"66":3,"67":4,"68":26,"69":3},"f":{"0":2,"1":43,"2":28,"3":2,"4":3,"5":3,"6":12,"7":154,"8":3,"9":42},"b":{"0":[22,21],"1":[24],"2":[43,21],"3":[64,32,21],"4":[0],"5":[1],"6":[98],"7":[294]}}
,"C:\\Users\\sudho\\Desktop\\Budgeting_App\\budget-tracker\\src\\ducks\\testReadPort.ts": {"path":"C:\\Users\\sudho\\Desktop\\Budgeting_App\\budget-tracker\\src\\ducks\\testReadPort.ts","statementMap":{"0":{"start":{"line":193,"column":0},"end":{"line":193,"column":16}},"1":{"start":{"line":14,"column":0},"end":{"line":14,"column":55}},"2":{"start":{"line":38,"column":17},"end":{"line":38,"column":42}},"3":{"start":{"line":39,"column":32},"end":{"line":39,"column":34}},"4":{"start":{"line":40,"column":19},"end":{"line":40,"column":45}},"5":{"start":{"line":41,"column":20},"end":{"line":41,"column":46}},"6":{"start":{"line":42,"column":18},"end":{"line":42,"column":73}},"7":{"start":{"line":43,"column":40},"end":{"line":43,"column":42}},"8":{"start":{"line":44,"column":19},"end":{"line":44,"column":38}},"9":{"start":{"line":52,"column":21},"end":{"line":52,"column":38}},"10":{"start":{"line":53,"column":4},"end":{"line":57,"column":5}},"11":{"start":{"line":54,"column":6},"end":{"line":54,"column":52}},"12":{"start":{"line":56,"column":6},"end":{"line":56,"column":86}},"13":{"start":{"line":58,"column":4},"end":{"line":58,"column":16}},"14":{"start":{"line":63,"column":14},"end":{"line":63,"column":38}},"15":{"start":{"line":64,"column":4},"end":{"line":64,"column":39}},"16":{"start":{"line":65,"column":4},"end":{"line":65,"column":27}},"17":{"start":{"line":66,"column":4},"end":{"line":66,"column":16}},"18":{"start":{"line":75,"column":4},"end":{"line":75,"column":29}},"19":{"start":{"line":76,"column":4},"end":{"line":76,"column":63}},"20":{"start":{"line":77,"column":4},"end":{"line":77,"column":38}},"21":{"start":{"line":78,"column":4},"end":{"line":78,"column":16}},"22":{"start":{"line":82,"column":4},"end":{"line":82,"column":35}},"23":{"start":{"line":83,"column":4},"end":{"line":83,"column":27}},"24":{"start":{"line":84,"column":4},"end":{"line":84,"column":16}},"25":{"start":{"line":87,"column":4},"end":{"line":87,"column":36}},"26":{"start":{"line":88,"column":4},"end":{"line":88,"column":27}},"27":{"start":{"line":89,"column":4},"end":{"line":89,"column":16}},"28":{"start":{"line":92,"column":4},"end":{"line":92,"column":46}},"29":{"start":{"line":93,"column":4},"end":{"line":93,"column":27}},"30":{"start":{"line":94,"column":4},"end":{"line":94,"column":16}},"31":{"start":{"line":97,"column":4},"end":{"line":97,"column":31}},"32":{"start":{"line":98,"column":4},"end":{"line":98,"column":16}},"33":{"start":{"line":102,"column":4},"end":{"line":102,"column":27}},"34":{"start":{"line":103,"column":4},"end":{"line":103,"column":16}},"35":{"start":{"line":107,"column":14},"end":{"line":107,"column":31}},"36":{"start":{"line":108,"column":4},"end":{"line":108,"column":90}},"37":{"start":{"line":108,"column":12},"end":{"line":108,"column":90}},"38":{"start":{"line":109,"column":4},"end":{"line":109,"column":13}},"39":{"start":{"line":115,"column":4},"end":{"line":121,"column":7}},"40":{"start":{"line":116,"column":20},"end":{"line":118,"column":63}},"41":{"start":{"line":117,"column":23},"end":{"line":117,"column":76}},"42":{"start":{"line":118,"column":35},"end":{"line":118,"column":56}},"43":{"start":{"line":119,"column":21},"end":{"line":119,"column":72}},"44":{"start":{"line":120,"column":6},"end":{"line":120,"column":65}},"45":{"start":{"line":125,"column":4},"end":{"line":125,"column":42}},"46":{"start":{"line":128,"column":4},"end":{"line":128,"column":43}},"47":{"start":{"line":131,"column":4},"end":{"line":131,"column":61}},"48":{"start":{"line":134,"column":4},"end":{"line":138,"column":6}},"49":{"start":{"line":136,"column":8},"end":{"line":137,"column":77}},"50":{"start":{"line":141,"column":4},"end":{"line":141,"column":42}},"51":{"start":{"line":37,"column":0},"end":{"line":37,"column":13}},"52":{"start":{"line":146,"column":42},"end":{"line":146,"column":44}},"53":{"start":{"line":147,"column":26},"end":{"line":147,"column":28}},"54":{"start":{"line":148,"column":26},"end":{"line":148,"column":27}},"55":{"start":{"line":149,"column":12},"end":{"line":149,"column":13}},"56":{"start":{"line":152,"column":4},"end":{"line":152,"column":68}},"57":{"start":{"line":152,"column":21},"end":{"line":152,"column":68}},"58":{"start":{"line":152,"column":57},"end":{"line":152,"column":65}},"59":{"start":{"line":153,"column":4},"end":{"line":153,"column":83}},"60":{"start":{"line":153,"column":43},"end":{"line":153,"column":83}},"61":{"start":{"line":154,"column":4},"end":{"line":154,"column":86}},"62":{"start":{"line":154,"column":27},"end":{"line":154,"column":86}},"63":{"start":{"line":154,"column":75},"end":{"line":154,"column":83}},"64":{"start":{"line":158,"column":4},"end":{"line":162,"column":6}},"65":{"start":{"line":159,"column":48},"end":{"line":159,"column":56}},"66":{"start":{"line":160,"column":36},"end":{"line":160,"column":44}},"67":{"start":{"line":169,"column":4},"end":{"line":169,"column":22}},"68":{"start":{"line":170,"column":4},"end":{"line":170,"column":74}},"69":{"start":{"line":170,"column":62},"end":{"line":170,"column":70}},"70":{"start":{"line":171,"column":4},"end":{"line":171,"column":52}},"71":{"start":{"line":171,"column":41},"end":{"line":171,"column":49}},"72":{"start":{"line":172,"column":4},"end":{"line":172,"column":45}},"73":{"start":{"line":176,"column":14},"end":{"line":176,"column":53}},"74":{"start":{"line":176,"column":37},"end":{"line":176,"column":52}},"75":{"start":{"line":177,"column":4},"end":{"line":177,"column":25}},"76":{"start":{"line":177,"column":11},"end":{"line":177,"column":25}},"77":{"start":{"line":182,"column":4},"end":{"line":182,"column":51}},"78":{"start":{"line":182,"column":40},"end":{"line":182,"column":48}},"79":{"start":{"line":185,"column":4},"end":{"line":185,"column":45}},"80":{"start":{"line":185,"column":34},"end":{"line":185,"column":42}},"81":{"start":{"line":188,"column":4},"end":{"line":188,"column":30}},"82":{"start":{"line":145,"column":0},"end":{"line":145,"column":13}},"83":{"start":{"line":194,"column":10},"end":{"line":194,"column":11}},"84":{"start":{"line":195,"column":2},"end":{"line":195,"column":34}},"85":{"start":{"line":195,"column":15},"end":{"line":195,"column":33}}},"fnMap":{"0":{"name":"(anonymous_0)","decl":{"start":{"line":51,"column":2},"end":{"line":51,"column":13}},"loc":{"start":{"line":51,"column":56},"end":{"line":59,"column":3}}},"1":{"name":"(anonymous_1)","decl":{"start":{"line":62,"column":2},"end":{"line":62,"column":11}},"loc":{"start":{"line":62,"column":62},"end":{"line":67,"column":3}}},"2":{"name":"(anonymous_2)","decl":{"start":{"line":74,"column":2},"end":{"line":74,"column":10}},"loc":{"start":{"line":74,"column":72},"end":{"line":79,"column":3}}},"3":{"name":"(anonymous_3)","decl":{"start":{"line":81,"column":2},"end":{"line":81,"column":11}},"loc":{"start":{"line":81,"column":42},"end":{"line":85,"column":3}}},"4":{"name":"(anonymous_4)","decl":{"start":{"line":86,"column":2},"end":{"line":86,"column":12}},"loc":{"start":{"line":86,"column":43},"end":{"line":90,"column":3}}},"5":{"name":"(anonymous_5)","decl":{"start":{"line":91,"column":2},"end":{"line":91,"column":10}},"loc":{"start":{"line":91,"column":58},"end":{"line":95,"column":3}}},"6":{"name":"(anonymous_6)","decl":{"start":{"line":96,"column":2},"end":{"line":96,"column":14}},"loc":{"start":{"line":96,"column":36},"end":{"line":99,"column":3}}},"7":{"name":"(anonymous_7)","decl":{"start":{"line":101,"column":2},"end":{"line":101,"column":12}},"loc":{"start":{"line":101,"column":28},"end":{"line":104,"column":3}}},"8":{"name":"(anonymous_8)","decl":{"start":{"line":106,"column":10},"end":{"line":106,"column":17}},"loc":{"start":{"line":106,"column":28},"end":{"line":110,"column":3}}},"9":{"name":"(anonymous_9)","decl":{"start":{"line":114,"column":2},"end":{"line":114,"column":7}},"loc":{"start":{"line":114,"column":46},"end":{"line":122,"column":3}}},"10":{"name":"(anonymous_10)","decl":{"start":{"line":115,"column":46},"end":{"line":115,"column":47}},"loc":{"start":{"line":115,"column":52},"end":{"line":121,"column":5}}},"11":{"name":"(anonymous_11)","decl":{"start":{"line":117,"column":16},"end":{"line":117,"column":17}},"loc":{"start":{"line":117,"column":23},"end":{"line":117,"column":76}}},"12":{"name":"(anonymous_12)","decl":{"start":{"line":118,"column":23},"end":{"line":118,"column":24}},"loc":{"start":{"line":118,"column":35},"end":{"line":118,"column":56}}},"13":{"name":"(anonymous_13)","decl":{"start":{"line":124,"column":2},"end":{"line":124,"column":7}},"loc":{"start":{"line":124,"column":43},"end":{"line":126,"column":3}}},"14":{"name":"(anonymous_14)","decl":{"start":{"line":127,"column":2},"end":{"line":127,"column":7}},"loc":{"start":{"line":127,"column":44},"end":{"line":129,"column":3}}},"15":{"name":"(anonymous_15)","decl":{"start":{"line":130,"column":2},"end":{"line":130,"column":7}},"loc":{"start":{"line":130,"column":47},"end":{"line":132,"column":3}}},"16":{"name":"(anonymous_16)","decl":{"start":{"line":133,"column":2},"end":{"line":133,"column":7}},"loc":{"start":{"line":133,"column":76},"end":{"line":139,"column":3}}},"17":{"name":"(anonymous_17)","decl":{"start":{"line":135,"column":6},"end":{"line":135,"column":7}},"loc":{"start":{"line":136,"column":8},"end":{"line":137,"column":77}}},"18":{"name":"(anonymous_18)","decl":{"start":{"line":140,"column":2},"end":{"line":140,"column":7}},"loc":{"start":{"line":140,"column":42},"end":{"line":142,"column":3}}},"19":{"name":"(anonymous_19)","decl":{"start":{"line":151,"column":2},"end":{"line":151,"column":14}},"loc":{"start":{"line":151,"column":95},"end":{"line":155,"column":3}}},"20":{"name":"(anonymous_20)","decl":{"start":{"line":152,"column":49},"end":{"line":152,"column":50}},"loc":{"start":{"line":152,"column":57},"end":{"line":152,"column":65}}},"21":{"name":"(anonymous_21)","decl":{"start":{"line":154,"column":67},"end":{"line":154,"column":68}},"loc":{"start":{"line":154,"column":75},"end":{"line":154,"column":83}}},"22":{"name":"(anonymous_22)","decl":{"start":{"line":157,"column":2},"end":{"line":157,"column":7}},"loc":{"start":{"line":157,"column":36},"end":{"line":163,"column":3}}},"23":{"name":"(anonymous_23)","decl":{"start":{"line":159,"column":40},"end":{"line":159,"column":41}},"loc":{"start":{"line":159,"column":48},"end":{"line":159,"column":56}}},"24":{"name":"(anonymous_24)","decl":{"start":{"line":160,"column":28},"end":{"line":160,"column":29}},"loc":{"start":{"line":160,"column":36},"end":{"line":160,"column":44}}},"25":{"name":"(anonymous_25)","decl":{"start":{"line":165,"column":2},"end":{"line":165,"column":7}},"loc":{"start":{"line":167,"column":85},"end":{"line":173,"column":3}}},"26":{"name":"(anonymous_26)","decl":{"start":{"line":170,"column":54},"end":{"line":170,"column":55}},"loc":{"start":{"line":170,"column":62},"end":{"line":170,"column":70}}},"27":{"name":"(anonymous_27)","decl":{"start":{"line":171,"column":33},"end":{"line":171,"column":34}},"loc":{"start":{"line":171,"column":41},"end":{"line":171,"column":49}}},"28":{"name":"(anonymous_28)","decl":{"start":{"line":175,"column":2},"end":{"line":175,"column":7}},"loc":{"start":{"line":175,"column":47},"end":{"line":178,"column":3}}},"29":{"name":"(anonymous_29)","decl":{"start":{"line":176,"column":30},"end":{"line":176,"column":31}},"loc":{"start":{"line":176,"column":37},"end":{"line":176,"column":52}}},"30":{"name":"(anonymous_30)","decl":{"start":{"line":181,"column":2},"end":{"line":181,"column":17}},"loc":{"start":{"line":181,"column":17},"end":{"line":183,"column":3}}},"31":{"name":"(anonymous_31)","decl":{"start":{"line":182,"column":32},"end":{"line":182,"column":33}},"loc":{"start":{"line":182,"column":40},"end":{"line":182,"column":48}}},"32":{"name":"(anonymous_32)","decl":{"start":{"line":184,"column":2},"end":{"line":184,"column":11}},"loc":{"start":{"line":184,"column":11},"end":{"line":186,"column":3}}},"33":{"name":"(anonymous_33)","decl":{"start":{"line":185,"column":26},"end":{"line":185,"column":27}},"loc":{"start":{"line":185,"column":34},"end":{"line":185,"column":42}}},"34":{"name":"(anonymous_34)","decl":{"start":{"line":187,"column":2},"end":{"line":187,"column":10}},"loc":{"start":{"line":187,"column":10},"end":{"line":189,"column":3}}},"35":{"name":"makeIdGen","decl":{"start":{"line":193,"column":16},"end":{"line":193,"column":25}},"loc":{"start":{"line":193,"column":39},"end":{"line":196,"column":1}}},"36":{"name":"(anonymous_36)","decl":{"start":{"line":195,"column":9},"end":{"line":195,"column":12}},"loc":{"start":{"line":195,"column":15},"end":{"line":195,"column":33}}}},"branchMap":{"0":{"loc":{"start":{"line":51,"column":26},"end":{"line":51,"column":56}},"type":"default-arg","locations":[{"start":{"line":51,"column":54},"end":{"line":51,"column":56}}]},"1":{"loc":{"start":{"line":53,"column":4},"end":{"line":57,"column":5}},"type":"if","locations":[{"start":{"line":53,"column":4},"end":{"line":57,"column":5}},{"start":{"line":55,"column":11},"end":{"line":57,"column":5}}]},"2":{"loc":{"start":{"line":54,"column":23},"end":{"line":54,"column":51}},"type":"binary-expr","locations":[{"start":{"line":54,"column":23},"end":{"line":54,"column":33}},{"start":{"line":54,"column":37},"end":{"line":54,"column":51}}]},"3":{"loc":{"start":{"line":56,"column":37},"end":{"line":56,"column":56}},"type":"binary-expr","locations":[{"start":{"line":56,"column":37},"end":{"line":56,"column":47}},{"start":{"line":56,"column":51},"end":{"line":56,"column":56}}]},"4":{"loc":{"start":{"line":108,"column":4},"end":{"line":108,"column":90}},"type":"if","locations":[{"start":{"line":108,"column":4},"end":{"line":108,"column":90}}]},"5":{"loc":{"start":{"line":117,"column":23},"end":{"line":117,"column":76}},"type":"binary-expr","locations":[{"start":{"line":117,"column":23},"end":{"line":117,"column":44}},{"start":{"line":117,"column":48},"end":{"line":117,"column":76}}]},"6":{"loc":{"start":{"line":119,"column":21},"end":{"line":119,"column":72}},"type":"cond-expr","locations":[{"start":{"line":119,"column":31},"end":{"line":119,"column":35}},{"start":{"line":119,"column":38},"end":{"line":119,"column":72}}]},"7":{"loc":{"start":{"line":119,"column":38},"end":{"line":119,"column":72}},"type":"binary-expr","locations":[{"start":{"line":119,"column":38},"end":{"line":119,"column":64}},{"start":{"line":119,"column":68},"end":{"line":119,"column":72}}]},"8":{"loc":{"start":{"line":125,"column":11},"end":{"line":125,"column":41}},"type":"binary-expr","locations":[{"start":{"line":125,"column":11},"end":{"line":125,"column":33}},{"start":{"line":125,"column":37},"end":{"line":125,"column":41}}]},"9":{"loc":{"start":{"line":128,"column":11},"end":{"line":128,"column":42}},"type":"binary-expr","locations":[{"start":{"line":128,"column":11},"end":{"line":128,"column":34}},{"start":{"line":128,"column":38},"end":{"line":128,"column":42}}]},"10":{"loc":{"start":{"line":131,"column":11},"end":{"line":131,"column":60}},"type":"binary-expr","locations":[{"start":{"line":131,"column":11},"end":{"line":131,"column":32}},{"start":{"line":131,"column":36},"end":{"line":131,"column":60}}]},"11":{"loc":{"start":{"line":136,"column":8},"end":{"line":137,"column":77}},"type":"binary-expr","locations":[{"start":{"line":136,"column":9},"end":{"line":136,"column":34}},{"start":{"line":136,"column":38},"end":{"line":136,"column":72}},{"start":{"line":137,"column":9},"end":{"line":137,"column":39}},{"start":{"line":137,"column":43},"end":{"line":137,"column":76}}]},"12":{"loc":{"start":{"line":152,"column":4},"end":{"line":152,"column":68}},"type":"if","locations":[{"start":{"line":152,"column":4},"end":{"line":152,"column":68}}]},"13":{"loc":{"start":{"line":153,"column":4},"end":{"line":153,"column":83}},"type":"if","locations":[{"start":{"line":153,"column":4},"end":{"line":153,"column":83}}]},"14":{"loc":{"start":{"line":154,"column":4},"end":{"line":154,"column":86}},"type":"if","locations":[{"start":{"line":154,"column":4},"end":{"line":154,"column":86}}]},"15":{"loc":{"start":{"line":177,"column":4},"end":{"line":177,"column":25}},"type":"if","locations":[{"start":{"line":177,"column":4},"end":{"line":177,"column":25}}]},"16":{"loc":{"start":{"line":193,"column":26},"end":{"line":193,"column":39}},"type":"default-arg","locations":[{"start":{"line":193,"column":35},"end":{"line":193,"column":39}}]}},"s":{"0":2,"1":2,"2":83,"3":83,"4":83,"5":83,"6":83,"7":83,"8":83,"9":104,"10":104,"11":38,"12":66,"13":104,"14":105,"15":105,"16":105,"17":105,"18":106,"19":106,"20":106,"21":106,"22":112,"23":112,"24":112,"25":113,"26":113,"27":113,"28":106,"29":106,"30":106,"31":0,"32":0,"33":22,"34":22,"35":211,"36":211,"37":0,"38":211,"39":115,"40":98,"41":271,"42":95,"43":98,"44":98,"45":115,"46":115,"47":115,"48":0,"49":0,"50":99,"51":2,"52":83,"53":83,"54":83,"55":83,"56":83,"57":11,"58":79,"59":83,"60":11,"61":83,"62":2,"63":3,"64":111,"65":51,"66":129,"67":84,"68":84,"69":101,"70":84,"71":168,"72":84,"73":0,"74":0,"75":0,"76":0,"77":54,"78":66,"79":22,"80":49,"81":2,"82":2,"83":83,"84":83,"85":246},"f":{"0":104,"1":105,"2":106,"3":112,"4":113,"5":106,"6":0,"7":22,"8":211,"9":115,"10":98,"11":271,"12":95,"13":115,"14":115,"15":115,"16":0,"17":0,"18":99,"19":83,"20":79,"21":3,"22":111,"23":51,"24":129,"25":84,"26":101,"27":168,"28":0,"29":0,"30":54,"31":66,"32":22,"33":49,"34":2,"35":83,"36":246},"b":{"0":[103],"1":[38,66],"2":[38,38],"3":[66,65],"4":[0],"5":[271,255],"6":[1,97],"7":[97,1],"8":[115,12],"9":[115,12],"10":[115,19],"11":[0,0,0,0],"12":[11],"13":[11],"14":[2],"15":[0],"16":[83]}}
[...]
mn":50}},{"start":{"line":1595,"column":54},"end":{"line":1595,"column":62}}]},"162":{"loc":{"start":{"line":1606,"column":6},"end":{"line":1615,"column":7}},"type":"if","locations":[{"start":{"line":1606,"column":6},"end":{"line":1615,"column":7}},{"start":{"line":1611,"column":13},"end":{"line":1615,"column":7}}]},"163":{"loc":{"start":{"line":1655,"column":23},"end":{"line":1655,"column":83}},"type":"binary-expr","locations":[{"start":{"line":1655,"column":23},"end":{"line":1655,"column":71}},{"start":{"line":1655,"column":75},"end":{"line":1655,"column":83}}]},"164":{"loc":{"start":{"line":1656,"column":6},"end":{"line":1660,"column":7}},"type":"if","locations":[{"start":{"line":1656,"column":6},"end":{"line":1660,"column":7}}]},"165":{"loc":{"start":{"line":1670,"column":6},"end":{"line":1670,"column":81}},"type":"if","locations":[{"start":{"line":1670,"column":6},"end":{"line":1670,"column":81}}]},"166":{"loc":{"start":{"line":1686,"column":6},"end":{"line":1686,"column":74}},"type":"if","locations":[{"start":{"line":1686,"column":6},"end":{"line":1686,"column":74}}]},"167":{"loc":{"start":{"line":1687,"column":17},"end":{"line":1687,"column":40}},"type":"binary-expr","locations":[{"start":{"line":1687,"column":17},"end":{"line":1687,"column":21}},{"start":{"line":1687,"column":25},"end":{"line":1687,"column":40}}]},"168":{"loc":{"start":{"line":1689,"column":6},"end":{"line":1697,"column":7}},"type":"if","locations":[{"start":{"line":1689,"column":6},"end":{"line":1697,"column":7}},{"start":{"line":1691,"column":13},"end":{"line":1697,"column":7}}]},"169":{"loc":{"start":{"line":1704,"column":25},"end":{"line":1704,"column":71}},"type":"cond-expr","locations":[{"start":{"line":1704,"column":43},"end":{"line":1704,"column":44}},{"start":{"line":1704,"column":47},"end":{"line":1704,"column":71}}]},"170":{"loc":{"start":{"line":1704,"column":47},"end":{"line":1704,"column":71}},"type":"cond-expr","locations":[{"start":{"line":1704,"column":65},"end":{"line":1704,"column":67}},{"start":{"line":1704,"column":70},"end":{"line":1704,"column":71}}]},"171":{"loc":{"start":{"line":1710,"column":8},"end":{"line":1710,"column":43}},"type":"if","locations":[{"start":{"line":1710,"column":8},"end":{"line":1710,"column":43}}]},"172":{"loc":{"start":{"line":1711,"column":8},"end":{"line":1711,"column":61}},"type":"if","locations":[{"start":{"line":1711,"column":8},"end":{"line":1711,"column":61}}]},"173":{"loc":{"start":{"line":1712,"column":33},"end":{"line":1712,"column":56}},"type":"binary-expr","locations":[{"start":{"line":1712,"column":33},"end":{"line":1712,"column":48}},{"start":{"line":1712,"column":52},"end":{"line":1712,"column":56}}]},"174":{"loc":{"start":{"line":1735,"column":6},"end":{"line":1735,"column":89}},"type":"if","locations":[{"start":{"line":1735,"column":6},"end":{"line":1735,"column":89}}]},"175":{"loc":{"start":{"line":1736,"column":23},"end":{"line":1736,"column":62}},"type":"binary-expr","locations":[{"start":{"line":1736,"column":23},"end":{"line":1736,"column":50}},{"start":{"line":1736,"column":54},"end":{"line":1736,"column":62}}]},"176":{"loc":{"start":{"line":1739,"column":6},"end":{"line":1746,"column":7}},"type":"if","locations":[{"start":{"line":1739,"column":6},"end":{"line":1746,"column":7}},{"start":{"line":1743,"column":13},"end":{"line":1746,"column":7}}]},"177":{"loc":{"start":{"line":1742,"column":17},"end":{"line":1742,"column":71}},"type":"binary-expr","locations":[{"start":{"line":1742,"column":17},"end":{"line":1742,"column":63}},{"start":{"line":1742,"column":67},"end":{"line":1742,"column":71}}]},"178":{"loc":{"start":{"line":1765,"column":32},"end":{"line":1765,"column":55}},"type":"binary-expr","locations":[{"start":{"line":1765,"column":32},"end":{"line":1765,"column":36}},{"start":{"line":1765,"column":40},"end":{"line":1765,"column":55}}]},"179":{"loc":{"start":{"line":1770,"column":17},"end":{"line":1770,"column":61}},"type":"binary-expr","locations":[{"start":{"line":1770,"column":17},"end":{"line":1770,"column":53}},{"start":{"line":1770,"column":57},"end":{"line":1770,"column":61}}]},"180":{"loc":{"start":{"line":1778,"column":17},"end":{"line":1778,"column":40}},"type":"binary-expr","locations":[{"start":{"line":1778,"column":17},"end":{"line":1778,"column":21}},{"start":{"line":1778,"column":25},"end":{"line":1778,"column":40}}]},"181":{"loc":{"start":{"line":1783,"column":6},"end":{"line":1785,"column":7}},"type":"if","locations":[{"start":{"line":1783,"column":6},"end":{"line":1785,"column":7}}]},"182":{"loc":{"start":{"line":1788,"column":8},"end":{"line":1788,"column":61}},"type":"if","locations":[{"start":{"line":1788,"column":8},"end":{"line":1788,"column":61}}]},"183":{"loc":{"start":{"line":1789,"column":8},"end":{"line":1789,"column":82}},"type":"if","locations":[{"start":{"line":1789,"column":8},"end":{"line":1789,"column":82}}]},"184":{"loc":{"start":{"line":1790,"column":8},"end":{"line":1790,"column":61}},"type":"if","locations":[{"start":{"line":1790,"column":8},"end":{"line":1790,"column":61}}]},"185":{"loc":{"start":{"line":1791,"column":8},"end":{"line":1791,"column":94}},"type":"if","locations":[{"start":{"line":1791,"column":8},"end":{"line":1791,"column":94}}]},"186":{"loc":{"start":{"line":1792,"column":8},"end":{"line":1792,"column":51}},"type":"if","locations":[{"start":{"line":1792,"column":8},"end":{"line":1792,"column":51}}]},"187":{"loc":{"start":{"line":1798,"column":6},"end":{"line":1800,"column":7}},"type":"if","locations":[{"start":{"line":1798,"column":6},"end":{"line":1800,"column":7}}]},"188":{"loc":{"start":{"line":1803,"column":8},"end":{"line":1803,"column":61}},"type":"if","locations":[{"start":{"line":1803,"column":8},"end":{"line":1803,"column":61}}]},"189":{"loc":{"start":{"line":1804,"column":8},"end":{"line":1804,"column":73}},"type":"if","locations":[{"start":{"line":1804,"column":8},"end":{"line":1804,"column":73}}]},"190":{"loc":{"start":{"line":1805,"column":8},"end":{"line":1805,"column":72}},"type":"if","locations":[{"start":{"line":1805,"column":8},"end":{"line":1805,"column":72}}]},"191":{"loc":{"start":{"line":1805,"column":52},"end":{"line":1805,"column":71}},"type":"cond-expr","locations":[{"start":{"line":1805,"column":66},"end":{"line":1805,"column":67}},{"start":{"line":1805,"column":70},"end":{"line":1805,"column":71}}]},"192":{"loc":{"start":{"line":1807,"column":8},"end":{"line":1807,"column":85}},"type":"if","locations":[{"start":{"line":1807,"column":8},"end":{"line":1807,"column":85}}]},"193":{"loc":{"start":{"line":1808,"column":8},"end":{"line":1808,"column":51}},"type":"if","locations":[{"start":{"line":1808,"column":8},"end":{"line":1808,"column":51}}]},"194":{"loc":{"start":{"line":1815,"column":6},"end":{"line":1815,"column":90}},"type":"if","locations":[{"start":{"line":1815,"column":6},"end":{"line":1815,"column":90}}]},"195":{"loc":{"start":{"line":1816,"column":6},"end":{"line":1818,"column":7}},"type":"if","locations":[{"start":{"line":1816,"column":6},"end":{"line":1818,"column":7}}]},"196":{"loc":{"start":{"line":1822,"column":8},"end":{"line":1822,"column":61}},"type":"if","locations":[{"start":{"line":1822,"column":8},"end":{"line":1822,"column":61}}]},"197":{"loc":{"start":{"line":1823,"column":8},"end":{"line":1823,"column":67}},"type":"if","locations":[{"start":{"line":1823,"column":8},"end":{"line":1823,"column":67}}]},"198":{"loc":{"start":{"line":1824,"column":8},"end":{"line":1829,"column":9}},"type":"if","locations":[{"start":{"line":1824,"column":8},"end":{"line":1829,"column":9}}]},"199":{"loc":{"start":{"line":1827,"column":41},"end":{"line":1827,"column":84}},"type":"binary-expr","locations":[{"start":{"line":1827,"column":41},"end":{"line":1827,"column":76}},{"start":{"line":1827,"column":80},"end":{"line":1827,"column":84}}]},"200":{"loc":{"start":{"line":1828,"column":41},"end":{"line":1828,"column":84}},"type":"binary-expr","locations":[{"start":{"line":1828,"column":41},"end":{"line":1828,"column":76}},{"start":{"line":1828,"column":80},"end":{"line":1828,"column":84}}]},"201":{"loc":{"start":{"line":1830,"column":8},"end":{"line":1832,"column":9}},"type":"if","locations":[{"start":{"line":1830,"column":8},"end":{"line":1832,"column":9}}]},"202":{"loc":{"start":{"line":1833,"column":8},"end":{"line":1847,"column":9}},"type":"if","locations":[{"start":{"line":1833,"column":8},"end":{"line":1847,"column":9}}]},"203":{"loc":{"start":{"line":1853,"column":6},"end":{"line":1853,"column":64}},"type":"if","locations":[{"start":{"line":1853,"column":6},"end":{"line":1853,"column":64}}]},"204":{"loc":{"start":{"line":1865,"column":6},"end":{"line":1865,"column":42}},"type":"if","locations":[{"start":{"line":1865,"column":6},"end":{"line":1865,"column":42}}]},"205":{"loc":{"start":{"line":1868,"column":20},"end":{"line":1868,"column":42}},"type":"binary-expr","locations":[{"start":{"line":1868,"column":20},"end":{"line":1868,"column":36}},{"start":{"line":1868,"column":40},"end":{"line":1868,"column":42}}]},"206":{"loc":{"start":{"line":1898,"column":16},"end":{"line":1898,"column":34}},"type":"binary-expr","locations":[{"start":{"line":1898,"column":16},"end":{"line":1898,"column":28}},{"start":{"line":1898,"column":32},"end":{"line":1898,"column":34}}]}},"s":{"0":15,"1":15,"2":15,"3":15,"4":15,"5":15,"6":15,"7":15,"8":15,"9":15,"10":2738,"11":1785,"12":1785,"13":1788,"14":1788,"15":1788,"16":1788,"17":1545,"18":1545,"19":1545,"20":228,"21":228,"22":228,"23":228,"24":881,"25":20,"26":34,"27":20,"28":20,"29":20,"30":20,"31":109,"32":109,"33":107,"34":109,"35":109,"36":469,"37":469,"38":109,"39":1412,"40":15,"41":15,"42":15,"43":767,"44":767,"45":767,"46":767,"47":767,"48":767,"49":767,"50":761,"51":761,"52":761,"53":6,"54":6,"55":0,"56":0,"57":6,"58":6,"59":6,"60":1100,"61":74,"62":1026,"63":273,"64":28,"65":2,"66":26,"67":18,"68":5,"69":2,"70":1,"71":15,"72":15,"73":565,"74":565,"75":0,"76":565,"77":15,"78":544,"79":1649,"80":15,"81":2726,"82":1554,"83":318,"84":15,"85":1095,"86":3621,"87":15,"88":916,"89":1171,"90":15,"91":194,"92":255,"93":1,"94":15,"95":214,"96":4,"97":15,"98":6,"99":6,"100":6,"101":0,"102":6,"103":1,"104":15,"105":538,"106":538,"107":538,"108":0,"109":538,"110":532,"111":6,"112":6,"113":6,"114":0,"115":6,"116":24,"117":15,"118":73,"119":73,"120":73,"121":32,"122":41,"123":20,"124":21,"125":90,"126":15,"127":889,"128":3036,"129":247,"130":15,"131":534,"132":534,"133":534,"134":534,"135":534,"136":534,"137":534,"138":534,"139":534,"140":534,"141":15,"142":82,"143":355,"144":15,"145":23,"146":48,"147":23,"148":15,"149":46,"150":68,"151":46,"152":0,"153":46,"154":46,"155":163,"156":9,"157":154,"158":91,"159":63,"160":35,"161":28,"162":28,"163":46,"164":15,"165":15,"166":12,"167":12,"168":12,"169":12,"170":12,"171":12,"172":12,"173":12,"174":12,"175":12,"176":0,"177":0,"178":0,"179":0,"180":0,"181":15,"182":15,"183":15,"184":3,"185":12,"186":12,"187":12,"188":12,"189":108,"190":12,"191":12,"192":15,"193":92,"194":16,"195":92,"196":77,"197":15,"198":15,"199":3,"200":12,"201":3,"202":12,"203":12,"204":12,"205":12,"206":12,"207":3,"208":9,"209":3,"210":9,"211":3,"212":3,"213":6,"214":12,"215":15,"216":913,"217":913,"218":913,"219":787,"220":913,"221":913,"222":913,"223":682,"224":913,"225":600,"226":913,"227":638,"228":913,"229":341,"230":913,"231":3,"232":913,"233":12,"234":913,"235":9,"236":913,"237":139,"238":913,"239":913,"240":25,"241":913,"242":17,"243":913,"244":913,"245":137,"246":169,"247":169,"248":913,"249":25,"250":913,"251":15,"252":913,"253":680,"254":913,"255":596,"256":913,"257":634,"258":626,"259":913,"260":15,"261":18,"262":31,"263":13,"264":80,"265":24,"266":17,"267":34,"268":17,"269":17,"270":17,"271":17,"272":95,"273":19,"274":17,"275":95,"276":76,"277":19,"278":0,"279":19,"280":3,"281":16,"282":16,"283":3,"284":13,"285":13,"286":17,"287":8,"288":19,"289":8,"290":8,"291":7,"292":8,"293":36,"294":127,"295":10,"296":10,"297":81,"298":81,"299":10,"300":24,"301":24,"302":10,"303":15,"304":24,"305":24,"306":25,"307":24,"308":20,"309":24,"310":24,"311":24,"312":20,"313":24,"314":8,"315":24,"316":11,"317":11,"318":11,"319":11,"320":3,"321":2,"322":11,"323":10,"324":1,"325":9,"326":10,"327":4,"328":4,"329":10,"330":10,"331":10,"332":4,"333":1,"334":10,"335":10,"336":3,"337":7,"338":10,"339":1,"340":1,"341":1,"342":15,"343":153,"344":153,"345":153,"346":153,"347":1,"348":1,"349":1,"350":0,"351":0,"352":1,"353":0,"354":155,"355":155,"356":155,"357":155,"358":155,"359":155,"360":2,"361":2,"362":2,"363":137,"364":137,"365":137,"366":137,"367":137,"368":137,"369":137,"370":0,"371":0,"372":0,"373":30,"374":30,"375":30,"376":30,"377":30,"378":30,"379":30,"380":32,"381":30,"382":30,"383":145,"384":145,"385":145,"386":145,"387":144,"388":144,"389":144,"390":144,"391":4,"392":4,"393":4,"394":4,"395":4,"396":0,"397":4,"398":3,"399":3,"400":3,"401":1,"402":3,"403":3,"404":3,"405":3,"406":1,"407":2,"408":3,"409":3,"410":11,"411":11,"412":1,"413":10,"414":1,"415":9,"416":9,"417":9,"418":9,"419":9,"420":9,"421":9,"422":2,"423":2,"424":0,"425":2,"426":0,"427":2,"428":0,"429":2,"430":0,"431":2,"432":2,"433":2,"434":0,"435":2,"436":0,"437":2,"438":0,"439":2,"440":0,"441":2,"442":2,"443":2,"444":0,"445":2,"446":2,"447":10,"448":10,"449":1,"450":9,"451":1,"452":8,"453":8,"454":6,"455":7,"456":7,"457":7,"458":7,"459":7,"460":7,"461":7,"462":2,"463":1,"464":1,"465":1,"466":0,"467":1,"468":0,"469":1,"470":0,"471":1,"472":1,"473":1,"474":0,"475":1,"476":0,"477":1,"478":0,"479":1,"480":1,"481":1,"482":0,"483":1,"484":0,"485":1,"486":1,"487":116,"488":116,"489":116,"490":116,"491":116,"492":116,"493":116,"494":116,"495":30,"496":30,"497":30,"498":30,"499":0,"500":30,"501":30,"502":30,"503":30,"504":30,"505":30,"506":38,"507":0,"508":0,"509":0,"510":30,"511":30,"512":30,"513":30,"514":38,"515":30,"516":38,"517":0,"518":30,"519":30,"520":0,"521":0,"522":0,"523":0,"524":0,"525":0,"526":0,"527":0,"528":0,"529":0,"530":0,"531":0,"532":0,"533":0,"534":7,"535":7,"536":7,"537":7,"538":7,"539":7,"540":7,"541":2,"542":5,"543":5,"544":5,"545":5,"546":5,"547":5,"548":7,"549":15,"550":0,"551":15,"552":15,"553":14,"554":14,"555":14,"556":14,"557":14,"558":14,"559":14,"560":11,"561":11,"562":18,"563":18,"564":0,"565":18,"566":18,"567":18,"568":18,"569":18,"570":18,"571":18,"572":18,"573":18,"574":18,"575":8,"576":8,"577":0,"578":8,"579":8,"580":8,"581":8,"582":9,"583":0,"584":8,"585":8,"586":8,"587":8,"588":8,"589":8,"590":8,"591":16,"592":8,"593":54,"594":3,"595":51,"596":49,"597":49,"598":1,"599":48,"600":48,"601":14,"602":14,"603":14,"604":14,"605":34,"606":34,"607":34,"608":48,"609":48,"610":48,"611":48,"612":48,"613":48,"614":48,"615":47,"616":32,"617":31,"618":31,"619":2,"620":29,"621":11,"622":171,"623":4,"624":85,"625":85,"626":1,"627":84,"628":6,"629":7,"630":2,"631":2,"632":7,"633":9,"634":7,"635":0,"636":7,"637":7,"638":5,"639":2,"640":4,"641":4,"642":7,"643":102,"644":212,"645":85,"646":16,"647":16,"648":17,"649":0,"650":17,"651":6,"652":11,"653":16,"654":11,"655":11,"656":14,"657":54,"658":11,"659":358,"660":11,"661":11,"662":1,"663":10,"664":10,"665":6,"666":6,"667":6,"668":4,"669":4,"670":10,"671":10,"672":10,"673":92,"674":167,"675":150,"676":92,"677":35,"678":32,"679":44,"680":2,"681":2,"682":2,"683":3,"684":4,"685":0,"686":3,"687":3,"688":3,"689":3,"690":3,"691":3,"692":3,"693":3,"694":3,"695":3,"696":3,"697":0,"698":3,"699":3,"700":9,"701":11,"702":0,"703":9,"704":9,"705":9,"706":5,"707":9,"708":4,"709":9,"710":4,"711":9,"712":7,"713":8,"714":0,"715":8,"716":8,"717":1,"718":1,"719":1,"720":0,"721":1,"722":1,"723":2,"724":1,"725":1,"726":1,"727":1,"728":1,"729":1,"730":1,"731":1,"732":1,"733":1,"734":1,"735":1,"736":1,"737":1,"738":1,"739":1,"740":1,"741":1,"742":2,"743":1,"744":0,"745":0,"746":0,"747":0,"748":0,"749":0,"750":0,"751":0,"752":0,"753":111,"754":101},"f":{"0":2738,"1":1785,"2":1788,"3":1545,"4":228,"5":881,"6":20,"7":34,"8":20,"9":109,"10":1412,"11":767,"12":1100,"13":273,"14":28,"15":18,"16":5,"17":2,"18":1,"19":15,"20":565,"21":544,"22":1649,"23":2726,"24":1554,"25":318,"26":1095,"27":3621,"28":916,"29":1171,"30":194,"31":255,"32":214,"33":6,"34":6,"35":538,"36":24,"37":73,"38":90,"39":889,"40":3036,"41":247,"42":534,"43":82,"44":355,"45":23,"46":48,"47":46,"48":68,"49":12,"50":15,"51":92,"52":16,"53":3,"54":3,"55":913,"56":787,"57":682,"58":600,"59":638,"60":341,"61":3,"62":12,"63":9,"64":139,"65":25,"66":17,"67":137,"68":169,"69":169,"70":25,"71":15,"72":680,"73":596,"74":634,"75":626,"76":18,"77":31,"78":13,"79":80,"80":24,"81":17,"82":34,"83":17,"84":95,"85":13,"86":8,"87":19,"88":7,"89":36,"90":127,"91":10,"92":81,"93":24,"94":24,"95":25,"96":20,"97":24,"98":20,"99":8,"100":11,"101":11,"102":3,"103":2,"104":4,"105":4,"106":10,"107":1,"108":1,"109":153,"110":1,"111":0,"112":155,"113":155,"114":2,"115":2,"116":137,"117":137,"118":0,"119":0,"120":30,"121":30,"122":145,"123":144,"124":4,"125":4,"126":4,"127":1,"128":3,"129":11,"130":9,"131":2,"132":2,"133":2,"134":10,"135":7,"136":2,"137":1,"138":1,"139":116,"140":116,"141":30,"142":30,"143":38,"144":30,"145":38,"146":38,"147":0,"148":0,"149":7,"150":7,"151":7,"152":5,"153":5,"154":15,"155":14,"156":18,"157":18,"158":8,"159":9,"160":0,"161":8,"162":54,"163":48,"164":32,"165":11,"166":171,"167":4,"168":85,"169":6,"170":7,"171":2,"172":2,"173":7,"174":9,"175":4,"176":4,"177":102,"178":212,"179":85,"180":16,"181":11,"182":358,"183":11,"184":92,"185":167,"186":150,"187":35,"188":32,"189":44,"190":2,"191":2,"192":3,"193":4,"194":3,"195":9,"196":11,"197":9,"198":1,"199":1,"200":2,"201":1,"202":2,"203":0,"204":0,"205":0,"206":111,"207":101},"b":{"0":[0,20],"1":[0,20],"2":[107],"3":[1412,662],"4":[3,764],"5":[3,764],"6":[3,758],"7":[0,6],"8":[74],"9":[1100,1026],"10":[1026,0],"11":[273,0],"12":[2],"13":[28,24],"14":[0],"15":[1649,1170],"16":[1],"17":[4],"18":[0],"19":[1],"20":[538,0],"21":[0],"22":[532],"23":[0],"24":[73,0],"25":[32],"26":[20],"27":[3036,2060,1180],"28":[48,29],"29":[0],"30":[9],"31":[91],"32":[35,28],"33":[63,38],"34":[28],"35":[28,9],"36":[12],"37":[0],"38":[3],"39":[12],"40":[108,96],"41":[77],"42":[3],"43":[3,3],"44":[3],"45":[3,3,3],"46":[3],"47":[913,155,153],"48":[760,153],"49":[682,682],"50":[600,600],"51":[638,638],"52":[341,341],"53":[3,3],"54":[12,12],"55":[9,9],"56":[139,139],"57":[25,25],"58":[17,17],"59":[2,135],"60":[137,2],"61":[177,503],"62":[596,0],"63":[596,123],"64":[405,191],"65":[405,0],"66":[188,438],"67":[92,346],"68":[438,392],"69":[626,560],"70":[913,913],"71":[913,913],"72":[8,23],"73":[23,0],"74":[80,31],"75":[19],"76":[95,19],"77":[76],"78":[0],"79":[3],"80":[16,0],"81":[3],"82":[16,16],"83":[127,32,111,36],"84":[81,81],"85":[0,8],"86":[24,8],"87":[1],"88":[1],"89":[3,7],"90":[0,0],"91":[30,29],"92":[30,29],"93":[124,21],"94":[144,24],"95":[144,24],"96":[144,24],"97":[4,1],"98":[4,1],"99":[4,1],"100":[0],"101":[3,2],"102":[1,2],"103":[3,2],"104":[1],"105":[11,11,11],"106":[1],"107":[10,10],"108":[0],"109":[0],"110":[0],"111":[2,0,0,0],"112":[0],"113":[2,0,0],"114":[0],"115":[0],"116":[0],"117":[0],"118":[2],"119":[0],"120":[1],"121":[1],"122":[9,9],"123":[8,2],"124":[6],"125":[1],"126":[0],"127":[1,0],"128":[0],"129":[1,0,0],"130":[0],"131":[0],"132":[0],"133":[0],"134":[1],"135":[0],"136":[0],"137":[116,105],"138":[0],"139":[30,17],"140":[30,0],"141":[30,0],"142":[0],"143":[30,0],"144":[0,0],"145":[0],"146":[0],"147":[0],"148":[0],"149":[0],"150":[2],"151":[5,5],"152":[0],"153":[0],"154":[0],"155":[8,0],"156":[9,8],"157":[8],"158":[3],"159":[54,53],"160":[1],"161":[48,0],"162":[14,34],"163":[31,0],"164":[2],"165":[1],"166":[0],"167":[7,3],"168":[5,2],"169":[12,73],"170":[45,28],"171":[0],"172":[6],"173":[11,11],"174":[1],"175":[10,0],"176":[6,4],"177":[6,0],"178":[35,0],"179":[44,32],"180":[2,0],"181":[0],"182":[3],"183":[3],"184":[3],"185":[3],"186":[0],"187":[0],"188":[5],"189":[4],"190":[4],"191":[1,3],"192":[7],"193":[0],"194":[0],"195":[1],"196":[1],"197":[1],"198":[1],"199":[1,1],"200":[1,1],"201":[1],"202":[1],"203":[0],"204":[0],"205":[0,0],"206":[101,28]}}
}
