TN:
SF:src\ducks\ResultsScreen.logic.ts
FN:24,lastSixMonths
FN:56,buildSpendTrend
FN:60,(anonymous_2)
FN:70,trendBlockValue
FN:71,(anonymous_4)
FN:81,goalsMetCount
FN:82,(anonymous_6)
FN:96,recapHeaderLine
FNF:8
FNH:8
FNDA:5,lastSixMonths
FNDA:1,buildSpendTrend
FNDA:6,(anonymous_2)
FNDA:4,trendBlockValue
FNDA:6,(anonymous_4)
FNDA:3,goalsMetCount
FNDA:9,(anonymous_6)
FNDA:4,recapHeaderLine
DA:7,1
DA:10,1
DA:24,1
DA:25,5
DA:26,5
DA:27,4
DA:28,4
DA:29,4
DA:30,4
DA:31,24
DA:32,24
DA:33,24
DA:34,4
DA:35,4
DA:37,24
DA:42,4
DA:56,1
DA:60,6
DA:63,1
DA:70,1
DA:71,6
DA:72,4
DA:73,12
DA:75,1
DA:81,1
DA:82,9
DA:85,1
DA:96,1
DA:97,4
LF:29
LH:29
BRDA:26,0,0,1
BRDA:39,1,0,24
BRDA:39,1,1,0
BRDA:71,2,0,3
BRDA:71,2,1,3
BRDA:73,3,0,3
BRF:6
BRH:5
end_of_record
TN:
SF:src\ducks\appEngine.ts
FN:29,(anonymous_1)
FN:33,(anonymous_2)
FN:38,getDuckEngine
FN:40,(anonymous_4)
FN:44,(anonymous_5)
FN:46,(anonymous_6)
FN:46,(anonymous_7)
FN:57,getPayPeriodRecapEngine
FN:59,(anonymous_9)
FN:61,(anonymous_10)
FN:62,(anonymous_11)
FN:75,useFlock
FN:77,(anonymous_13)
FN:81,(anonymous_14)
FN:86,(anonymous_15)
FN:89,(anonymous_16)
FN:102,usePendingRecaps
FN:104,(anonymous_18)
FN:109,(anonymous_19)
FN:112,(anonymous_20)
FN:115,(anonymous_21)
FNF:21
FNH:0
FNDA:0,(anonymous_1)
FNDA:0,(anonymous_2)
FNDA:0,getDuckEngine
FNDA:0,(anonymous_4)
FNDA:0,(anonymous_5)
FNDA:0,(anonymous_6)
FNDA:0,(anonymous_7)
FNDA:0,getPayPeriodRecapEngine
FNDA:0,(anonymous_9)
FNDA:0,(anonymous_10)
FNDA:0,(anonymous_11)
FNDA:0,useFlock
FNDA:0,(anonymous_13)
FNDA:0,(anonymous_14)
FNDA:0,(anonymous_15)
FNDA:0,(anonymous_16)
FNDA:0,usePendingRecaps
FNDA:0,(anonymous_18)
FNDA:0,(anonymous_19)
FNDA:0,(anonymous_20)
FNDA:0,(anonymous_21)
DA:5,0
DA:6,0
DA:7,0
DA:8,0
DA:14,0
DA:15,0
DA:18,0
DA:19,0
DA:27,0
DA:28,0
DA:30,0
DA:31,0
DA:34,0
DA:38,0
DA:39,0
DA:40,0
DA:41,0
DA:44,0
DA:46,0
DA:49,0
DA:57,0
DA:58,0
DA:59,0
DA:60,0
DA:61,0
DA:62,0
DA:66,0
DA:75,0
DA:76,0
DA:77,0
DA:78,0
DA:79,0
DA:82,0
DA:83,0
DA:87,0
DA:89,0
DA:90,0
DA:93,0
DA:102,0
DA:103,0
DA:104,0
DA:105,0
DA:106,0
DA:107,0
DA:110,0
DA:113,0
DA:115,0
DA:116,0
DA:119,0
LF:49
LH:0
BRDA:31,0,0,0
BRDA:31,0,1,0
BRDA:31,1,0,0
BRDA:31,1,1,0
BRDA:39,2,0,0
BRDA:46,3,0,0
BRDA:46,3,1,0
BRDA:58,4,0,0
BRDA:75,5,0,0
BRDA:82,6,0,0
BRDA:83,7,0,0
BRDA:83,7,1,0
BRDA:87,8,0,0
BRDA:102,9,0,0
BRDA:110,10,0,0
BRDA:113,11,0,0
BRF:16
BRH:0
end_of_record
TN:
SF:src\ducks\copy.ts
FN:19,monthLabel
FN:27,monthDuckLabel
FN:39,earnDuckWarning
FN:44,earnDuckPrompt
FN:77,celebrationVariantIndex
FN:87,outcomeCopy
FNF:6
FNH:6
FNDA:4,monthLabel
FNDA:6,monthDuckLabel
FNDA:2,earnDuckWarning
FNDA:2,earnDuckPrompt
FNDA:32,celebrationVariantIndex
FNDA:39,outcomeCopy
DA:13,1
DA:19,1
DA:20,4
DA:21,4
DA:22,4
DA:23,4
DA:27,1
DA:28,6
DA:29,6
DA:30,6
DA:31,6
DA:39,1
DA:40,2
DA:44,1
DA:45,2
DA:49,1
DA:61,1
DA:77,1
DA:78,32
DA:79,32
DA:80,32
DA:87,1
DA:88,39
DA:89,19
DA:90,15
DA:91,15
DA:93,4
DA:95,20
DA:97,15
DA:98,14
DA:99,14
DA:101,1
DA:103,2
DA:105,1
DA:107,2
DA:112,1
DA:113,1
LF:37
LH:37
BRDA:23,0,0,3
BRDA:23,0,1,1
BRDA:31,1,0,6
BRDA:31,1,1,0
BRDA:88,2,0,19
BRDA:89,3,0,15
BRDA:95,4,0,15
BRDA:95,4,1,2
BRDA:95,4,2,1
BRDA:95,4,3,2
BRDA:97,5,0,14
BRF:11
BRH:10
end_of_record
TN:
SF:src\ducks\engine.ts
FN:93,(anonymous_0)
FN:115,monthOf
FN:118,dayOf
FN:150,(anonymous_3)
FN:155,(anonymous_4)
FN:166,(anonymous_5)
FN:192,(anonymous_6)
FN:195,(anonymous_7)
FN:197,(anonymous_8)
FN:200,(anonymous_9)
FN:206,(anonymous_10)
FN:230,(anonymous_11)
FN:253,(anonymous_12)
FN:256,(anonymous_13)
FN:259,(anonymous_14)
FN:262,(anonymous_15)
FN:282,(anonymous_16)
FN:302,(anonymous_17)
FN:331,(anonymous_18)
FN:350,(anonymous_19)
FN:372,(anonymous_20)
FN:400,(anonymous_21)
FN:414,(anonymous_22)
FN:416,(anonymous_23)
FN:424,(anonymous_24)
FN:436,(anonymous_25)
FN:440,(anonymous_26)
FN:441,(anonymous_27)
FN:444,(anonymous_28)
FN:494,(anonymous_29)
FN:503,(anonymous_30)
FN:507,(anonymous_31)
FN:519,(anonymous_32)
FN:523,createDuckEngine
FNF:34
FNH:34
FNDA:11,(anonymous_0)
FNDA:322,monthOf
FNDA:124,dayOf
FNDA:90,(anonymous_3)
FNDA:95,(anonymous_4)
FNDA:122,(anonymous_5)
FNDA:122,(anonymous_6)
FNDA:114,(anonymous_7)
FNDA:106,(anonymous_8)
FNDA:75,(anonymous_9)
FNDA:30,(anonymous_10)
FNDA:122,(anonymous_11)
FNDA:122,(anonymous_12)
FNDA:114,(anonymous_13)
FNDA:103,(anonymous_14)
FNDA:122,(anonymous_15)
FNDA:4,(anonymous_16)
FNDA:113,(anonymous_17)
FNDA:146,(anonymous_18)
FNDA:132,(anonymous_19)
FNDA:35,(anonymous_20)
FNDA:121,(anonymous_21)
FNDA:95,(anonymous_22)
FNDA:95,(anonymous_23)
FNDA:109,(anonymous_24)
FNDA:52,(anonymous_25)
FNDA:194,(anonymous_26)
FNDA:146,(anonymous_27)
FNDA:79,(anonymous_28)
FNDA:113,(anonymous_29)
FNDA:23,(anonymous_30)
FNDA:23,(anonymous_31)
FNDA:30,(anonymous_32)
FNDA:90,createDuckEngine
DA:14,4
DA:77,4
DA:92,4
DA:94,11
DA:95,11
DA:115,4
DA:116,322
DA:119,124
DA:142,4
DA:151,90
DA:152,90
DA:153,90
DA:154,90
DA:155,95
DA:156,90
DA:167,122
DA:169,122
DA:174,122
DA:195,122
DA:196,122
DA:197,106
DA:198,96
DA:199,96
DA:200,66
DA:201,75
DA:202,75
DA:204,66
DA:206,30
DA:207,30
DA:208,30
DA:210,30
DA:231,122
DA:234,122
DA:235,15
DA:236,15
DA:240,107
DA:242,107
DA:243,107
DA:245,122
DA:256,122
DA:257,122
DA:258,96
DA:259,103
DA:263,122
DA:269,122
DA:270,122
DA:271,122
DA:272,122
DA:279,122
DA:282,4
DA:283,122
DA:307,113
DA:308,113
DA:309,72
DA:310,3
DA:312,41
DA:313,17
DA:332,146
DA:333,134
DA:334,134
DA:335,124
DA:336,124
DA:337,122
DA:354,132
DA:355,132
DA:356,3
DA:361,129
DA:366,4
DA:371,125
DA:372,37
DA:373,37
DA:374,4
DA:405,121
DA:406,79
DA:407,79
DA:409,42
DA:415,95
DA:416,95
DA:427,109
DA:428,109
DA:430,109
DA:434,109
DA:436,101
DA:439,101
DA:440,194
DA:441,146
DA:444,101
DA:445,101
DA:448,101
DA:450,101
DA:452,101
DA:453,122
DA:459,122
DA:461,113
DA:462,113
DA:464,113
DA:465,69
DA:466,44
DA:471,20
DA:473,113
DA:475,113
DA:488,113
DA:489,113
DA:492,101
DA:493,87
DA:494,113
DA:500,99
DA:504,23
DA:505,23
DA:506,23
DA:507,23
DA:512,20
DA:513,7
DA:519,30
DA:523,4
DA:524,90
LF:116
LH:116
BRDA:155,0,0,90
BRDA:155,0,1,83
BRDA:156,1,0,90
BRDA:156,1,1,89
BRDA:169,2,0,35
BRDA:169,2,1,87
BRDA:171,3,0,61
BRDA:171,3,1,26
BRDA:195,4,0,114
BRDA:195,4,1,107
BRDA:196,5,0,26
BRDA:199,6,0,66
BRDA:234,7,0,15
BRDA:234,7,1,107
BRDA:236,8,0,12
BRDA:236,8,1,3
BRDA:256,9,0,114
BRDA:256,9,1,107
BRDA:257,10,0,26
BRDA:279,11,0,122
BRDA:279,11,1,15
BRDA:279,11,2,12
BRDA:279,11,3,11
BRDA:308,12,0,72
BRDA:309,13,0,69
BRDA:312,14,0,24
BRDA:332,15,0,12
BRDA:334,16,0,10
BRDA:336,17,0,2
BRDA:336,18,0,124
BRDA:336,18,1,72
BRDA:355,19,0,3
BRDA:361,20,0,4
BRDA:362,21,0,129
BRDA:362,21,1,129
BRDA:362,21,2,127
BRDA:371,22,0,37
BRDA:372,23,0,1
BRDA:372,23,1,34
BRDA:373,24,0,4
BRDA:405,25,0,79
BRDA:405,26,0,121
BRDA:405,26,1,88
BRDA:459,27,0,9
BRDA:464,28,0,69
BRDA:464,28,1,44
BRDA:466,29,0,20
BRDA:466,30,0,44
BRDA:466,30,1,24
BRDA:492,31,0,87
BRDA:512,32,0,7
BRF:51
BRH:51
end_of_record
TN:
SF:src\ducks\payPeriods.ts
FN:42,monthOf
FN:45,addDays
FN:57,payPeriodsFromPaydays
FN:89,pendingRecaps
FN:92,(anonymous_4)
FNF:5
FNH:5
FNDA:211,monthOf
FNDA:95,addDays
FNDA:30,payPeriodsFromPaydays
FNDA:23,pendingRecaps
FNDA:80,(anonymous_4)
DA:16,3
DA:43,211
DA:46,95
DA:57,3
DA:58,30
DA:59,30
DA:60,30
DA:61,95
DA:62,95
DA:63,95
DA:64,95
DA:72,30
DA:89,3
DA:90,23
DA:91,23
DA:93,80
LF:16
LH:16
BRDA:68,0,0,21
BRDA:68,0,1,74
BRDA:69,1,0,21
BRDA:69,1,1,74
BRDA:93,2,0,80
BRDA:93,2,1,79
BRDA:93,2,2,38
BRF:7
BRH:7
end_of_record
TN:
SF:src\ducks\recap.ts
FN:45,(anonymous_0)
FN:57,(anonymous_1)
FN:69,(anonymous_2)
FN:80,(anonymous_3)
FN:87,createPayPeriodRecapEngine
FN:96,(anonymous_5)
FN:99,(anonymous_6)
FNF:7
FNH:7
FNDA:11,(anonymous_0)
FNDA:21,(anonymous_1)
FNDA:8,(anonymous_2)
FNDA:5,(anonymous_3)
FNDA:11,createPayPeriodRecapEngine
FNDA:34,(anonymous_5)
FNDA:6,(anonymous_6)
DA:20,3
DA:40,3
DA:46,11
DA:47,11
DA:48,11
DA:58,21
DA:59,21
DA:60,21
DA:61,21
DA:70,8
DA:71,8
DA:72,8
DA:73,6
DA:81,5
DA:82,5
DA:83,4
DA:87,3
DA:88,11
DA:92,3
DA:93,11
DA:94,11
DA:97,34
DA:100,6
DA:101,6
LF:24
LH:24
BRDA:72,0,0,2
BRDA:72,1,0,8
BRDA:72,1,1,2
BRDA:82,2,0,1
BRDA:97,3,0,34
BRDA:97,3,1,20
BRF:6
BRH:6
end_of_record
TN:
SF:src\ducks\sprites.ts
FN:129,swim
FN:134,(anonymous_1)
FN:135,(anonymous_2)
FN:156,stripWaterRows
FN:231,shiftDown
FN:233,(anonymous_5)
FN:238,shiftRight
FN:240,(anonymous_7)
FN:339,resolveCells
FN:341,(anonymous_9)
FNF:10
FNH:10
FNDA:2,swim
FNDA:43,(anonymous_1)
FNDA:28,(anonymous_2)
FNDA:2,stripWaterRows
FNDA:3,shiftDown
FNDA:3,(anonymous_5)
FNDA:12,shiftRight
FNDA:154,(anonymous_7)
FNDA:3,resolveCells
FNDA:42,(anonymous_9)
DA:22,1
DA:23,1
DA:33,1
DA:52,1
DA:54,1
DA:57,1
DA:73,1
DA:79,1
DA:82,1
DA:85,1
DA:88,1
DA:106,1
DA:130,2
DA:131,5
DA:132,24
DA:133,2
DA:134,43
DA:135,2
DA:136,28
DA:137,4
DA:138,4
DA:139,64
DA:140,64
DA:142,4
DA:147,1
DA:149,1
DA:157,2
DA:161,1
DA:163,1
DA:179,1
DA:232,3
DA:233,3
DA:234,3
DA:239,12
DA:240,11
DA:241,154
DA:242,56
DA:243,56
DA:250,1
DA:257,1
DA:269,1
DA:279,1
DA:288,1
DA:297,1
DA:308,1
DA:324,1
DA:339,1
DA:340,3
DA:341,3
DA:342,42
DA:343,672
DA:344,672
DA:347,3
DA:348,4
DA:349,26
DA:352,3
LF:56
LH:56
BRDA:134,0,0,22
BRDA:134,0,1,21
BRDA:136,1,0,24
BRDA:140,2,0,43
BRDA:140,2,1,21
BRDA:140,3,0,64
BRDA:140,3,1,32
BRDA:140,3,2,21
BRDA:232,4,0,0
BRDA:239,5,0,1
BRDA:241,6,0,98
BRDA:344,7,0,294
BRF:12
BRH:11
end_of_record
TN:
SF:src\ducks\testReadPort.ts
FN:51,(anonymous_0)
FN:62,(anonymous_1)
FN:74,(anonymous_2)
FN:81,(anonymous_3)
FN:86,(anonymous_4)
FN:91,(anonymous_5)
FN:96,(anonymous_6)
FN:101,(anonymous_7)
FN:106,(anonymous_8)
FN:114,(anonymous_9)
FN:115,(anonymous_10)
FN:117,(anonymous_11)
FN:118,(anonymous_12)
FN:124,(anonymous_13)
FN:127,(anonymous_14)
FN:130,(anonymous_15)
FN:133,(anonymous_16)
FN:135,(anonymous_17)
FN:140,(anonymous_18)
FN:151,(anonymous_19)
FN:152,(anonymous_20)
FN:154,(anonymous_21)
FN:157,(anonymous_22)
FN:159,(anonymous_23)
FN:160,(anonymous_24)
FN:165,(anonymous_25)
FN:170,(anonymous_26)
FN:171,(anonymous_27)
FN:175,(anonymous_28)
FN:176,(anonymous_29)
FN:181,(anonymous_30)
FN:182,(anonymous_31)
FN:184,(anonymous_32)
FN:185,(anonymous_33)
FN:187,(anonymous_34)
FN:193,makeIdGen
FN:195,(anonymous_36)
FNF:37
FNH:32
FNDA:104,(anonymous_0)
FNDA:105,(anonymous_1)
FNDA:106,(anonymous_2)
FNDA:112,(anonymous_3)
FNDA:113,(anonymous_4)
FNDA:106,(anonymous_5)
FNDA:0,(anonymous_6)
FNDA:22,(anonymous_7)
FNDA:211,(anonymous_8)
FNDA:115,(anonymous_9)
FNDA:98,(anonymous_10)
FNDA:271,(anonymous_11)
FNDA:95,(anonymous_12)
FNDA:115,(anonymous_13)
FNDA:115,(anonymous_14)
FNDA:115,(anonymous_15)
FNDA:0,(anonymous_16)
FNDA:0,(anonymous_17)
FNDA:99,(anonymous_18)
FNDA:83,(anonymous_19)
FNDA:79,(anonymous_20)
FNDA:3,(anonymous_21)
FNDA:111,(anonymous_22)
FNDA:51,(anonymous_23)
FNDA:129,(anonymous_24)
FNDA:84,(anonymous_25)
FNDA:101,(anonymous_26)
FNDA:168,(anonymous_27)
FNDA:0,(anonymous_28)
FNDA:0,(anonymous_29)
FNDA:54,(anonymous_30)
FNDA:66,(anonymous_31)
FNDA:22,(anonymous_32)
FNDA:49,(anonymous_33)
FNDA:2,(anonymous_34)
FNDA:83,makeIdGen
FNDA:246,(anonymous_36)
DA:14,2
DA:37,2
DA:38,83
DA:39,83
DA:40,83
DA:41,83
DA:42,83
DA:43,83
DA:44,83
DA:52,104
DA:53,104
DA:54,38
DA:56,66
DA:58,104
DA:63,105
DA:64,105
DA:65,105
DA:66,105
DA:75,106
DA:76,106
DA:77,106
DA:78,106
DA:82,112
DA:83,112
DA:84,112
DA:87,113
DA:88,113
DA:89,113
DA:92,106
DA:93,106
DA:94,106
DA:97,0
DA:98,0
DA:102,22
DA:103,22
DA:107,211
DA:108,211
DA:109,211
DA:115,115
DA:116,98
DA:117,271
DA:118,95
DA:119,98
DA:120,98
DA:125,115
DA:128,115
DA:131,115
DA:134,0
DA:136,0
DA:141,99
DA:145,2
DA:146,83
DA:147,83
DA:148,83
DA:149,83
DA:152,83
DA:153,83
DA:154,83
DA:158,111
DA:159,51
DA:160,129
DA:169,84
DA:170,101
DA:171,168
DA:172,84
DA:176,0
DA:177,0
DA:182,66
DA:185,49
DA:188,2
DA:193,2
DA:194,83
DA:195,246
LF:73
LH:67
BRDA:51,0,0,103
BRDA:53,1,0,38
BRDA:53,1,1,66
BRDA:54,2,0,38
BRDA:54,2,1,38
BRDA:56,3,0,66
BRDA:56,3,1,65
BRDA:108,4,0,0
BRDA:117,5,0,271
BRDA:117,5,1,255
BRDA:119,6,0,1
BRDA:119,6,1,97
BRDA:119,7,0,97
BRDA:119,7,1,1
BRDA:125,8,0,115
BRDA:125,8,1,12
BRDA:128,9,0,115
BRDA:128,9,1,12
BRDA:131,10,0,115
BRDA:131,10,1,19
BRDA:136,11,0,0
BRDA:136,11,1,0
BRDA:136,11,2,0
BRDA:136,11,3,0
BRDA:152,12,0,11
BRDA:153,13,0,11
BRDA:154,14,0,2
BRDA:177,15,0,0
BRDA:193,16,0,83
BRF:29
BRH:23
end_of_record
TN:
SF:src\ducks\wander.logic.ts
FN:84,hash32
FN:94,unit
FN:98,wrapAngle
FN:106,initShoreDuck
FN:123,initFloaterDuck
FN:145,initWander
FN:146,(anonymous_6)
FN:155,isPreenWindowOpen
FN:163,choosePreener
FN:180,stepShoreDuck
FN:210,stepFloaterDuck
FN:247,step
FN:251,(anonymous_12)
FNF:13
FNH:13
FNDA:62203,hash32
FNDA:38963,unit
FNDA:8701,wrapAngle
FNDA:153,initShoreDuck
FNDA:127,initFloaterDuck
FNDA:11,initWander
FNDA:280,(anonymous_6)
FNDA:10500,isPreenWindowOpen
FNDA:3500,choosePreener
FNDA:10500,stepShoreDuck
FNDA:17500,stepFloaterDuck
FNDA:4000,step
FNDA:28000,(anonymous_12)
DA:25,1
DA:27,1
DA:29,1
DA:32,1
DA:35,1
DA:36,1
DA:38,1
DA:85,62203
DA:86,62203
DA:87,1266927
DA:88,1266927
DA:90,62203
DA:95,38963
DA:99,8701
DA:100,8701
DA:101,8701
DA:107,153
DA:108,153
DA:109,153
DA:110,153
DA:124,127
DA:125,127
DA:126,127
DA:127,127
DA:128,127
DA:145,1
DA:146,11
DA:147,280
DA:148,280
DA:150,11
DA:156,10500
DA:157,10500
DA:158,10500
DA:159,10500
DA:164,3500
DA:165,3500
DA:166,3500
DA:167,28000
DA:168,10500
DA:169,2240
DA:170,2240
DA:171,2058
DA:172,2058
DA:175,3500
DA:181,10500
DA:182,1799
DA:185,8701
DA:186,8701
DA:188,8701
DA:189,8701
DA:190,8701
DA:192,8701
DA:193,8701
DA:194,8701
DA:197,8701
DA:199,8701
DA:211,17500
DA:212,17500
DA:213,17500
DA:214,17500
DA:215,1407
DA:216,1407
DA:217,1407
DA:218,1407
DA:221,17500
DA:222,17500
DA:224,17500
DA:225,17500
DA:226,17500
DA:227,343
DA:228,343
DA:229,343
DA:230,343
DA:231,343
DA:232,343
DA:233,343
DA:236,17500
DA:238,17500
DA:247,1
DA:248,4000
DA:250,3500
DA:251,3500
DA:252,28000
DA:254,3500
LF:84
LH:84
BRDA:101,0,0,7
BRDA:101,0,1,8694
BRDA:109,1,0,88
BRDA:109,1,1,65
BRDA:148,2,0,127
BRDA:148,2,1,153
BRDA:167,3,0,17500
BRDA:168,4,0,8260
BRDA:170,5,0,2058
BRDA:181,6,0,1799
BRDA:186,7,0,371
BRDA:186,7,1,8330
BRDA:186,8,0,182
BRDA:186,8,1,189
BRDA:197,9,0,0
BRDA:197,9,1,8701
BRDA:214,10,0,1407
BRDA:226,11,0,343
BRDA:226,12,0,17500
BRDA:226,12,1,343
BRDA:236,13,0,0
BRDA:236,13,1,17500
BRDA:247,14,0,3500
BRDA:248,15,0,500
BRDA:252,16,0,17500
BRDA:252,16,1,10500
BRF:26
BRH:24
end_of_record
TN:
SF:src\import\csv.ts
FN:22,tokenizeCsv
FN:83,(anonymous_1)
FN:83,(anonymous_2)
FN:109,looksLikeHeader
FN:110,(anonymous_4)
FN:111,(anonymous_5)
FN:115,(anonymous_6)
FN:128,matchHeader
FN:129,(anonymous_8)
FN:133,mapColumnsFromHeader
FN:136,(anonymous_10)
FN:167,inferColumnsPositional
FN:170,(anonymous_12)
FN:174,(anonymous_13)
FN:179,(anonymous_14)
FN:187,(anonymous_15)
FN:188,(anonymous_16)
FN:209,parseCsvDate
FN:225,validDate
FN:238,parseAmountToCents
FN:289,resolveAmount
FN:307,parseImportCsv
FN:334,(anonymous_22)
FNF:23
FNH:23
FNDA:11,tokenizeCsv
FNDA:23,(anonymous_1)
FNDA:23,(anonymous_2)
FNDA:6,looksLikeHeader
FNDA:19,(anonymous_4)
FNDA:10,(anonymous_5)
FNDA:13,(anonymous_6)
FNDA:25,matchHeader
FNDA:64,(anonymous_8)
FNDA:5,mapColumnsFromHeader
FNDA:5,(anonymous_10)
FNDA:1,inferColumnsPositional
FNDA:2,(anonymous_12)
FNDA:6,(anonymous_13)
FNDA:4,(anonymous_14)
FNDA:2,(anonymous_15)
FNDA:1,(anonymous_16)
FNDA:36,parseCsvDate
FNDA:16,validDate
FNDA:28,parseAmountToCents
FNDA:8,resolveAmount
FNDA:4,parseImportCsv
FNDA:9,(anonymous_22)
DA:15,4
DA:22,4
DA:23,11
DA:24,11
DA:25,11
DA:26,11
DA:27,11
DA:28,11
DA:29,11
DA:30,11
DA:31,383
DA:32,383
DA:33,32
DA:34,5
DA:35,2
DA:36,2
DA:37,2
DA:39,3
DA:40,3
DA:41,3
DA:43,27
DA:44,27
DA:45,27
DA:47,351
DA:48,3
DA:49,3
DA:50,3
DA:51,3
DA:53,348
DA:54,39
DA:55,39
DA:56,39
DA:57,39
DA:58,39
DA:60,309
DA:61,4
DA:62,4
DA:64,305
DA:65,14
DA:66,14
DA:67,14
DA:68,14
DA:69,14
DA:70,14
DA:71,14
DA:73,291
DA:74,291
DA:75,291
DA:78,11
DA:79,9
DA:80,9
DA:83,23
DA:89,4
DA:109,4
DA:110,19
DA:111,10
DA:112,6
DA:115,13
DA:116,4
DA:129,64
DA:133,4
DA:134,5
DA:135,5
DA:136,5
DA:137,5
DA:138,5
DA:140,5
DA:141,5
DA:142,5
DA:144,5
DA:145,2
DA:146,2
DA:147,3
DA:148,3
DA:152,5
DA:167,4
DA:168,1
DA:169,1
DA:170,2
DA:171,1
DA:172,1
DA:173,1
DA:174,6
DA:175,3
DA:177,1
DA:178,3
DA:179,4
DA:180,2
DA:183,1
DA:184,1
DA:185,1
DA:186,3
DA:187,2
DA:188,1
DA:189,1
DA:190,1
DA:191,1
DA:194,1
DA:195,1
DA:209,4
DA:210,36
DA:211,36
DA:213,35
DA:214,35
DA:216,26
DA:217,26
DA:218,7
DA:219,7
DA:220,7
DA:222,19
DA:226,16
DA:227,15
DA:228,15
DA:229,14
DA:238,4
DA:239,28
DA:240,28
DA:241,25
DA:242,25
DA:243,2
DA:244,2
DA:246,25
DA:247,25
DA:248,25
DA:249,7
DA:250,7
DA:252,25
DA:253,25
DA:254,25
DA:255,19
DA:256,19
DA:258,6
DA:290,8
DA:291,2
DA:292,2
DA:294,2
DA:295,1
DA:296,0
DA:298,6
DA:299,6
DA:300,6
DA:302,5
DA:304,0
DA:307,4
DA:308,4
DA:309,4
DA:310,0
DA:325,4
DA:326,4
DA:327,4
DA:331,4
DA:332,4
DA:334,4
DA:335,9
DA:336,9
DA:337,0
DA:338,0
DA:340,9
DA:341,9
DA:342,1
DA:343,1
DA:345,8
DA:346,8
DA:347,1
DA:348,1
DA:350,7
DA:351,7
DA:352,0
DA:353,0
DA:355,7
DA:358,4
LF:171
LH:164
BRDA:32,0,0,32
BRDA:33,1,0,5
BRDA:34,2,0,2
BRDA:47,3,0,3
BRDA:53,4,0,39
BRDA:60,5,0,4
BRDA:64,6,0,14
BRDA:78,7,0,9
BRDA:78,8,0,11
BRDA:78,8,1,2
BRDA:78,8,2,2
BRDA:112,9,0,2
BRDA:144,10,0,2
BRDA:144,10,1,3
BRDA:144,11,0,5
BRDA:144,11,1,2
BRDA:147,12,0,3
BRDA:155,13,0,3
BRDA:155,13,1,2
BRDA:156,14,0,2
BRDA:156,14,1,3
BRDA:157,15,0,2
BRDA:157,15,1,3
BRDA:174,16,0,6
BRDA:174,16,1,0
BRDA:175,17,0,1
BRDA:175,18,0,3
BRDA:175,18,1,1
BRDA:178,19,0,1
BRDA:179,20,0,4
BRDA:179,20,1,0
BRDA:180,21,0,1
BRDA:180,22,0,2
BRDA:180,22,1,2
BRDA:186,23,0,2
BRDA:186,24,0,3
BRDA:186,24,1,2
BRDA:187,25,0,2
BRDA:187,25,1,0
BRDA:188,26,0,1
BRDA:188,26,1,0
BRDA:189,27,0,1
BRDA:189,28,0,1
BRDA:189,28,1,1
BRDA:198,29,0,1
BRDA:198,29,1,0
BRDA:211,30,0,1
BRDA:214,31,0,9
BRDA:217,32,0,7
BRDA:219,33,0,1
BRDA:226,34,0,1
BRDA:226,35,0,16
BRDA:226,35,1,16
BRDA:226,35,2,15
BRDA:226,35,3,15
BRDA:228,36,0,1
BRDA:240,37,0,3
BRDA:242,38,0,2
BRDA:247,39,0,0
BRDA:248,40,0,7
BRDA:252,41,0,0
BRDA:255,42,0,9
BRDA:255,42,1,10
BRDA:256,43,0,0
BRDA:256,43,1,19
BRDA:290,44,0,2
BRDA:290,45,0,8
BRDA:290,45,1,6
BRDA:291,46,0,2
BRDA:291,46,1,0
BRDA:291,47,0,2
BRDA:291,47,1,0
BRDA:292,48,0,2
BRDA:292,48,1,0
BRDA:292,49,0,2
BRDA:292,49,1,0
BRDA:294,50,0,1
BRDA:294,51,0,2
BRDA:294,51,1,1
BRDA:295,52,0,1
BRDA:295,53,0,1
BRDA:295,53,1,1
BRDA:298,54,0,6
BRDA:299,55,0,6
BRDA:299,55,1,0
BRDA:300,56,0,1
BRDA:309,57,0,0
BRDA:326,58,0,3
BRDA:326,58,1,1
BRDA:327,59,0,3
BRDA:327,59,1,1
BRDA:336,60,0,0
BRDA:336,61,0,9
BRDA:336,61,1,9
BRDA:340,62,0,9
BRDA:340,62,1,0
BRDA:341,63,0,1
BRDA:346,64,0,1
BRDA:350,65,0,7
BRDA:350,65,1,0
BRDA:351,66,0,0
BRF:101
BRH:83
end_of_record
TN:
SF:src\import\index.ts
FNF:0
FNH:0
DA:7,3
DA:8,3
DA:9,3
DA:10,3
LF:4
LH:4
BRF:0
BRH:0
end_of_record
TN:
SF:src\import\matching.ts
FN:37,normalizeMerchant
FN:47,(anonymous_1)
FN:56,tokenize
FN:57,(anonymous_3)
FN:123,keywordSetFor
FN:125,(anonymous_5)
FN:131,matchRow
FN:135,(anonymous_7)
FN:136,(anonymous_8)
FN:146,(anonymous_9)
FN:161,matchRows
FN:162,(anonymous_11)
FNF:12
FNH:10
FNDA:98,normalizeMerchant
FNDA:153,(anonymous_1)
FNDA:0,tokenize
FNDA:0,(anonymous_3)
FNDA:59,keywordSetFor
FNDA:59,(anonymous_5)
FNDA:36,matchRow
FNDA:2,(anonymous_7)
FNDA:5,(anonymous_8)
FNDA:50,(anonymous_9)
FNDA:2,matchRows
FNDA:6,(anonymous_11)
DA:20,6
DA:37,6
DA:38,98
DA:40,98
DA:42,98
DA:44,98
DA:46,98
DA:47,153
DA:49,98
DA:50,4
DA:52,98
DA:56,6
DA:57,0
DA:67,6
DA:92,6
DA:124,59
DA:125,59
DA:126,59
DA:128,59
DA:131,6
DA:132,36
DA:135,36
DA:136,36
DA:137,1
DA:146,50
DA:147,35
DA:148,35
DA:149,59
DA:150,59
DA:151,90
DA:152,21
DA:158,14
DA:161,6
DA:162,6
LF:34
LH:33
BRDA:38,0,0,98
BRDA:38,0,1,0
BRDA:49,1,0,4
BRDA:49,2,0,98
BRDA:49,2,1,32
BRDA:124,3,0,59
BRDA:124,3,1,0
BRDA:136,4,0,1
BRDA:136,5,0,36
BRDA:136,5,1,2
BRDA:151,6,0,21
BRF:11
BRH:9
end_of_record
TN:
SF:src\import\session.ts
FN:52,buildImportSession
FN:63,(anonymous_1)
FN:92,sessionCounts
FN:144,commitImportSession
FN:151,(anonymous_4)
FNF:5
FNH:5
FNDA:15,buildImportSession
FNDA:5,(anonymous_1)
FNDA:1,sessionCounts
FNDA:4,commitImportSession
FNDA:4,(anonymous_4)
DA:18,4
DA:52,4
DA:56,15
DA:57,15
DA:58,15
DA:60,15
DA:61,25
DA:62,25
DA:64,5
DA:68,25
DA:69,4
DA:70,4
DA:72,21
DA:73,21
DA:74,11
DA:77,15
DA:92,4
DA:93,1
DA:94,1
DA:95,1
DA:144,4
DA:148,4
DA:149,4
DA:151,4
DA:152,4
DA:153,7
DA:154,6
DA:161,6
DA:162,6
DA:163,4
DA:166,4
DA:167,3
DA:171,4
LF:33
LH:33
BRDA:64,0,0,5
BRDA:64,0,1,5
BRDA:64,0,2,4
BRDA:68,1,0,4
BRDA:73,2,0,10
BRDA:73,2,1,11
BRDA:153,3,0,1
BRDA:162,4,0,4
BRDA:162,5,0,6
BRDA:162,5,1,4
BRF:10
BRH:10
end_of_record
TN:
SF:src\import\subscriptions.ts
FN:41,within2pct
FN:46,monthOf
FN:51,roughlyMonthly
FN:60,dayDiff
FN:68,modeCategory
FN:85,detectSubscriptions
FN:90,(anonymous_6)
FN:120,(anonymous_7)
FN:123,(anonymous_8)
FN:138,(anonymous_9)
FN:145,(anonymous_10)
FNF:11
FNH:10
FNDA:12,within2pct
FNDA:18,monthOf
FNDA:3,roughlyMonthly
FNDA:5,dayDiff
FNDA:2,modeCategory
FNDA:7,detectSubscriptions
FNDA:1,(anonymous_6)
FNDA:12,(anonymous_7)
FNDA:9,(anonymous_8)
FNDA:6,(anonymous_9)
FNDA:0,(anonymous_10)
DA:13,4
DA:15,4
DA:43,12
DA:47,18
DA:52,3
DA:53,3
DA:54,5
DA:55,5
DA:57,2
DA:61,5
DA:62,5
DA:63,5
DA:64,5
DA:65,5
DA:69,2
DA:70,2
DA:71,6
DA:72,6
DA:74,2
DA:75,2
DA:76,2
DA:77,2
DA:78,2
DA:79,2
DA:82,2
DA:85,4
DA:89,7
DA:90,7
DA:93,7
DA:94,7
DA:95,19
DA:96,18
DA:97,18
DA:98,14
DA:99,14
DA:100,5
DA:103,7
DA:104,7
DA:105,5
DA:108,4
DA:109,12
DA:110,4
DA:111,4
DA:112,4
DA:113,6
DA:114,4
DA:115,4
DA:120,12
DA:121,4
DA:123,9
DA:124,3
DA:127,3
DA:128,3
DA:129,9
DA:130,9
DA:131,9
DA:133,3
DA:134,3
DA:136,2
DA:138,6
DA:145,7
LF:61
LH:61
BRDA:52,0,0,0
BRDA:55,1,0,1
BRDA:55,2,0,5
BRDA:55,2,1,5
BRDA:71,3,0,0
BRDA:72,4,0,6
BRDA:72,4,1,2
BRDA:77,5,0,2
BRDA:77,6,0,2
BRDA:77,6,1,0
BRDA:77,6,2,0
BRDA:77,6,3,0
BRDA:87,7,0,6
BRDA:89,8,0,7
BRDA:89,8,1,7
BRDA:90,9,0,7
BRDA:90,9,1,6
BRDA:95,10,0,1
BRDA:96,11,0,18
BRDA:96,11,1,0
BRDA:97,12,0,4
BRDA:97,13,0,18
BRDA:97,13,1,17
BRDA:99,14,0,9
BRDA:99,14,1,5
BRDA:105,15,0,1
BRDA:109,16,0,12
BRDA:109,16,1,6
BRDA:113,17,0,4
BRDA:113,18,0,6
BRDA:113,18,1,2
BRDA:113,18,2,0
BRDA:121,19,0,1
BRDA:124,20,0,0
BRDA:131,21,0,9
BRDA:131,22,0,9
BRDA:131,22,1,0
BRDA:134,23,0,1
BRDA:145,24,0,0
BRDA:145,24,1,0
BRDA:145,25,0,0
BRDA:145,25,1,0
BRF:42
BRH:29
end_of_record
TN:
SF:src\insights\dateMath.ts
FN:24,shiftMonth
FN:40,dayNum
FN:45,monthLabel
FN:54,prevWeekOf
FN:59,daysBetweenISO
FN:60,(anonymous_5)
FN:61,(anonymous_6)
FN:69,weeksInMonth
FNF:8
FNH:8
FNDA:33,shiftMonth
FNDA:4,dayNum
FNDA:1,monthLabel
FNDA:16,prevWeekOf
FNDA:4,daysBetweenISO
FNDA:12,(anonymous_5)
FNDA:12,(anonymous_6)
FNDA:2,weeksInMonth
DA:16,2
DA:18,2
DA:24,2
DA:25,33
DA:26,33
DA:27,33
DA:28,33
DA:29,9
DA:30,9
DA:32,33
DA:33,0
DA:34,0
DA:36,33
DA:40,2
DA:41,4
DA:45,2
DA:46,1
DA:47,1
DA:48,1
DA:54,2
DA:55,16
DA:59,2
DA:60,12
DA:61,12
DA:62,4
DA:63,4
DA:69,2
DA:70,2
DA:71,2
DA:72,2
DA:73,2
DA:74,2
DA:75,8
DA:76,8
DA:77,8
DA:79,2
LF:36
LH:34
BRDA:48,0,0,1
BRDA:48,0,1,0
BRDA:71,1,0,2
BRDA:74,2,0,10
BRDA:74,2,1,8
BRF:5
BRH:4
end_of_record
TN:
SF:src\insights\engine.ts
FN:23,homeContext
FN:27,recapContext
FN:42,rankFired
FN:48,(anonymous_3)
FN:59,toSentence
FN:72,createInsightEngine
FN:76,(anonymous_6)
FN:83,(anonymous_7)
FN:87,(anonymous_8)
FNF:9
FNH:9
FNDA:9,homeContext
FNDA:3,recapContext
FNDA:12,rankFired
FNDA:11,(anonymous_3)
FNDA:10,toSentence
FNDA:8,createInsightEngine
FNDA:9,(anonymous_6)
FNDA:3,(anonymous_7)
FNDA:3,(anonymous_8)
DA:12,1
DA:13,1
DA:24,9
DA:28,3
DA:43,12
DA:44,12
DA:45,57
DA:46,57
DA:48,12
DA:49,11
DA:50,2
DA:51,2
DA:52,2
DA:53,1
DA:55,12
DA:60,10
DA:61,10
DA:72,1
DA:73,8
DA:75,8
DA:77,9
DA:78,9
DA:79,9
DA:80,7
DA:84,3
DA:85,3
DA:87,3
LF:27
LH:27
BRDA:46,0,0,16
BRDA:49,1,0,9
BRDA:50,2,0,2
BRDA:50,2,1,1
BRDA:51,3,0,2
BRDA:51,3,1,1
BRDA:52,4,0,1
BRDA:52,5,0,1
BRDA:52,5,1,0
BRDA:53,6,0,1
BRDA:53,6,1,0
BRDA:53,7,0,0
BRDA:53,7,1,0
BRDA:62,8,0,10
BRDA:62,8,1,8
BRDA:73,9,0,8
BRDA:73,9,1,1
BRDA:79,10,0,2
BRF:18
BRH:14
end_of_record
TN:
SF:src\insights\index.ts
FN:13,getInsightPort
FN:15,(anonymous_1)
FNF:2
FNH:0
FNDA:0,getInsightPort
FNDA:0,(anonymous_1)
DA:8,0
DA:9,0
DA:11,0
DA:13,0
DA:14,0
DA:15,0
DA:17,0
LF:7
LH:0
BRDA:14,0,0,0
BRF:1
BRH:0
end_of_record
TN:
SF:src\insights\rules.ts
FN:25,envelopedCategories
FN:26,(anonymous_1)
FN:28,weeklyEnvelopedCategories
FN:29,(anonymous_3)
FN:31,chapterStartedAt
FN:34,plannedActualFor
FN:39,(anonymous_6)
FN:41,totalActualForMonth
FN:42,(anonymous_8)
FN:44,sumMap
FN:47,normalizeTitle
FN:55,titleCase
FN:56,(anonymous_12)
FN:65,(anonymous_13)
FN:111,(anonymous_14)
FN:146,(anonymous_15)
FN:176,(anonymous_16)
FN:177,(anonymous_17)
FN:179,(anonymous_18)
FN:181,(anonymous_19)
FN:199,(anonymous_20)
FN:202,(anonymous_21)
FN:204,(anonymous_22)
FN:219,(anonymous_23)
FN:225,(anonymous_24)
FN:228,(anonymous_25)
FN:255,(anonymous_26)
FN:282,(anonymous_27)
FN:311,(anonymous_28)
FN:342,(anonymous_29)
FN:369,(anonymous_30)
FN:372,(anonymous_31)
FN:376,(anonymous_32)
FN:381,(anonymous_33)
FN:384,(anonymous_34)
FN:403,(anonymous_35)
FN:428,(anonymous_36)
FN:431,(anonymous_37)
FN:432,(anonymous_38)
FN:435,(anonymous_39)
FN:435,(anonymous_40)
FN:453,(anonymous_41)
FN:460,(anonymous_42)
FN:461,(anonymous_43)
FN:475,(anonymous_44)
FN:504,(anonymous_45)
FN:508,(anonymous_46)
FN:545,(anonymous_47)
FN:590,(anonymous_48)
FN:618,(anonymous_49)
FN:650,(anonymous_50)
FN:653,(anonymous_51)
FN:653,(anonymous_52)
FN:656,(anonymous_53)
FN:656,(anonymous_54)
FN:659,(anonymous_55)
FN:659,(anonymous_56)
FN:677,(anonymous_57)
FNF:58
FNH:58
FNDA:28,envelopedCategories
FNDA:16,(anonymous_1)
FNDA:20,weeklyEnvelopedCategories
FNDA:10,(anonymous_3)
FNDA:44,chapterStartedAt
FNDA:18,plannedActualFor
FNDA:22,(anonymous_6)
FNDA:12,totalActualForMonth
FNDA:16,(anonymous_8)
FNDA:9,sumMap
FNDA:5,normalizeTitle
FNDA:1,titleCase
FNDA:1,(anonymous_12)
FNDA:4,(anonymous_13)
FNDA:4,(anonymous_14)
FNDA:4,(anonymous_15)
FNDA:4,(anonymous_16)
FNDA:2,(anonymous_17)
FNDA:1,(anonymous_18)
FNDA:1,(anonymous_19)
FNDA:4,(anonymous_20)
FNDA:1,(anonymous_21)
FNDA:1,(anonymous_22)
FNDA:16,(anonymous_23)
FNDA:4,(anonymous_24)
FNDA:6,(anonymous_25)
FNDA:4,(anonymous_26)
FNDA:4,(anonymous_27)
FNDA:4,(anonymous_28)
FNDA:4,(anonymous_29)
FNDA:4,(anonymous_30)
FNDA:2,(anonymous_31)
FNDA:1,(anonymous_32)
FNDA:1,(anonymous_33)
FNDA:1,(anonymous_34)
FNDA:4,(anonymous_35)
FNDA:4,(anonymous_36)
FNDA:12,(anonymous_37)
FNDA:6,(anonymous_38)
FNDA:6,(anonymous_39)
FNDA:4,(anonymous_40)
FNDA:4,(anonymous_41)
FNDA:4,(anonymous_42)
FNDA:4,(anonymous_43)
FNDA:1,(anonymous_44)
FNDA:4,(anonymous_45)
FNDA:5,(anonymous_46)
FNDA:4,(anonymous_47)
FNDA:4,(anonymous_48)
FNDA:4,(anonymous_49)
FNDA:4,(anonymous_50)
FNDA:3,(anonymous_51)
FNDA:1,(anonymous_52)
FNDA:2,(anonymous_53)
FNDA:1,(anonymous_54)
FNDA:3,(anonymous_55)
FNDA:1,(anonymous_56)
FNDA:4,(anonymous_57)
DA:15,2
DA:17,2
DA:18,2
DA:26,28
DA:29,20
DA:32,44
DA:39,22
DA:42,16
DA:45,9
DA:48,5
DA:56,1
DA:62,2
DA:66,4
DA:67,4
DA:68,4
DA:70,2
DA:71,2
DA:72,2
DA:73,2
DA:74,2
DA:75,2
DA:77,2
DA:78,2
DA:79,2
DA:80,4
DA:81,4
DA:82,3
DA:83,3
DA:84,3
DA:85,3
DA:86,1
DA:87,1
DA:90,2
DA:91,1
DA:93,2
DA:94,1
DA:108,2
DA:112,4
DA:113,4
DA:114,4
DA:115,2
DA:116,2
DA:117,2
DA:118,2
DA:119,8
DA:120,7
DA:121,7
DA:122,6
DA:123,6
DA:124,6
DA:126,2
DA:128,4
DA:129,1
DA:143,2
DA:147,4
DA:148,4
DA:149,4
DA:150,4
DA:151,4
DA:153,4
DA:154,4
DA:157,4
DA:158,2
DA:159,2
DA:161,1
DA:173,2
DA:177,4
DA:178,4
DA:179,1
DA:180,1
DA:181,1
DA:182,1
DA:196,2
DA:200,4
DA:202,1
DA:203,4
DA:204,1
DA:205,1
DA:206,1
DA:218,2
DA:219,16
DA:222,2
DA:226,4
DA:227,4
DA:228,6
DA:229,2
DA:230,2
DA:231,2
DA:232,16
DA:233,1
DA:234,1
DA:239,4
DA:240,1
DA:252,2
DA:256,4
DA:257,4
DA:258,4
DA:259,4
DA:260,2
DA:261,2
DA:262,1
DA:272,3
DA:279,2
DA:283,4
DA:284,4
DA:285,4
DA:286,4
DA:287,4
DA:288,2
DA:289,2
DA:290,2
DA:291,1
DA:301,3
DA:308,2
DA:312,4
DA:317,4
DA:318,1
DA:319,1
DA:320,1
DA:321,1
DA:322,7
DA:323,7
DA:324,7
DA:325,7
DA:327,1
DA:328,1
DA:339,2
DA:343,4
DA:344,4
DA:345,4
DA:346,4
DA:347,4
DA:348,4
DA:349,4
DA:351,4
DA:352,2
DA:353,2
DA:354,1
DA:366,2
DA:370,4
DA:371,2
DA:372,2
DA:373,2
DA:374,2
DA:376,1
DA:378,2
DA:379,2
DA:380,2
DA:381,2
DA:382,2
DA:383,1
DA:384,1
DA:387,2
DA:388,1
DA:400,2
DA:404,4
DA:405,4
DA:406,4
DA:407,2
DA:408,8
DA:409,6
DA:412,4
DA:413,1
DA:425,2
DA:429,4
DA:430,4
DA:431,12
DA:432,6
DA:434,2
DA:435,6
DA:436,2
DA:437,2
DA:438,1
DA:450,2
DA:454,4
DA:455,4
DA:456,4
DA:457,2
DA:458,2
DA:460,2
DA:461,4
DA:462,4
DA:463,4
DA:466,2
DA:468,2
DA:469,2
DA:470,2
DA:471,1
DA:474,1
DA:476,1
DA:477,1
DA:480,1
DA:501,2
DA:505,4
DA:506,4
DA:508,5
DA:510,4
DA:511,4
DA:512,5
DA:513,5
DA:514,5
DA:515,5
DA:516,5
DA:517,3
DA:518,3
DA:519,3
DA:521,2
DA:525,4
DA:526,4
DA:527,2
DA:529,4
DA:530,1
DA:542,2
DA:546,4
DA:547,4
DA:548,4
DA:549,4
DA:551,2
DA:552,2
DA:553,2
DA:561,2
DA:562,2
DA:563,4
DA:564,4
DA:565,4
DA:566,4
DA:567,4
DA:568,4
DA:569,1
DA:572,2
DA:573,1
DA:587,2
DA:591,4
DA:592,4
DA:593,4
DA:595,1
DA:596,1
DA:597,1
DA:598,1
DA:599,1
DA:600,1
DA:601,1
DA:603,1
DA:615,2
DA:619,4
DA:620,4
DA:621,4
DA:622,2
DA:623,2
DA:624,2
DA:625,8
DA:626,7
DA:627,7
DA:628,6
DA:629,6
DA:631,2
DA:633,4
DA:634,1
DA:647,2
DA:651,4
DA:652,4
DA:653,4
DA:654,4
DA:655,1
DA:656,2
DA:658,1
DA:659,3
DA:661,1
DA:662,1
DA:674,2
DA:678,4
DA:679,4
DA:680,4
DA:682,4
DA:683,4
DA:684,4
DA:685,2
DA:686,2
DA:687,2
DA:689,4
DA:690,2
DA:692,1
DA:705,2
DA:730,2
DA:731,2
DA:732,2
DA:733,2
DA:734,2
DA:735,2
DA:736,2
DA:737,2
DA:738,2
DA:739,2
DA:740,2
DA:741,2
DA:742,2
DA:743,2
DA:744,2
DA:745,2
DA:746,2
DA:747,2
DA:748,2
DA:749,2
LF:303
LH:303
BRDA:39,0,0,18
BRDA:39,0,1,0
BRDA:68,1,0,2
BRDA:73,2,0,0
BRDA:73,3,0,2
BRDA:73,3,1,2
BRDA:73,3,2,2
BRDA:75,4,0,0
BRDA:81,5,0,1
BRDA:84,6,0,3
BRDA:84,6,1,0
BRDA:84,7,0,3
BRDA:84,7,1,3
BRDA:85,8,0,1
BRDA:90,9,0,1
BRDA:90,10,0,2
BRDA:90,10,1,1
BRDA:91,11,0,1
BRDA:91,12,0,1
BRDA:91,12,1,0
BRDA:93,13,0,1
BRDA:119,14,0,1
BRDA:121,15,0,1
BRDA:121,16,0,7
BRDA:121,16,1,7
BRDA:126,17,0,1
BRDA:126,18,0,2
BRDA:126,18,1,1
BRDA:126,18,2,0
BRDA:128,19,0,3
BRDA:150,20,0,0
BRDA:157,21,0,2
BRDA:159,22,0,1
BRDA:164,23,0,1
BRDA:164,23,1,0
BRDA:178,24,0,3
BRDA:179,25,0,0
BRDA:179,25,1,1
BRDA:180,26,0,0
BRDA:185,27,0,1
BRDA:185,27,1,0
BRDA:203,28,0,3
BRDA:205,29,0,0
BRDA:232,30,0,1
BRDA:232,31,0,16
BRDA:232,31,1,16
BRDA:233,32,0,1
BRDA:233,33,0,1
BRDA:233,33,1,0
BRDA:239,34,0,3
BRDA:258,35,0,0
BRDA:261,36,0,1
BRDA:261,37,0,2
BRDA:261,37,1,2
BRDA:286,38,0,0
BRDA:290,39,0,1
BRDA:290,40,0,2
BRDA:290,40,1,1
BRDA:290,40,2,1
BRDA:317,41,0,3
BRDA:321,42,0,8
BRDA:321,42,1,7
BRDA:322,43,0,7
BRDA:322,43,1,7
BRDA:323,44,0,0
BRDA:327,45,0,0
BRDA:330,46,0,0
BRDA:330,46,1,1
BRDA:349,47,0,2
BRDA:349,48,0,4
BRDA:349,48,1,4
BRDA:351,49,0,2
BRDA:353,50,0,1
BRDA:370,51,0,2
BRDA:373,52,0,0
BRDA:382,53,0,1
BRDA:387,54,0,1
BRDA:408,55,0,2
BRDA:412,56,0,3
BRDA:432,57,0,2
BRDA:432,58,0,4
BRDA:432,58,1,2
BRDA:437,59,0,1
BRDA:456,60,0,2
BRDA:458,61,0,0
BRDA:463,62,0,4
BRDA:463,62,1,4
BRDA:463,62,2,4
BRDA:466,63,0,0
BRDA:469,64,0,3
BRDA:469,64,1,3
BRDA:470,65,0,1
BRDA:477,66,0,1
BRDA:477,66,1,0
BRDA:477,67,0,1
BRDA:477,67,1,1
BRDA:508,68,0,5
BRDA:508,68,1,5
BRDA:508,68,2,5
BRDA:513,69,0,0
BRDA:516,70,0,3
BRDA:516,70,1,2
BRDA:519,71,0,0
BRDA:527,72,0,1
BRDA:527,73,0,2
BRDA:527,73,1,1
BRDA:527,73,2,1
BRDA:527,73,3,0
BRDA:529,74,0,3
BRDA:549,75,0,2
BRDA:553,76,0,0
BRDA:553,77,0,2
BRDA:553,77,1,2
BRDA:563,78,0,4
BRDA:563,78,1,0
BRDA:564,79,0,4
BRDA:564,79,1,0
BRDA:568,80,0,1
BRDA:568,81,0,4
BRDA:568,81,1,2
BRDA:568,81,2,1
BRDA:572,82,0,1
BRDA:593,83,0,3
BRDA:599,84,0,0
BRDA:601,85,0,0
BRDA:606,86,0,0
BRDA:606,86,1,1
BRDA:625,87,0,1
BRDA:627,88,0,1
BRDA:631,89,0,1
BRDA:631,90,0,2
BRDA:631,90,1,1
BRDA:631,90,2,0
BRDA:633,91,0,3
BRDA:654,92,0,3
BRDA:659,93,0,3
BRDA:659,93,1,1
BRDA:680,94,0,0
BRDA:689,95,0,2
BRDA:690,96,0,1
BRF:140
BRH:107
end_of_record
TN:
SF:src\insights\__tests__\harness.ts
FN:14,(anonymous_0)
FN:16,freshChapter
FN:23,makeAccount
FN:39,makeWeeklyEnvelope
FN:53,makeMonthlyEnvelope
FN:68,makeFixedCategory
FN:73,expense
FN:83,makeIncomeSource
FN:98,payIncome
FN:102,moveToSavings
FNF:10
FNH:10
FNDA:268,(anonymous_0)
FNDA:41,freshChapter
FNDA:41,makeAccount
FNDA:20,makeWeeklyEnvelope
FNDA:4,makeMonthlyEnvelope
FNDA:11,makeFixedCategory
FNDA:57,expense
FNDA:3,makeIncomeSource
FNDA:3,payIncome
FNDA:2,moveToSavings
DA:7,2
DA:8,2
DA:9,2
DA:14,268
DA:16,2
DA:17,41
DA:18,41
DA:19,41
DA:20,41
DA:23,2
DA:29,41
DA:36,41
DA:39,2
DA:44,20
DA:50,20
DA:53,2
DA:58,4
DA:65,4
DA:68,2
DA:69,11
DA:70,11
DA:73,2
DA:80,57
DA:83,2
DA:89,3
DA:95,3
DA:98,2
DA:99,3
DA:102,2
DA:108,2
LF:30
LH:30
BRDA:16,0,0,0
BRDA:25,1,0,0
BRDA:26,2,0,37
BRDA:27,3,0,41
BRDA:42,4,0,20
BRDA:56,5,0,4
BRDA:68,6,0,11
BRDA:87,7,0,3
BRDA:99,8,0,0
BRDA:99,8,1,3
BRF:10
BRH:7
end_of_record
TN:
SF:src\ledger\envelopeLedger.ts
FN:84,weeksInMonth
FN:115,carryoverRawRows
FN:138,expenseRawRows
FN:166,orderRows
FN:168,(anonymous_4)
FN:179,envelopeLedger
FN:184,(anonymous_6)
FN:201,(anonymous_7)
FN:205,(anonymous_8)
FN:210,(anonymous_9)
FN:222,(anonymous_10)
FN:228,(anonymous_11)
FNF:12
FNH:12
FNDA:2,weeksInMonth
FNDA:66,carryoverRawRows
FNDA:66,expenseRawRows
FNDA:66,orderRows
FNDA:23,(anonymous_4)
FNDA:66,envelopeLedger
FNDA:93,(anonymous_6)
FNDA:2,(anonymous_7)
FNDA:2,(anonymous_8)
FNDA:1,(anonymous_9)
FNDA:87,(anonymous_10)
FNDA:57,(anonymous_11)
DA:35,3
DA:36,3
DA:37,3
DA:85,2
DA:86,2
DA:87,2
DA:88,2
DA:89,8
DA:90,8
DA:92,2
DA:98,3
DA:120,66
DA:121,66
DA:122,170
DA:123,89
DA:124,30
DA:125,30
DA:126,30
DA:134,66
DA:143,66
DA:144,66
DA:145,66
DA:146,60
DA:147,27
DA:155,66
DA:158,3
DA:167,66
DA:169,23
DA:179,3
DA:183,66
DA:184,93
DA:185,66
DA:186,66
DA:193,66
DA:194,2
DA:195,2
DA:196,2
DA:201,2
DA:202,2
DA:203,2
DA:205,2
DA:206,2
DA:207,2
DA:208,2
DA:210,2
DA:211,2
DA:212,2
DA:214,64
DA:215,64
DA:218,64
DA:219,64
DA:220,64
DA:222,87
DA:223,64
DA:224,64
DA:227,66
DA:228,66
DA:229,57
DA:230,57
DA:239,66
LF:60
LH:60
BRDA:86,0,0,2
BRDA:122,1,0,81
BRDA:123,2,0,59
BRDA:125,3,0,0
BRDA:146,4,0,33
BRDA:146,5,0,60
BRDA:146,5,1,48
BRDA:150,6,0,2
BRDA:150,6,1,25
BRDA:150,7,0,27
BRDA:150,7,1,2
BRDA:169,8,0,23
BRDA:169,8,1,18
BRDA:169,8,2,3
BRDA:169,9,0,3
BRDA:169,9,1,20
BRDA:169,10,0,2
BRDA:169,10,1,18
BRDA:171,11,0,0
BRDA:171,11,1,3
BRDA:171,12,0,3
BRDA:171,12,1,0
BRDA:185,13,0,66
BRDA:185,13,1,0
BRDA:193,14,0,2
BRDA:193,14,1,64
BRDA:196,15,0,2
BRDA:196,15,1,0
BRDA:202,16,0,2
BRDA:202,16,1,0
BRDA:203,17,0,2
BRDA:203,17,1,0
BRDA:206,18,0,2
BRDA:206,18,1,0
BRDA:207,19,0,2
BRDA:207,19,1,0
BRF:36
BRH:27
end_of_record
TN:
SF:src\ledger\index.ts
FN:7,(anonymous_0)
FN:13,(anonymous_1)
FN:18,(anonymous_2)
FNF:3
FNH:2
FNDA:27,(anonymous_0)
FNDA:54,(anonymous_1)
FNDA:0,(anonymous_2)
DA:6,1
DA:7,28
DA:12,1
DA:13,55
DA:18,1
LF:5
LH:5
BRF:0
BRH:0
end_of_record
TN:
SF:src\ledger\insightBacking.ts
FN:35,insightBacking
FNF:1
FNH:1
FNDA:2,insightBacking
DA:15,2
DA:16,2
DA:35,2
DA:39,2
DA:40,1
DA:46,1
LF:6
LH:6
BRDA:39,0,0,1
BRF:1
BRH:1
end_of_record
TN:
SF:src\ledger\safeToSpend.ts
FN:80,safeToSpendBreakdown
FN:82,(anonymous_1)
FN:116,(anonymous_2)
FNF:3
FNH:3
FNDA:42,safeToSpendBreakdown
FNDA:77,(anonymous_1)
FNDA:294,(anonymous_2)
DA:41,3
DA:42,3
DA:80,3
DA:81,42
DA:82,77
DA:84,42
DA:94,42
DA:95,72
DA:96,72
DA:97,72
DA:98,72
DA:99,72
DA:100,72
DA:101,72
DA:102,72
DA:106,42
DA:116,294
DA:119,42
DA:120,42
DA:121,91
DA:130,42
DA:131,42
DA:132,42
DA:133,2
DA:142,42
DA:143,42
DA:144,93
DA:150,42
LF:28
LH:28
BRDA:122,0,0,56
BRDA:122,0,1,35
BRDA:132,1,0,2
BRDA:145,2,0,56
BRDA:145,2,1,37
BRF:5
BRH:5
end_of_record
TN:
SF:src\projections\index.ts
FN:6,(anonymous_0)
FN:6,(anonymous_1)
FN:8,(anonymous_2)
FN:9,(anonymous_3)
FN:10,(anonymous_4)
FN:11,(anonymous_5)
FN:12,(anonymous_6)
FN:13,(anonymous_7)
FNF:8
FNH:0
FNDA:0,(anonymous_0)
FNDA:0,(anonymous_1)
FNDA:0,(anonymous_2)
FNDA:0,(anonymous_3)
FNDA:0,(anonymous_4)
FNDA:0,(anonymous_5)
FNDA:0,(anonymous_6)
FNDA:0,(anonymous_7)
DA:6,0
DA:7,0
DA:8,0
DA:9,0
DA:10,0
DA:11,0
DA:12,0
DA:13,0
LF:8
LH:0
BRF:0
BRH:0
end_of_record
TN:
SF:src\projections\median.ts
FN:31,lowerMedianCents
FN:33,(anonymous_1)
FN:46,trailingCalendarMonths
FNF:3
FNH:3
FNDA:17,lowerMedianCents
FNDA:32,(anonymous_1)
FNDA:11,trailingCalendarMonths
DA:31,2
DA:32,17
DA:33,32
DA:34,16
DA:35,16
DA:36,16
DA:46,2
DA:47,11
DA:48,11
DA:49,11
DA:51,30
DA:52,30
DA:53,30
DA:54,30
DA:56,11
LF:15
LH:15
BRDA:32,0,0,1
BRDA:35,1,0,11
BRDA:35,1,1,5
BRF:3
BRH:3
end_of_record
TN:
SF:src\projections\project.ts
FN:24,toDate
FN:28,fmt
FN:34,addDaysISO
FN:40,mondayOfISO
FN:46,monthKeyOfISO
FN:50,daysInMonth
FN:55,lastDayOfMonth
FN:89,weeklyFromMonthly
FN:101,billsDueInWeek
FN:126,stepSavings
FN:156,fundingDate
FN:199,medianWeeklyRates
FN:209,(anonymous_12)
FN:210,(anonymous_13)
FN:223,(anonymous_14)
FN:227,(anonymous_15)
FN:237,(anonymous_16)
FN:246,activeBills
FN:249,(anonymous_18)
FN:250,(anonymous_19)
FN:254,totalSavings
FN:261,(anonymous_21)
FN:262,(anonymous_22)
FN:271,projectSavings
FN:295,projectGoalFunding
FN:304,(anonymous_25)
FNF:26
FNH:23
FNDA:42,toDate
FNDA:42,fmt
FNDA:38,addDaysISO
FNDA:4,mondayOfISO
FNDA:96,monthKeyOfISO
FNDA:32,daysInMonth
FNDA:6,lastDayOfMonth
FNDA:12,weeklyFromMonthly
FNDA:21,billsDueInWeek
FNDA:4,stepSavings
FNDA:8,fundingDate
FNDA:6,medianWeeklyRates
FNDA:24,(anonymous_12)
FNDA:18,(anonymous_13)
FNDA:12,(anonymous_14)
FNDA:4,(anonymous_15)
FNDA:12,(anonymous_16)
FNDA:5,activeBills
FNDA:0,(anonymous_18)
FNDA:0,(anonymous_19)
FNDA:2,totalSavings
FNDA:3,(anonymous_21)
FNDA:2,(anonymous_22)
FNDA:4,projectSavings
FNDA:4,projectGoalFunding
FNDA:0,(anonymous_25)
DA:16,1
DA:17,1
DA:19,1
DA:25,42
DA:26,42
DA:29,42
DA:30,42
DA:31,42
DA:32,42
DA:35,38
DA:36,38
DA:37,38
DA:41,4
DA:42,4
DA:43,4
DA:44,4
DA:47,96
DA:51,32
DA:52,32
DA:56,6
DA:89,1
DA:91,12
DA:101,1
DA:102,21
DA:103,21
DA:104,21
DA:105,21
DA:106,23
DA:107,22
DA:108,26
DA:109,26
DA:110,26
DA:111,8
DA:112,8
DA:116,21
DA:126,1
DA:134,4
DA:135,4
DA:138,4
DA:139,4
DA:140,15
DA:141,15
DA:142,15
DA:143,15
DA:144,15
DA:146,4
DA:156,1
DA:162,8
DA:163,8
DA:164,1
DA:166,7
DA:167,7
DA:168,2
DA:170,5
DA:171,3
DA:173,2
DA:174,2
DA:203,6
DA:204,6
DA:205,6
DA:206,6
DA:207,6
DA:209,24
DA:210,18
DA:211,6
DA:212,2
DA:216,4
DA:217,12
DA:218,4
DA:219,24
DA:220,12
DA:221,12
DA:223,12
DA:224,4
DA:227,4
DA:228,4
DA:229,4
DA:230,4
DA:231,12
DA:232,4
DA:233,24
DA:234,12
DA:235,12
DA:237,12
DA:238,4
DA:240,4
DA:242,4
DA:247,5
DA:249,0
DA:250,0
DA:258,2
DA:261,3
DA:262,2
DA:271,1
DA:272,4
DA:273,2
DA:275,2
DA:276,2
DA:277,2
DA:295,1
DA:296,4
DA:297,4
DA:298,4
DA:300,4
DA:301,1
DA:303,3
DA:304,0
DA:306,3
DA:308,3
LF:109
LH:106
BRDA:106,0,0,1
BRDA:110,1,0,8
BRDA:110,2,0,26
BRDA:110,2,1,16
BRDA:163,3,0,1
BRDA:167,4,0,2
BRDA:170,5,0,3
BRDA:211,6,0,2
BRDA:219,7,0,12
BRDA:221,8,0,12
BRDA:224,9,0,0
BRDA:224,9,1,4
BRDA:233,10,0,12
BRDA:233,11,0,24
BRDA:233,11,1,12
BRDA:235,12,0,12
BRDA:238,13,0,0
BRDA:238,13,1,4
BRDA:272,14,0,2
BRDA:272,15,0,4
BRDA:272,15,1,3
BRDA:300,16,0,1
BRF:22
BRH:20
end_of_record
TN:
SF:src\store\index.ts
FN:64,(anonymous_9)
FN:70,toDate
FN:74,fmt
FN:80,addDays
FN:86,mondayOf
FN:93,monthOfWeek
FN:97,monthKeyOf
FN:101,firstOfMonth
FN:105,nextMonthKey
FN:112,weeksInMonth
FN:122,inRange
FN:221,withTransaction
FN:251,toEnvelope
FN:260,toCategoryConfig
FN:273,assertCadence
FN:279,toAccountConfig
FN:289,toMerchantCorrection
FN:297,toRecurringBill
FN:308,toGoal
FN:370,(anonymous_28)
FN:372,(anonymous_29)
FN:378,(anonymous_30)
FN:379,(anonymous_31)
FN:381,(anonymous_32)
FN:382,(anonymous_33)
FN:382,(anonymous_34)
FN:384,(anonymous_35)
FN:384,(anonymous_36)
FN:386,(anonymous_37)
FN:387,(anonymous_38)
FN:392,(anonymous_39)
FN:393,(anonymous_40)
FN:397,(anonymous_41)
FN:403,(anonymous_42)
FN:404,(anonymous_43)
FN:412,(anonymous_44)
FN:421,(anonymous_45)
FN:425,(anonymous_46)
FN:430,(anonymous_47)
FN:433,(anonymous_48)
FN:437,(anonymous_49)
FN:442,(anonymous_50)
FN:445,(anonymous_51)
FN:478,(anonymous_52)
FN:480,(anonymous_53)
FN:486,(anonymous_54)
FN:488,(anonymous_55)
FN:493,(anonymous_56)
FN:494,(anonymous_57)
FN:514,(anonymous_58)
FN:535,(anonymous_59)
FN:563,(anonymous_60)
FN:564,(anonymous_61)
FN:569,(anonymous_62)
FN:577,(anonymous_63)
FN:589,(anonymous_64)
FN:595,(anonymous_65)
FN:605,(anonymous_66)
FN:608,(anonymous_67)
FN:611,(anonymous_68)
FN:614,(anonymous_69)
FN:618,(anonymous_70)
FN:621,(anonymous_71)
FN:623,(anonymous_72)
FN:629,(anonymous_73)
FN:635,(anonymous_74)
FN:637,(anonymous_75)
FN:643,(anonymous_76)
FN:656,(anonymous_77)
FN:657,(anonymous_78)
FN:660,(anonymous_79)
FN:666,(anonymous_80)
FN:690,(anonymous_81)
FN:699,(anonymous_82)
FN:711,(anonymous_83)
FN:712,(anonymous_84)
FN:754,(anonymous_85)
FN:755,(anonymous_86)
FN:767,(anonymous_87)
FN:770,(anonymous_88)
FN:771,(anonymous_89)
FN:774,(anonymous_90)
FN:776,(anonymous_91)
FN:776,(anonymous_92)
FN:786,(anonymous_93)
FN:800,(anonymous_94)
FN:809,(anonymous_95)
FN:810,(anonymous_96)
FN:813,(anonymous_97)
FN:817,(anonymous_98)
FN:820,(anonymous_99)
FN:826,(anonymous_100)
FN:829,(anonymous_101)
FN:833,(anonymous_102)
FN:844,(anonymous_103)
FN:847,(anonymous_104)
FN:850,(anonymous_105)
FN:851,(anonymous_106)
FN:864,(anonymous_107)
FN:866,(anonymous_108)
FN:870,(anonymous_109)
FN:872,(anonymous_110)
FN:878,(anonymous_111)
FN:879,(anonymous_112)
FN:905,(anonymous_113)
FN:906,(anonymous_114)
FN:908,(anonymous_115)
FN:934,(anonymous_116)
FN:935,(anonymous_117)
FN:965,(anonymous_118)
FN:973,(anonymous_119)
FN:984,(anonymous_120)
FN:990,(anonymous_121)
FN:993,(anonymous_122)
FN:1006,(anonymous_123)
FN:1007,(anonymous_124)
FN:1017,(anonymous_125)
FN:1021,(anonymous_126)
FN:1044,(anonymous_127)
FN:1045,(anonymous_128)
FN:1051,(anonymous_129)
FN:1055,(anonymous_130)
FN:1082,(anonymous_131)
FN:1087,(anonymous_132)
FN:1105,(anonymous_133)
FN:1106,(anonymous_134)
FN:1125,(anonymous_135)
FN:1134,(anonymous_136)
FN:1137,(anonymous_137)
FN:1165,(anonymous_138)
FN:1176,(anonymous_139)
FN:1203,(anonymous_140)
FN:1204,(anonymous_141)
FN:1222,(anonymous_142)
FN:1244,(anonymous_143)
FN:1255,(anonymous_144)
FN:1282,(anonymous_145)
FN:1283,(anonymous_146)
FN:1300,(anonymous_147)
FN:1314,(anonymous_148)
FN:1319,(anonymous_149)
FN:1339,(anonymous_150)
FN:1341,(anonymous_151)
FN:1349,(anonymous_152)
FN:1354,(anonymous_153)
FN:1358,(anonymous_154)
FN:1359,(anonymous_155)
FN:1396,(anonymous_156)
FN:1398,(anonymous_157)
FN:1409,(anonymous_158)
FN:1411,(anonymous_159)
FN:1421,(anonymous_160)
FN:1424,(anonymous_161)
FN:1432,(anonymous_162)
FN:1438,(anonymous_163)
FN:1447,(anonymous_164)
FN:1483,(anonymous_165)
FN:1491,(anonymous_166)
FN:1523,(anonymous_167)
FN:1534,(anonymous_168)
FN:1535,(anonymous_169)
FN:1536,(anonymous_170)
FN:1584,(anonymous_171)
FN:1620,(anonymous_172)
FN:1653,(anonymous_173)
FN:1665,(anonymous_174)
FN:1666,(anonymous_175)
FN:1667,(anonymous_176)
FN:1668,(anonymous_177)
FN:1674,(anonymous_178)
FN:1675,(anonymous_179)
FN:1679,(anonymous_180)
FN:1679,(anonymous_181)
FN:1684,(anonymous_182)
FN:1685,(anonymous_183)
FN:1694,(anonymous_184)
FN:1695,(anonymous_185)
FN:1701,(anonymous_186)
FN:1703,(anonymous_187)
FN:1704,(anonymous_188)
FN:1707,(anonymous_189)
FN:1717,(anonymous_190)
FN:1725,(anonymous_191)
FN:1733,(anonymous_192)
FN:1755,(anonymous_193)
FN:1758,(anonymous_194)
FN:1759,(anonymous_195)
FN:1764,(anonymous_196)
FN:1767,(anonymous_197)
FN:1768,(anonymous_198)
FN:1777,(anonymous_199)
FN:1779,(anonymous_200)
FN:1782,(anonymous_201)
FN:1783,(anonymous_202)
FN:1786,(anonymous_203)
FN:1797,(anonymous_204)
FN:1798,(anonymous_205)
FN:1801,(anonymous_206)
FN:1813,(anonymous_207)
FN:1814,(anonymous_208)
FN:1817,(anonymous_209)
FN:1819,(anonymous_210)
FN:1836,(anonymous_211)
FN:1851,(anonymous_212)
FN:1854,(anonymous_213)
FN:1863,(anonymous_214)
FN:1880,toCarryoverEntry
FN:1894,toTransactionRecord
FNF:208
FNH:199
FNDA:2738,(anonymous_9)
FNDA:1785,toDate
FNDA:1788,fmt
FNDA:1545,addDays
FNDA:228,mondayOf
FNDA:881,monthOfWeek
FNDA:20,monthKeyOf
FNDA:34,firstOfMonth
FNDA:20,nextMonthKey
FNDA:109,weeksInMonth
FNDA:1412,inRange
FNDA:767,withTransaction
FNDA:1100,toEnvelope
FNDA:273,toCategoryConfig
FNDA:28,assertCadence
FNDA:18,toAccountConfig
FNDA:5,toMerchantCorrection
FNDA:2,toRecurringBill
FNDA:1,toGoal
FNDA:15,(anonymous_28)
FNDA:565,(anonymous_29)
FNDA:544,(anonymous_30)
FNDA:1649,(anonymous_31)
FNDA:2726,(anonymous_32)
FNDA:1554,(anonymous_33)
FNDA:318,(anonymous_34)
FNDA:1095,(anonymous_35)
FNDA:3621,(anonymous_36)
FNDA:916,(anonymous_37)
FNDA:1171,(anonymous_38)
FNDA:194,(anonymous_39)
FNDA:255,(anonymous_40)
FNDA:214,(anonymous_41)
FNDA:6,(anonymous_42)
FNDA:6,(anonymous_43)
FNDA:538,(anonymous_44)
FNDA:24,(anonymous_45)
FNDA:73,(anonymous_46)
FNDA:90,(anonymous_47)
FNDA:889,(anonymous_48)
FNDA:3036,(anonymous_49)
FNDA:247,(anonymous_50)
FNDA:534,(anonymous_51)
FNDA:82,(anonymous_52)
FNDA:355,(anonymous_53)
FNDA:23,(anonymous_54)
FNDA:48,(anonymous_55)
FNDA:46,(anonymous_56)
FNDA:68,(anonymous_57)
FNDA:12,(anonymous_58)
FNDA:15,(anonymous_59)
FNDA:92,(anonymous_60)
FNDA:16,(anonymous_61)
FNDA:3,(anonymous_62)
FNDA:3,(anonymous_63)
FNDA:913,(anonymous_64)
FNDA:787,(anonymous_65)
FNDA:682,(anonymous_66)
FNDA:600,(anonymous_67)
FNDA:638,(anonymous_68)
FNDA:341,(anonymous_69)
FNDA:3,(anonymous_70)
FNDA:12,(anonymous_71)
FNDA:9,(anonymous_72)
FNDA:139,(anonymous_73)
FNDA:25,(anonymous_74)
FNDA:17,(anonymous_75)
FNDA:137,(anonymous_76)
FNDA:169,(anonymous_77)
FNDA:169,(anonymous_78)
FNDA:25,(anonymous_79)
FNDA:15,(anonymous_80)
FNDA:680,(anonymous_81)
FNDA:596,(anonymous_82)
FNDA:634,(anonymous_83)
FNDA:626,(anonymous_84)
FNDA:18,(anonymous_85)
FNDA:31,(anonymous_86)
FNDA:13,(anonymous_87)
FNDA:80,(anonymous_88)
FNDA:24,(anonymous_89)
FNDA:17,(anonymous_90)
FNDA:34,(anonymous_91)
FNDA:17,(anonymous_92)
FNDA:95,(anonymous_93)
FNDA:13,(anonymous_94)
FNDA:8,(anonymous_95)
FNDA:19,(anonymous_96)
FNDA:7,(anonymous_97)
FNDA:36,(anonymous_98)
FNDA:127,(anonymous_99)
FNDA:10,(anonymous_100)
FNDA:81,(anonymous_101)
FNDA:24,(anonymous_102)
FNDA:24,(anonymous_103)
FNDA:25,(anonymous_104)
FNDA:20,(anonymous_105)
FNDA:24,(anonymous_106)
FNDA:20,(anonymous_107)
FNDA:8,(anonymous_108)
FNDA:11,(anonymous_109)
FNDA:11,(anonymous_110)
FNDA:3,(anonymous_111)
FNDA:2,(anonymous_112)
FNDA:4,(anonymous_113)
FNDA:4,(anonymous_114)
FNDA:10,(anonymous_115)
FNDA:1,(anonymous_116)
FNDA:1,(anonymous_117)
FNDA:153,(anonymous_118)
FNDA:1,(anonymous_119)
FNDA:0,(anonymous_120)
FNDA:155,(anonymous_121)
FNDA:155,(anonymous_122)
FNDA:2,(anonymous_123)
FNDA:2,(anonymous_124)
FNDA:137,(anonymous_125)
FNDA:137,(anonymous_126)
FNDA:0,(anonymous_127)
FNDA:0,(anonymous_128)
FNDA:30,(anonymous_129)
FNDA:30,(anonymous_130)
FNDA:145,(anonymous_131)
FNDA:144,(anonymous_132)
FNDA:4,(anonymous_133)
FNDA:4,(anonymous_134)
FNDA:4,(anonymous_135)
FNDA:1,(anonymous_136)
FNDA:3,(anonymous_137)
FNDA:11,(anonymous_138)
FNDA:9,(anonymous_139)
FNDA:2,(anonymous_140)
FNDA:2,(anonymous_141)
FNDA:2,(anonymous_142)
FNDA:10,(anonymous_143)
FNDA:7,(anonymous_144)
FNDA:2,(anonymous_145)
FNDA:1,(anonymous_146)
FNDA:1,(anonymous_147)
FNDA:116,(anonymous_148)
FNDA:116,(anonymous_149)
FNDA:30,(anonymous_150)
FNDA:30,(anonymous_151)
FNDA:38,(anonymous_152)
FNDA:30,(anonymous_153)
FNDA:38,(anonymous_154)
FNDA:38,(anonymous_155)
FNDA:0,(anonymous_156)
FNDA:0,(anonymous_157)
FNDA:7,(anonymous_158)
FNDA:7,(anonymous_159)
FNDA:7,(anonymous_160)
FNDA:5,(anonymous_161)
FNDA:5,(anonymous_162)
FNDA:15,(anonymous_163)
FNDA:14,(anonymous_164)
FNDA:18,(anonymous_165)
FNDA:18,(anonymous_166)
FNDA:8,(anonymous_167)
FNDA:9,(anonymous_168)
FNDA:0,(anonymous_169)
FNDA:8,(anonymous_170)
FNDA:54,(anonymous_171)
FNDA:48,(anonymous_172)
FNDA:32,(anonymous_173)
FNDA:11,(anonymous_174)
FNDA:171,(anonymous_175)
FNDA:4,(anonymous_176)
FNDA:85,(anonymous_177)
FNDA:6,(anonymous_178)
FNDA:7,(anonymous_179)
FNDA:2,(anonymous_180)
FNDA:2,(anonymous_181)
FNDA:7,(anonymous_182)
FNDA:9,(anonymous_183)
FNDA:4,(anonymous_184)
FNDA:4,(anonymous_185)
FNDA:102,(anonymous_186)
FNDA:212,(anonymous_187)
FNDA:85,(anonymous_188)
FNDA:16,(anonymous_189)
FNDA:11,(anonymous_190)
FNDA:358,(anonymous_191)
FNDA:11,(anonymous_192)
FNDA:92,(anonymous_193)
FNDA:167,(anonymous_194)
FNDA:150,(anonymous_195)
FNDA:35,(anonymous_196)
FNDA:32,(anonymous_197)
FNDA:44,(anonymous_198)
FNDA:2,(anonymous_199)
FNDA:2,(anonymous_200)
FNDA:3,(anonymous_201)
FNDA:4,(anonymous_202)
FNDA:3,(anonymous_203)
FNDA:9,(anonymous_204)
FNDA:11,(anonymous_205)
FNDA:9,(anonymous_206)
FNDA:1,(anonymous_207)
FNDA:1,(anonymous_208)
FNDA:2,(anonymous_209)
FNDA:1,(anonymous_210)
FNDA:2,(anonymous_211)
FNDA:0,(anonymous_212)
FNDA:0,(anonymous_213)
FNDA:0,(anonymous_214)
FNDA:111,toCarryoverEntry
FNDA:101,toTransactionRecord
DA:19,15
DA:20,15
DA:21,15
DA:22,15
DA:23,15
DA:24,15
DA:33,15
DA:61,15
DA:64,2738
DA:71,1785
DA:72,1785
DA:75,1788
DA:76,1788
DA:77,1788
DA:78,1788
DA:81,1545
DA:82,1545
DA:83,1545
DA:87,228
DA:88,228
DA:89,228
DA:90,228
DA:94,881
DA:98,20
DA:102,34
DA:106,20
DA:107,20
DA:108,20
DA:109,20
DA:113,109
DA:114,109
DA:115,109
DA:116,109
DA:117,469
DA:118,469
DA:120,109
DA:123,1412
DA:126,15
DA:218,15
DA:219,15
DA:221,15
DA:222,767
DA:223,767
DA:224,767
DA:225,767
DA:226,767
DA:227,767
DA:228,767
DA:229,761
DA:230,761
DA:231,761
DA:233,6
DA:234,6
DA:235,0
DA:236,0
DA:238,6
DA:243,6
DA:244,6
DA:252,1100
DA:253,1026
DA:261,273
DA:274,28
DA:275,2
DA:277,26
DA:280,18
DA:290,5
DA:298,2
DA:309,1
DA:370,15
DA:372,15
DA:373,565
DA:374,565
DA:375,565
DA:378,15
DA:379,1649
DA:381,15
DA:382,2726
DA:384,3621
DA:386,15
DA:387,1171
DA:392,15
DA:393,255
DA:394,1
DA:397,15
DA:398,214
DA:399,4
DA:403,15
DA:404,6
DA:405,6
DA:406,6
DA:407,1
DA:412,15
DA:413,538
DA:414,538
DA:415,538
DA:416,538
DA:418,6
DA:419,6
DA:420,6
DA:421,24
DA:425,15
DA:426,73
DA:427,73
DA:428,73
DA:429,41
DA:430,90
DA:433,15
DA:434,889
DA:438,3036
DA:442,247
DA:445,15
DA:446,534
DA:447,534
DA:448,534
DA:449,534
DA:450,534
DA:451,534
DA:452,534
DA:453,534
DA:454,534
DA:463,534
DA:478,15
DA:479,82
DA:481,355
DA:486,15
DA:487,23
DA:488,48
DA:490,23
DA:493,15
DA:494,68
DA:495,46
DA:496,46
DA:497,46
DA:498,163
DA:499,154
DA:500,63
DA:501,28
DA:503,46
DA:508,15
DA:514,15
DA:515,12
DA:516,12
DA:517,12
DA:518,12
DA:519,12
DA:520,12
DA:521,12
DA:522,12
DA:523,0
DA:524,0
DA:525,0
DA:526,0
DA:529,0
DA:535,15
DA:536,15
DA:537,15
DA:538,12
DA:539,12
DA:540,12
DA:541,12
DA:542,108
DA:545,12
DA:563,15
DA:564,92
DA:565,92
DA:566,15
DA:567,15
DA:568,12
DA:569,3
DA:571,12
DA:572,12
DA:573,12
DA:574,12
DA:575,12
DA:576,9
DA:577,3
DA:579,9
DA:580,3
DA:581,3
DA:583,6
DA:585,12
DA:589,15
DA:590,913
DA:591,913
DA:595,913
DA:599,913
DA:602,913
DA:604,913
DA:605,682
DA:607,913
DA:608,600
DA:610,913
DA:611,638
DA:613,913
DA:614,341
DA:617,913
DA:618,3
DA:620,913
DA:621,12
DA:622,913
DA:623,9
DA:625,913
DA:629,139
DA:630,913
DA:633,913
DA:635,25
DA:636,913
DA:637,17
DA:639,913
DA:643,913
DA:656,169
DA:657,169
DA:660,913
DA:666,913
DA:690,913
DA:699,913
DA:710,913
DA:711,634
DA:712,626
DA:731,913
DA:753,15
DA:755,31
DA:768,13
DA:770,80
DA:771,24
DA:775,17
DA:776,34
DA:778,17
DA:780,17
DA:781,17
DA:782,95
DA:784,17
DA:787,95
DA:788,19
DA:789,19
DA:796,16
DA:797,16
DA:798,13
DA:800,13
DA:807,17
DA:810,19
DA:811,8
DA:812,8
DA:813,7
DA:815,8
DA:818,36
DA:821,127
DA:827,10
DA:828,10
DA:829,81
DA:831,81
DA:833,24
DA:834,24
DA:836,10
DA:843,15
DA:845,24
DA:846,24
DA:847,25
DA:848,24
DA:850,20
DA:851,24
DA:864,24
DA:866,24
DA:867,24
DA:871,11
DA:872,11
DA:873,11
DA:876,11
DA:878,3
DA:879,2
DA:881,11
DA:882,10
DA:883,1
DA:885,9
DA:903,10
DA:905,4
DA:906,4
DA:908,10
DA:909,10
DA:910,4
DA:911,1
DA:914,10
DA:915,10
DA:916,3
DA:921,7
DA:931,10
DA:935,1
DA:936,1
DA:938,1
DA:942,15
DA:966,153
DA:967,153
DA:968,153
DA:970,153
DA:974,1
DA:975,1
DA:976,1
DA:978,0
DA:979,0
DA:981,1
DA:984,0
DA:991,155
DA:992,155
DA:993,155
DA:994,155
DA:1002,155
DA:1003,155
DA:1007,2
DA:1008,2
DA:1014,2
DA:1018,137
DA:1019,137
DA:1020,137
DA:1021,137
DA:1022,137
DA:1033,137
DA:1034,137
DA:1045,0
DA:1046,0
DA:1048,0
DA:1052,30
DA:1053,30
DA:1054,30
DA:1055,30
DA:1056,30
DA:1057,30
DA:1068,30
DA:1069,32
DA:1078,30
DA:1079,30
DA:1083,145
DA:1084,145
DA:1085,145
DA:1086,145
DA:1087,144
DA:1088,144
DA:1101,144
DA:1102,144
DA:1106,4
DA:1107,4
DA:1117,4
DA:1126,4
DA:1127,4
DA:1128,0
DA:1130,4
DA:1131,3
DA:1132,3
DA:1133,3
DA:1134,1
DA:1136,3
DA:1137,3
DA:1138,3
DA:1139,3
DA:1140,1
DA:1145,2
DA:1156,3
DA:1157,3
DA:1166,11
DA:1167,11
DA:1168,1
DA:1170,10
DA:1171,1
DA:1173,9
DA:1174,9
DA:1175,9
DA:1176,9
DA:1177,9
DA:1191,9
DA:1192,9
DA:1204,2
DA:1205,0
DA:1207,2
DA:1208,2
DA:1212,0
DA:1214,2
DA:1218,0
DA:1222,2
DA:1223,2
DA:1224,2
DA:1225,2
DA:1226,2
DA:1227,2
DA:1228,2
DA:1229,2
DA:1230,2
DA:1236,2
DA:1245,10
DA:1246,10
DA:1247,9
DA:1248,1
DA:1250,8
DA:1251,8
DA:1252,7
DA:1253,7
DA:1254,7
DA:1255,7
DA:1256,7
DA:1270,7
DA:1271,7
DA:1283,2
DA:1284,1
DA:1286,1
DA:1287,0
DA:1289,1
DA:1293,0
DA:1297,1
DA:1298,0
DA:1300,1
DA:1301,1
DA:1302,1
DA:1303,1
DA:1304,1
DA:1305,1
DA:1306,1
DA:1307,1
DA:1308,1
DA:1310,1
DA:1315,116
DA:1316,116
DA:1317,116
DA:1318,116
DA:1319,116
DA:1320,116
DA:1335,116
DA:1336,116
DA:1340,30
DA:1341,30
DA:1342,30
DA:1343,30
DA:1344,30
DA:1345,30
DA:1347,30
DA:1348,30
DA:1349,38
DA:1351,0
DA:1352,0
DA:1354,30
DA:1355,30
DA:1356,30
DA:1358,38
DA:1359,30
DA:1360,38
DA:1376,0
DA:1392,30
DA:1393,30
DA:1397,0
DA:1398,0
DA:1399,0
DA:1400,0
DA:1401,0
DA:1402,0
DA:1403,0
DA:1404,0
DA:1406,0
DA:1410,7
DA:1411,7
DA:1412,7
DA:1418,7
DA:1420,7
DA:1421,7
DA:1422,7
DA:1424,5
DA:1425,5
DA:1431,5
DA:1432,5
DA:1433,5
DA:1435,7
DA:1439,15
DA:1440,0
DA:1442,15
DA:1443,15
DA:1444,14
DA:1445,14
DA:1446,14
DA:1447,14
DA:1448,14
DA:1449,14
DA:1463,14
DA:1478,11
DA:1479,11
DA:1484,18
DA:1485,18
DA:1486,18
DA:1487,18
DA:1488,18
DA:1489,18
DA:1490,18
DA:1491,18
DA:1492,18
DA:1494,18
DA:1507,18
DA:1520,18
DA:1524,8
DA:1525,8
DA:1526,8
DA:1527,8
DA:1528,8
DA:1534,9
DA:1535,0
DA:1536,8
DA:1537,8
DA:1538,8
DA:1550,8
DA:1551,8
DA:1552,8
DA:1556,8
DA:1557,16
DA:1574,8
DA:1587,54
DA:1588,3
DA:1590,51
DA:1591,49
DA:1592,49
DA:1593,1
DA:1595,48
DA:1606,48
DA:1607,14
DA:1608,14
DA:1609,14
DA:1610,14
DA:1612,34
DA:1613,34
DA:1614,34
DA:1617,48
DA:1618,48
DA:1619,48
DA:1620,48
DA:1621,48
DA:1622,48
DA:1634,48
DA:1647,47
DA:1654,32
DA:1655,31
DA:1656,31
DA:1657,2
DA:1661,29
DA:1665,11
DA:1666,171
DA:1667,4
DA:1669,85
DA:1670,85
DA:1671,84
DA:1674,6
DA:1675,7
DA:1679,2
DA:1685,9
DA:1686,7
DA:1687,7
DA:1689,7
DA:1690,5
DA:1692,2
DA:1694,4
DA:1695,4
DA:1698,7
DA:1702,102
DA:1703,212
DA:1704,85
DA:1708,16
DA:1709,16
DA:1710,17
DA:1711,17
DA:1712,11
DA:1714,16
DA:1718,11
DA:1719,11
DA:1720,54
DA:1722,11
DA:1725,358
DA:1734,11
DA:1735,11
DA:1736,10
DA:1739,10
DA:1740,6
DA:1741,6
DA:1742,6
DA:1744,4
DA:1745,4
DA:1747,10
DA:1748,10
DA:1749,10
DA:1756,92
DA:1758,167
DA:1759,150
DA:1761,92
DA:1765,35
DA:1768,44
DA:1778,2
DA:1779,2
DA:1783,4
DA:1784,0
DA:1786,3
DA:1787,3
DA:1788,3
DA:1789,3
DA:1790,3
DA:1791,3
DA:1792,3
DA:1793,3
DA:1795,3
DA:1798,11
DA:1799,0
DA:1801,9
DA:1802,9
DA:1803,9
DA:1804,9
DA:1805,9
DA:1807,9
DA:1808,8
DA:1809,8
DA:1811,8
DA:1814,1
DA:1815,1
DA:1816,1
DA:1817,2
DA:1819,1
DA:1820,1
DA:1821,1
DA:1822,1
DA:1823,1
DA:1824,1
DA:1825,1
DA:1826,1
DA:1827,1
DA:1828,1
DA:1830,1
DA:1831,1
DA:1833,1
DA:1834,1
DA:1835,1
DA:1836,1
DA:1837,2
DA:1849,1
DA:1852,0
DA:1853,0
DA:1854,0
DA:1855,0
DA:1861,0
DA:1865,0
DA:1866,0
DA:1881,111
DA:1895,101
LF:641
LH:598
BRDA:107,0,0,0
BRDA:107,0,1,20
BRDA:108,1,0,0
BRDA:108,1,1,20
BRDA:114,2,0,107
BRDA:123,3,0,1412
BRDA:123,3,1,662
BRDA:224,4,0,3
BRDA:224,4,1,764
BRDA:225,5,0,3
BRDA:225,5,1,764
BRDA:229,6,0,3
BRDA:229,6,1,758
BRDA:234,7,0,0
BRDA:234,7,1,6
BRDA:252,8,0,74
BRDA:252,9,0,1100
BRDA:252,9,1,1026
BRDA:256,10,0,1026
BRDA:256,10,1,0
BRDA:266,11,0,273
BRDA:266,11,1,0
BRDA:274,12,0,2
BRDA:274,13,0,28
BRDA:274,13,1,24
BRDA:374,14,0,0
BRDA:379,15,0,1649
BRDA:379,15,1,1170
BRDA:393,16,0,1
BRDA:398,17,0,4
BRDA:405,18,0,0
BRDA:406,19,0,1
BRDA:414,20,0,538
BRDA:414,20,1,0
BRDA:415,21,0,0
BRDA:416,22,0,532
BRDA:420,23,0,0
BRDA:427,24,0,73
BRDA:427,24,1,0
BRDA:428,25,0,32
BRDA:429,26,0,20
BRDA:438,27,0,3036
BRDA:438,27,1,2060
BRDA:438,27,2,1180
BRDA:488,28,0,48
BRDA:488,28,1,29
BRDA:495,29,0,0
BRDA:498,30,0,9
BRDA:499,31,0,91
BRDA:500,32,0,35
BRDA:500,32,1,28
BRDA:500,33,0,63
BRDA:500,33,1,38
BRDA:501,34,0,28
BRDA:501,35,0,28
BRDA:501,35,1,9
BRDA:522,36,0,12
BRDA:524,37,0,0
BRDA:537,38,0,3
BRDA:542,39,0,12
BRDA:542,40,0,108
BRDA:542,40,1,96
BRDA:565,41,0,77
BRDA:567,42,0,3
BRDA:569,43,0,3
BRDA:569,43,1,3
BRDA:575,44,0,3
BRDA:577,45,0,3
BRDA:577,45,1,3
BRDA:577,45,2,3
BRDA:579,46,0,3
BRDA:595,47,0,913
BRDA:595,47,1,155
BRDA:595,47,2,153
BRDA:599,48,0,760
BRDA:599,48,1,153
BRDA:605,49,0,682
BRDA:605,49,1,682
BRDA:608,50,0,600
BRDA:608,50,1,600
BRDA:611,51,0,638
BRDA:611,51,1,638
BRDA:614,52,0,341
BRDA:614,52,1,341
BRDA:618,53,0,3
BRDA:618,53,1,3
BRDA:621,54,0,12
BRDA:621,54,1,12
BRDA:623,55,0,9
BRDA:623,55,1,9
BRDA:629,56,0,139
BRDA:629,56,1,139
BRDA:635,57,0,25
BRDA:635,57,1,25
BRDA:637,58,0,17
BRDA:637,58,1,17
BRDA:651,59,0,2
BRDA:651,59,1,135
BRDA:651,60,0,137
BRDA:651,60,1,2
BRDA:693,61,0,177
BRDA:693,61,1,503
BRDA:702,62,0,596
BRDA:702,62,1,0
BRDA:703,63,0,596
BRDA:703,63,1,123
BRDA:704,64,0,405
BRDA:704,64,1,191
BRDA:704,65,0,405
BRDA:704,65,1,0
BRDA:716,66,0,188
BRDA:716,66,1,438
BRDA:718,67,0,92
BRDA:718,67,1,346
BRDA:718,68,0,438
BRDA:718,68,1,392
BRDA:725,69,0,626
BRDA:725,69,1,560
BRDA:743,70,0,913
BRDA:743,70,1,913
BRDA:747,71,0,913
BRDA:747,71,1,913
BRDA:759,72,0,8
BRDA:759,72,1,23
BRDA:762,73,0,23
BRDA:762,73,1,0
BRDA:770,74,0,80
BRDA:770,74,1,31
BRDA:782,75,0,19
BRDA:782,76,0,95
BRDA:782,76,1,19
BRDA:787,77,0,76
BRDA:788,78,0,0
BRDA:789,79,0,3
BRDA:796,80,0,16
BRDA:796,80,1,0
BRDA:797,81,0,3
BRDA:797,82,0,16
BRDA:797,82,1,16
BRDA:821,83,0,127
BRDA:821,83,1,32
BRDA:821,83,2,111
BRDA:821,83,3,36
BRDA:829,84,0,81
BRDA:829,84,1,81
BRDA:866,85,0,0
BRDA:866,85,1,8
BRDA:867,86,0,24
BRDA:867,86,1,8
BRDA:882,87,0,1
BRDA:910,88,0,1
BRDA:915,89,0,3
BRDA:915,89,1,7
BRDA:978,90,0,0
BRDA:978,90,1,0
BRDA:1064,91,0,30
BRDA:1064,91,1,29
BRDA:1065,92,0,30
BRDA:1065,92,1,29
BRDA:1086,93,0,124
BRDA:1086,93,1,21
BRDA:1095,94,0,144
BRDA:1095,94,1,24
BRDA:1096,95,0,144
BRDA:1096,95,1,24
BRDA:1097,96,0,144
BRDA:1097,96,1,24
BRDA:1110,97,0,4
BRDA:1110,97,1,1
BRDA:1111,98,0,4
BRDA:1111,98,1,1
BRDA:1112,99,0,4
BRDA:1112,99,1,1
BRDA:1127,100,0,0
BRDA:1136,101,0,3
BRDA:1136,101,1,2
BRDA:1139,102,0,1
BRDA:1139,102,1,2
BRDA:1161,103,0,3
BRDA:1161,103,1,2
BRDA:1167,104,0,1
BRDA:1167,105,0,11
BRDA:1167,105,1,11
BRDA:1167,105,2,11
BRDA:1170,106,0,1
BRDA:1170,107,0,10
BRDA:1170,107,1,10
BRDA:1204,108,0,0
BRDA:1207,109,0,0
BRDA:1208,110,0,0
BRDA:1209,111,0,2
BRDA:1209,111,1,0
BRDA:1209,111,2,0
BRDA:1209,111,3,0
BRDA:1214,112,0,0
BRDA:1215,113,0,2
BRDA:1215,113,1,0
BRDA:1215,113,2,0
BRDA:1224,114,0,0
BRDA:1225,115,0,0
BRDA:1226,116,0,0
BRDA:1227,117,0,0
BRDA:1228,118,0,2
BRDA:1229,119,0,0
BRDA:1246,120,0,1
BRDA:1247,121,0,1
BRDA:1247,122,0,9
BRDA:1247,122,1,9
BRDA:1250,123,0,8
BRDA:1250,123,1,2
BRDA:1251,124,0,6
BRDA:1283,125,0,1
BRDA:1286,126,0,0
BRDA:1286,127,0,1
BRDA:1286,127,1,0
BRDA:1289,128,0,0
BRDA:1290,129,0,1
BRDA:1290,129,1,0
BRDA:1290,129,2,0
BRDA:1297,130,0,0
BRDA:1302,131,0,0
BRDA:1303,132,0,0
BRDA:1304,133,0,0
BRDA:1305,134,0,1
BRDA:1306,135,0,0
BRDA:1307,136,0,0
BRDA:1328,137,0,116
BRDA:1328,137,1,105
BRDA:1342,138,0,0
BRDA:1343,139,0,30
BRDA:1343,139,1,17
BRDA:1347,140,0,30
BRDA:1347,140,1,0
BRDA:1348,141,0,30
BRDA:1348,141,1,0
BRDA:1352,142,0,0
BRDA:1356,143,0,30
BRDA:1356,143,1,0
BRDA:1379,144,0,0
BRDA:1379,144,1,0
BRDA:1397,145,0,0
BRDA:1400,146,0,0
BRDA:1401,147,0,0
BRDA:1402,148,0,0
BRDA:1403,149,0,0
BRDA:1422,150,0,2
BRDA:1433,151,0,5
BRDA:1433,151,1,5
BRDA:1439,152,0,0
BRDA:1485,153,0,0
BRDA:1525,154,0,0
BRDA:1534,155,0,8
BRDA:1534,155,1,0
BRDA:1534,156,0,9
BRDA:1534,156,1,8
BRDA:1550,157,0,8
BRDA:1587,158,0,3
BRDA:1587,159,0,54
BRDA:1587,159,1,53
BRDA:1592,160,0,1
BRDA:1595,161,0,48
BRDA:1595,161,1,0
BRDA:1606,162,0,14
BRDA:1606,162,1,34
BRDA:1655,163,0,31
BRDA:1655,163,1,0
BRDA:1656,164,0,2
BRDA:1670,165,0,1
BRDA:1686,166,0,0
BRDA:1687,167,0,7
BRDA:1687,167,1,3
BRDA:1689,168,0,5
BRDA:1689,168,1,2
BRDA:1704,169,0,12
BRDA:1704,169,1,73
BRDA:1704,170,0,45
BRDA:1704,170,1,28
BRDA:1710,171,0,0
BRDA:1711,172,0,6
BRDA:1712,173,0,11
BRDA:1712,173,1,11
BRDA:1735,174,0,1
BRDA:1736,175,0,10
BRDA:1736,175,1,0
BRDA:1739,176,0,6
BRDA:1739,176,1,4
BRDA:1742,177,0,6
BRDA:1742,177,1,0
BRDA:1765,178,0,35
BRDA:1765,178,1,0
BRDA:1770,179,0,44
BRDA:1770,179,1,32
BRDA:1778,180,0,2
BRDA:1778,180,1,0
BRDA:1783,181,0,0
BRDA:1788,182,0,3
BRDA:1789,183,0,3
BRDA:1790,184,0,3
BRDA:1791,185,0,3
BRDA:1792,186,0,0
BRDA:1798,187,0,0
BRDA:1803,188,0,5
BRDA:1804,189,0,4
BRDA:1805,190,0,4
BRDA:1805,191,0,1
BRDA:1805,191,1,3
BRDA:1807,192,0,7
BRDA:1808,193,0,0
BRDA:1815,194,0,0
BRDA:1816,195,0,1
BRDA:1822,196,0,1
BRDA:1823,197,0,1
BRDA:1824,198,0,1
BRDA:1827,199,0,1
BRDA:1827,199,1,1
BRDA:1828,200,0,1
BRDA:1828,200,1,1
BRDA:1830,201,0,1
BRDA:1833,202,0,1
BRDA:1853,203,0,0
BRDA:1865,204,0,0
BRDA:1868,205,0,0
BRDA:1868,205,1,0
BRDA:1898,206,0,101
BRDA:1898,206,1,28
BRF:325
BRH:245
end_of_record
